running egg_info
creating ../../build/Arm_Controller/Arm_Controller.egg-info
writing ../../build/Arm_Controller/Arm_Controller.egg-info/PKG-INFO
writing dependency_links to ../../build/Arm_Controller/Arm_Controller.egg-info/dependency_links.txt
writing entry points to ../../build/Arm_Controller/Arm_Controller.egg-info/entry_points.txt
writing requirements to ../../build/Arm_Controller/Arm_Controller.egg-info/requires.txt
writing top-level names to ../../build/Arm_Controller/Arm_Controller.egg-info/top_level.txt
writing manifest file '../../build/Arm_Controller/Arm_Controller.egg-info/SOURCES.txt'
/usr/lib/python3/dist-packages/setuptools/command/install.py:34: SetuptoolsDeprecationWarning: setup.py install is deprecated. Use build and pip and other standards-based tools.
  warnings.warn(
reading manifest file '../../build/Arm_Controller/Arm_Controller.egg-info/SOURCES.txt'
writing manifest file '../../build/Arm_Controller/Arm_Controller.egg-info/SOURCES.txt'
running build
running build_py
creating /home/wujiashu0421/Roarm_ROS/build/Arm_Controller/build
creating /home/wujiashu0421/Roarm_ROS/build/Arm_Controller/build/lib
creating /home/wujiashu0421/Roarm_ROS/build/Arm_Controller/build/lib/Arm_Controller
copying Arm_Controller/__init__.py -> /home/wujiashu0421/Roarm_ROS/build/Arm_Controller/build/lib/Arm_Controller
running install
running install_lib
creating /home/wujiashu0421/Roarm_ROS/install/Arm_Controller/lib/python3.10/site-packages/Arm_Controller
copying /home/wujiashu0421/Roarm_ROS/build/Arm_Controller/build/lib/Arm_Controller/__init__.py -> /home/wujiashu0421/Roarm_ROS/install/Arm_Controller/lib/python3.10/site-packages/Arm_Controller
byte-compiling /home/wujiashu0421/Roarm_ROS/install/Arm_Controller/lib/python3.10/site-packages/Arm_Controller/__init__.py to __init__.cpython-310.pyc
running install_data
creating /home/wujiashu0421/Roarm_ROS/install/Arm_Controller/share/ament_index
creating /home/wujiashu0421/Roarm_ROS/install/Arm_Controller/share/ament_index/resource_index
creating /home/wujiashu0421/Roarm_ROS/install/Arm_Controller/share/ament_index/resource_index/packages
copying resource/Arm_Controller -> /home/wujiashu0421/Roarm_ROS/install/Arm_Controller/share/ament_index/resource_index/packages
copying package.xml -> /home/wujiashu0421/Roarm_ROS/install/Arm_Controller/share/Arm_Controller
running install_egg_info
Copying ../../build/Arm_Controller/Arm_Controller.egg-info to /home/wujiashu0421/Roarm_ROS/install/Arm_Controller/lib/python3.10/site-packages/Arm_Controller-0.0.0-py3.10.egg-info
running install_scripts
writing list of installed files to '/home/wujiashu0421/Roarm_ROS/build/Arm_Controller/install.log'
