[0.966s] Invoking command in '/home/wujiashu0421/Roarm_ROS/build/Arm_Controller': PYTHONPATH=/home/wujiashu0421/Roarm_ROS/build/Arm_Controller/prefix_override:/home/wujiashu0421/Roarm_ROS/install/Arm_Controller/lib/python3.10/site-packages:${PYTHONPATH} /usr/bin/python3 setup.py develop --editable --build-directory /home/wujiashu0421/Roarm_ROS/build/Arm_Controller/build --no-deps install_data
[1.154s] running develop
[1.154s] /usr/lib/python3/dist-packages/setuptools/command/easy_install.py:158: EasyInstallDeprecationWarning: easy_install command is deprecated. Use build and pip and other standards-based tools.
[1.154s]   warnings.warn(
[1.156s] /usr/lib/python3/dist-packages/setuptools/command/install.py:34: SetuptoolsDeprecationWarning: setup.py install is deprecated. Use build and pip and other standards-based tools.
[1.156s]   warnings.warn(
[1.272s] running egg_info
[1.272s] writing Arm_Controller.egg-info/PKG-INFO
[1.272s] writing dependency_links to Arm_Controller.egg-info/dependency_links.txt
[1.273s] writing entry points to Arm_Controller.egg-info/entry_points.txt
[1.273s] writing requirements to Arm_Controller.egg-info/requires.txt
[1.273s] writing top-level names to Arm_Controller.egg-info/top_level.txt
[1.274s] reading manifest file 'Arm_Controller.egg-info/SOURCES.txt'
[1.275s] writing manifest file 'Arm_Controller.egg-info/SOURCES.txt'
[1.275s] running build_ext
[1.276s] Creating /home/wujiashu0421/Roarm_ROS/install/Arm_Controller/lib/python3.10/site-packages/Arm-Controller.egg-link (link to .)
[1.276s] Installing control_node script to /home/wujiashu0421/Roarm_ROS/install/Arm_Controller/lib/Arm_Controller
[1.277s] 
[1.277s] Installed /home/wujiashu0421/Roarm_ROS/build/Arm_Controller
[1.277s] running install_data
[1.360s] Invoked command in '/home/wujiashu0421/Roarm_ROS/build/Arm_Controller' returned '0': PYTHONPATH=/home/wujiashu0421/Roarm_ROS/build/Arm_Controller/prefix_override:/home/wujiashu0421/Roarm_ROS/install/Arm_Controller/lib/python3.10/site-packages:${PYTHONPATH} /usr/bin/python3 setup.py develop --editable --build-directory /home/wujiashu0421/Roarm_ROS/build/Arm_Controller/build --no-deps install_data
