[0.832s] DEBUG:colcon:Command line arguments: ['/usr/bin/colcon', 'build']
[0.832s] DEBUG:colcon:Parsed command line arguments: Namespace(log_base=None, log_level=None, verb_name='build', build_base='build', install_base='install', merge_install=False, symlink_install=False, test_result_base=None, continue_on_error=False, executor='parallel', parallel_workers=8, event_handlers=None, ignore_user_meta=False, metas=['./colcon.meta'], base_paths=['.'], packages_ignore=None, packages_ignore_regex=None, paths=None, packages_up_to=None, packages_up_to_regex=None, packages_above=None, packages_above_and_dependencies=None, packages_above_depth=None, packages_select_by_dep=None, packages_skip_by_dep=None, packages_skip_up_to=None, packages_select_build_failed=False, packages_skip_build_finished=False, packages_select_test_failures=False, packages_skip_test_passed=False, packages_select=None, packages_skip=None, packages_select_regex=None, packages_skip_regex=None, packages_start=None, packages_end=None, allow_overriding=[], cmake_args=None, cmake_target=None, cmake_target_skip_unavailable=False, cmake_clean_cache=False, cmake_clean_first=False, cmake_force_configure=False, ament_cmake_args=None, catkin_cmake_args=None, catkin_skip_building_tests=False, verb_parser=<colcon_defaults.argument_parser.defaults.DefaultArgumentsDecorator object at 0x7fb9f650d060>, verb_extension=<colcon_core.verb.build.BuildVerb object at 0x7fb9f67964d0>, main=<bound method BuildVerb.main of <colcon_core.verb.build.BuildVerb object at 0x7fb9f67964d0>>)
[0.872s] Level 1:colcon.colcon_core.package_discovery:discover_packages(colcon_meta) check parameters
[0.872s] Level 1:colcon.colcon_core.package_discovery:discover_packages(recursive) check parameters
[0.872s] Level 1:colcon.colcon_core.package_discovery:discover_packages(ignore) check parameters
[0.872s] Level 1:colcon.colcon_core.package_discovery:discover_packages(path) check parameters
[0.872s] Level 1:colcon.colcon_core.package_discovery:discover_packages(colcon_meta) discover
[0.872s] Level 1:colcon.colcon_core.package_discovery:discover_packages(recursive) discover
[0.872s] INFO:colcon.colcon_core.package_discovery:Crawling recursively for packages in '/home/wujiashu0421/roarm_ws_em0'
[0.872s] Level 1:colcon.colcon_core.package_identification:_identify(.) by extensions ['ignore', 'ignore_ament_install']
[0.873s] Level 1:colcon.colcon_core.package_identification:_identify(.) by extension 'ignore'
[0.873s] Level 1:colcon.colcon_core.package_identification:_identify(.) by extension 'ignore_ament_install'
[0.873s] Level 1:colcon.colcon_core.package_identification:_identify(.) by extensions ['colcon_pkg']
[0.873s] Level 1:colcon.colcon_core.package_identification:_identify(.) by extension 'colcon_pkg'
[0.873s] Level 1:colcon.colcon_core.package_identification:_identify(.) by extensions ['colcon_meta']
[0.873s] Level 1:colcon.colcon_core.package_identification:_identify(.) by extension 'colcon_meta'
[0.873s] Level 1:colcon.colcon_core.package_identification:_identify(.) by extensions ['ros']
[0.873s] Level 1:colcon.colcon_core.package_identification:_identify(.) by extension 'ros'
[0.883s] Level 1:colcon.colcon_core.package_identification:_identify(.) by extensions ['cmake', 'python']
[0.883s] Level 1:colcon.colcon_core.package_identification:_identify(.) by extension 'cmake'
[0.884s] Level 1:colcon.colcon_core.package_identification:_identify(.) by extension 'python'
[0.884s] Level 1:colcon.colcon_core.package_identification:_identify(.) by extensions ['python_setup_py']
[0.884s] Level 1:colcon.colcon_core.package_identification:_identify(.) by extension 'python_setup_py'
[0.884s] Level 1:colcon.colcon_core.package_identification:_identify(build) by extensions ['ignore', 'ignore_ament_install']
[0.884s] Level 1:colcon.colcon_core.package_identification:_identify(build) by extension 'ignore'
[0.884s] Level 1:colcon.colcon_core.package_identification:_identify(build) ignored
[0.884s] Level 1:colcon.colcon_core.package_identification:_identify(install) by extensions ['ignore', 'ignore_ament_install']
[0.884s] Level 1:colcon.colcon_core.package_identification:_identify(install) by extension 'ignore'
[0.884s] Level 1:colcon.colcon_core.package_identification:_identify(install) ignored
[0.884s] Level 1:colcon.colcon_core.package_identification:_identify(log) by extensions ['ignore', 'ignore_ament_install']
[0.884s] Level 1:colcon.colcon_core.package_identification:_identify(log) by extension 'ignore'
[0.884s] Level 1:colcon.colcon_core.package_identification:_identify(log) ignored
[0.884s] Level 1:colcon.colcon_core.package_identification:_identify(src) by extensions ['ignore', 'ignore_ament_install']
[0.884s] Level 1:colcon.colcon_core.package_identification:_identify(src) by extension 'ignore'
[0.884s] Level 1:colcon.colcon_core.package_identification:_identify(src) by extension 'ignore_ament_install'
[0.884s] Level 1:colcon.colcon_core.package_identification:_identify(src) by extensions ['colcon_pkg']
[0.884s] Level 1:colcon.colcon_core.package_identification:_identify(src) by extension 'colcon_pkg'
[0.885s] Level 1:colcon.colcon_core.package_identification:_identify(src) by extensions ['colcon_meta']
[0.885s] Level 1:colcon.colcon_core.package_identification:_identify(src) by extension 'colcon_meta'
[0.885s] Level 1:colcon.colcon_core.package_identification:_identify(src) by extensions ['ros']
[0.885s] Level 1:colcon.colcon_core.package_identification:_identify(src) by extension 'ros'
[0.885s] Level 1:colcon.colcon_core.package_identification:_identify(src) by extensions ['cmake', 'python']
[0.885s] Level 1:colcon.colcon_core.package_identification:_identify(src) by extension 'cmake'
[0.885s] Level 1:colcon.colcon_core.package_identification:_identify(src) by extension 'python'
[0.885s] Level 1:colcon.colcon_core.package_identification:_identify(src) by extensions ['python_setup_py']
[0.885s] Level 1:colcon.colcon_core.package_identification:_identify(src) by extension 'python_setup_py'
[0.885s] Level 1:colcon.colcon_core.package_identification:_identify(src/roarm) by extensions ['ignore', 'ignore_ament_install']
[0.885s] Level 1:colcon.colcon_core.package_identification:_identify(src/roarm) by extension 'ignore'
[0.885s] Level 1:colcon.colcon_core.package_identification:_identify(src/roarm) by extension 'ignore_ament_install'
[0.885s] Level 1:colcon.colcon_core.package_identification:_identify(src/roarm) by extensions ['colcon_pkg']
[0.885s] Level 1:colcon.colcon_core.package_identification:_identify(src/roarm) by extension 'colcon_pkg'
[0.885s] Level 1:colcon.colcon_core.package_identification:_identify(src/roarm) by extensions ['colcon_meta']
[0.885s] Level 1:colcon.colcon_core.package_identification:_identify(src/roarm) by extension 'colcon_meta'
[0.885s] Level 1:colcon.colcon_core.package_identification:_identify(src/roarm) by extensions ['ros']
[0.885s] Level 1:colcon.colcon_core.package_identification:_identify(src/roarm) by extension 'ros'
[0.887s] DEBUG:colcon.colcon_core.package_identification:Package 'src/roarm' with type 'ros.ament_cmake' and name 'roarm'
[0.887s] Level 1:colcon.colcon_core.package_identification:_identify(src/serial_ctrl) by extensions ['ignore', 'ignore_ament_install']
[0.887s] Level 1:colcon.colcon_core.package_identification:_identify(src/serial_ctrl) by extension 'ignore'
[0.887s] Level 1:colcon.colcon_core.package_identification:_identify(src/serial_ctrl) by extension 'ignore_ament_install'
[0.888s] Level 1:colcon.colcon_core.package_identification:_identify(src/serial_ctrl) by extensions ['colcon_pkg']
[0.888s] Level 1:colcon.colcon_core.package_identification:_identify(src/serial_ctrl) by extension 'colcon_pkg'
[0.888s] Level 1:colcon.colcon_core.package_identification:_identify(src/serial_ctrl) by extensions ['colcon_meta']
[0.888s] Level 1:colcon.colcon_core.package_identification:_identify(src/serial_ctrl) by extension 'colcon_meta'
[0.888s] Level 1:colcon.colcon_core.package_identification:_identify(src/serial_ctrl) by extensions ['ros']
[0.888s] Level 1:colcon.colcon_core.package_identification:_identify(src/serial_ctrl) by extension 'ros'
[0.888s] DEBUG:colcon.colcon_core.package_identification:Package 'src/serial_ctrl' with type 'ros.ament_python' and name 'serial_ctrl'
[0.888s] Level 1:colcon.colcon_core.package_discovery:discover_packages(recursive) using defaults
[0.888s] Level 1:colcon.colcon_core.package_discovery:discover_packages(ignore) discover
[0.888s] Level 1:colcon.colcon_core.package_discovery:discover_packages(ignore) using defaults
[0.888s] Level 1:colcon.colcon_core.package_discovery:discover_packages(path) discover
[0.888s] Level 1:colcon.colcon_core.package_discovery:discover_packages(path) using defaults
[0.965s] Level 1:colcon.colcon_core.package_discovery:discover_packages(prefix_path) check parameters
[0.965s] Level 1:colcon.colcon_core.package_discovery:discover_packages(prefix_path) discover
[0.990s] DEBUG:colcon.colcon_installed_package_information.package_discovery:Found 281 installed packages in /opt/ros/iron
[0.991s] Level 1:colcon.colcon_core.package_discovery:discover_packages(prefix_path) using defaults
[1.061s] Level 5:colcon.colcon_core.verb:set package 'roarm' build argument 'cmake_args' from command line to 'None'
[1.062s] Level 5:colcon.colcon_core.verb:set package 'roarm' build argument 'cmake_target' from command line to 'None'
[1.062s] Level 5:colcon.colcon_core.verb:set package 'roarm' build argument 'cmake_target_skip_unavailable' from command line to 'False'
[1.062s] Level 5:colcon.colcon_core.verb:set package 'roarm' build argument 'cmake_clean_cache' from command line to 'False'
[1.062s] Level 5:colcon.colcon_core.verb:set package 'roarm' build argument 'cmake_clean_first' from command line to 'False'
[1.062s] Level 5:colcon.colcon_core.verb:set package 'roarm' build argument 'cmake_force_configure' from command line to 'False'
[1.062s] Level 5:colcon.colcon_core.verb:set package 'roarm' build argument 'ament_cmake_args' from command line to 'None'
[1.062s] Level 5:colcon.colcon_core.verb:set package 'roarm' build argument 'catkin_cmake_args' from command line to 'None'
[1.062s] Level 5:colcon.colcon_core.verb:set package 'roarm' build argument 'catkin_skip_building_tests' from command line to 'False'
[1.062s] DEBUG:colcon.colcon_core.verb:Building package 'roarm' with the following arguments: {'ament_cmake_args': None, 'build_base': '/home/wujiashu0421/roarm_ws_em0/build/roarm', 'catkin_cmake_args': None, 'catkin_skip_building_tests': False, 'cmake_args': None, 'cmake_clean_cache': False, 'cmake_clean_first': False, 'cmake_force_configure': False, 'cmake_target': None, 'cmake_target_skip_unavailable': False, 'install_base': '/home/wujiashu0421/roarm_ws_em0/install/roarm', 'merge_install': False, 'path': '/home/wujiashu0421/roarm_ws_em0/src/roarm', 'symlink_install': False, 'test_result_base': None}
[1.073s] Level 5:colcon.colcon_core.verb:set package 'serial_ctrl' build argument 'cmake_args' from command line to 'None'
[1.073s] Level 5:colcon.colcon_core.verb:set package 'serial_ctrl' build argument 'cmake_target' from command line to 'None'
[1.073s] Level 5:colcon.colcon_core.verb:set package 'serial_ctrl' build argument 'cmake_target_skip_unavailable' from command line to 'False'
[1.073s] Level 5:colcon.colcon_core.verb:set package 'serial_ctrl' build argument 'cmake_clean_cache' from command line to 'False'
[1.073s] Level 5:colcon.colcon_core.verb:set package 'serial_ctrl' build argument 'cmake_clean_first' from command line to 'False'
[1.073s] Level 5:colcon.colcon_core.verb:set package 'serial_ctrl' build argument 'cmake_force_configure' from command line to 'False'
[1.073s] Level 5:colcon.colcon_core.verb:set package 'serial_ctrl' build argument 'ament_cmake_args' from command line to 'None'
[1.073s] Level 5:colcon.colcon_core.verb:set package 'serial_ctrl' build argument 'catkin_cmake_args' from command line to 'None'
[1.073s] Level 5:colcon.colcon_core.verb:set package 'serial_ctrl' build argument 'catkin_skip_building_tests' from command line to 'False'
[1.073s] DEBUG:colcon.colcon_core.verb:Building package 'serial_ctrl' with the following arguments: {'ament_cmake_args': None, 'build_base': '/home/wujiashu0421/roarm_ws_em0/build/serial_ctrl', 'catkin_cmake_args': None, 'catkin_skip_building_tests': False, 'cmake_args': None, 'cmake_clean_cache': False, 'cmake_clean_first': False, 'cmake_force_configure': False, 'cmake_target': None, 'cmake_target_skip_unavailable': False, 'install_base': '/home/wujiashu0421/roarm_ws_em0/install/serial_ctrl', 'merge_install': False, 'path': '/home/wujiashu0421/roarm_ws_em0/src/serial_ctrl', 'symlink_install': False, 'test_result_base': None}
[1.084s] INFO:colcon.colcon_core.executor:Executing jobs using 'parallel' executor
[1.097s] DEBUG:colcon.colcon_parallel_executor.executor.parallel:run_until_complete
[1.097s] INFO:colcon.colcon_ros.task.ament_cmake.build:Building ROS package in '/home/wujiashu0421/roarm_ws_em0/src/roarm' with build type 'ament_cmake'
[1.097s] INFO:colcon.colcon_cmake.task.cmake.build:Building CMake package in '/home/wujiashu0421/roarm_ws_em0/src/roarm'
[1.113s] INFO:colcon.colcon_core.plugin_system:Skipping extension 'colcon_core.shell.bat': Not used on non-Windows systems
[1.113s] INFO:colcon.colcon_core.shell:Skip shell extension 'powershell' for command environment: Not usable outside of PowerShell
[1.113s] DEBUG:colcon.colcon_core.shell:Skip shell extension 'dsv' for command environment
[1.138s] INFO:colcon.colcon_ros.task.ament_python.build:Building ROS package in '/home/wujiashu0421/roarm_ws_em0/src/serial_ctrl' with build type 'ament_python'
[1.138s] Level 1:colcon.colcon_core.shell:create_environment_hook('serial_ctrl', 'ament_prefix_path')
[1.151s] INFO:colcon.colcon_core.shell:Creating environment hook '/home/wujiashu0421/roarm_ws_em0/install/serial_ctrl/share/serial_ctrl/hook/ament_prefix_path.ps1'
[1.151s] INFO:colcon.colcon_core.shell:Creating environment descriptor '/home/wujiashu0421/roarm_ws_em0/install/serial_ctrl/share/serial_ctrl/hook/ament_prefix_path.dsv'
[1.152s] INFO:colcon.colcon_core.shell:Creating environment hook '/home/wujiashu0421/roarm_ws_em0/install/serial_ctrl/share/serial_ctrl/hook/ament_prefix_path.sh'
[1.164s] INFO:colcon.colcon_core.shell:Skip shell extension 'powershell' for command environment: Not usable outside of PowerShell
[1.164s] DEBUG:colcon.colcon_core.shell:Skip shell extension 'dsv' for command environment
[1.196s] DEBUG:colcon.colcon_core.event_handler.log_command:Invoking command in '/home/wujiashu0421/roarm_ws_em0/build/roarm': CMAKE_PREFIX_PATH=/opt/ros/iron /usr/bin/cmake /home/wujiashu0421/roarm_ws_em0/src/roarm -DCMAKE_INSTALL_PREFIX=/home/wujiashu0421/roarm_ws_em0/install/roarm
[1.403s] INFO:colcon.colcon_core.task.python.build:Building Python package in '/home/wujiashu0421/roarm_ws_em0/src/serial_ctrl'
[1.415s] INFO:colcon.colcon_core.shell:Skip shell extension 'powershell' for command environment: Not usable outside of PowerShell
[1.416s] DEBUG:colcon.colcon_core.shell:Skip shell extension 'dsv' for command environment
[1.478s] DEBUG:colcon.colcon_core.event_handler.log_command:Invoked command in '/home/wujiashu0421/roarm_ws_em0/build/roarm' returned '0': CMAKE_PREFIX_PATH=/opt/ros/iron /usr/bin/cmake /home/wujiashu0421/roarm_ws_em0/src/roarm -DCMAKE_INSTALL_PREFIX=/home/wujiashu0421/roarm_ws_em0/install/roarm
[1.479s] DEBUG:colcon.colcon_core.event_handler.log_command:Invoking command in '/home/wujiashu0421/roarm_ws_em0/build/roarm': CMAKE_PREFIX_PATH=/opt/ros/iron /usr/bin/cmake --build /home/wujiashu0421/roarm_ws_em0/build/roarm -- -j8 -l8
[1.504s] DEBUG:colcon.colcon_core.event_handler.log_command:Invoked command in '/home/wujiashu0421/roarm_ws_em0/build/roarm' returned '0': CMAKE_PREFIX_PATH=/opt/ros/iron /usr/bin/cmake --build /home/wujiashu0421/roarm_ws_em0/build/roarm -- -j8 -l8
[1.522s] DEBUG:colcon.colcon_core.event_handler.log_command:Invoking command in '/home/wujiashu0421/roarm_ws_em0/build/roarm': CMAKE_PREFIX_PATH=/opt/ros/iron /usr/bin/cmake --install /home/wujiashu0421/roarm_ws_em0/build/roarm
[1.563s] Level 1:colcon.colcon_core.environment:create_environment_scripts_only(roarm)
[1.563s] DEBUG:colcon.colcon_core.event_handler.log_command:Invoked command in '/home/wujiashu0421/roarm_ws_em0/build/roarm' returned '0': CMAKE_PREFIX_PATH=/opt/ros/iron /usr/bin/cmake --install /home/wujiashu0421/roarm_ws_em0/build/roarm
[1.576s] Level 1:colcon.colcon_core.environment:checking '/home/wujiashu0421/roarm_ws_em0/install/roarm' for CMake module files
[1.576s] Level 1:colcon.colcon_core.environment:checking '/home/wujiashu0421/roarm_ws_em0/install/roarm' for CMake config files
[1.577s] Level 1:colcon.colcon_core.shell:create_environment_hook('roarm', 'cmake_prefix_path')
[1.588s] INFO:colcon.colcon_core.shell:Creating environment hook '/home/wujiashu0421/roarm_ws_em0/install/roarm/share/roarm/hook/cmake_prefix_path.ps1'
[1.588s] INFO:colcon.colcon_core.shell:Creating environment descriptor '/home/wujiashu0421/roarm_ws_em0/install/roarm/share/roarm/hook/cmake_prefix_path.dsv'
[1.588s] INFO:colcon.colcon_core.shell:Creating environment hook '/home/wujiashu0421/roarm_ws_em0/install/roarm/share/roarm/hook/cmake_prefix_path.sh'
[1.589s] Level 1:colcon.colcon_core.environment:checking '/home/wujiashu0421/roarm_ws_em0/install/roarm/bin'
[1.589s] Level 1:colcon.colcon_core.environment:checking '/home/wujiashu0421/roarm_ws_em0/install/roarm/lib/pkgconfig/roarm.pc'
[1.589s] Level 1:colcon.colcon_core.environment:checking '/home/wujiashu0421/roarm_ws_em0/install/roarm/lib/python3.10/site-packages'
[1.589s] Level 1:colcon.colcon_core.environment:checking '/home/wujiashu0421/roarm_ws_em0/install/roarm/bin'
[1.602s] INFO:colcon.colcon_core.shell:Creating package script '/home/wujiashu0421/roarm_ws_em0/install/roarm/share/roarm/package.ps1'
[1.602s] INFO:colcon.colcon_core.shell:Creating package descriptor '/home/wujiashu0421/roarm_ws_em0/install/roarm/share/roarm/package.dsv'
[1.603s] INFO:colcon.colcon_core.shell:Creating package script '/home/wujiashu0421/roarm_ws_em0/install/roarm/share/roarm/package.sh'
[1.603s] INFO:colcon.colcon_core.shell:Creating package script '/home/wujiashu0421/roarm_ws_em0/install/roarm/share/roarm/package.bash'
[1.604s] INFO:colcon.colcon_core.shell:Creating package script '/home/wujiashu0421/roarm_ws_em0/install/roarm/share/roarm/package.zsh'
[1.604s] Level 1:colcon.colcon_core.environment:create_file_with_runtime_dependencies(/home/wujiashu0421/roarm_ws_em0/install/roarm/share/colcon-core/packages/roarm)
[1.629s] Level 1:colcon.colcon_core.environment:create_environment_scripts_only(roarm)
[1.641s] Level 1:colcon.colcon_core.environment:checking '/home/wujiashu0421/roarm_ws_em0/install/roarm' for CMake module files
[1.641s] Level 1:colcon.colcon_core.environment:checking '/home/wujiashu0421/roarm_ws_em0/install/roarm' for CMake config files
[1.641s] Level 1:colcon.colcon_core.shell:create_environment_hook('roarm', 'cmake_prefix_path')
[1.653s] INFO:colcon.colcon_core.shell:Creating environment hook '/home/wujiashu0421/roarm_ws_em0/install/roarm/share/roarm/hook/cmake_prefix_path.ps1'
[1.654s] INFO:colcon.colcon_core.shell:Creating environment descriptor '/home/wujiashu0421/roarm_ws_em0/install/roarm/share/roarm/hook/cmake_prefix_path.dsv'
[1.654s] INFO:colcon.colcon_core.shell:Creating environment hook '/home/wujiashu0421/roarm_ws_em0/install/roarm/share/roarm/hook/cmake_prefix_path.sh'
[1.654s] Level 1:colcon.colcon_core.environment:checking '/home/wujiashu0421/roarm_ws_em0/install/roarm/bin'
[1.655s] Level 1:colcon.colcon_core.environment:checking '/home/wujiashu0421/roarm_ws_em0/install/roarm/lib/pkgconfig/roarm.pc'
[1.655s] Level 1:colcon.colcon_core.environment:checking '/home/wujiashu0421/roarm_ws_em0/install/roarm/lib/python3.10/site-packages'
[1.655s] Level 1:colcon.colcon_core.environment:checking '/home/wujiashu0421/roarm_ws_em0/install/roarm/bin'
[1.678s] INFO:colcon.colcon_core.shell:Creating package script '/home/wujiashu0421/roarm_ws_em0/install/roarm/share/roarm/package.ps1'
[1.678s] INFO:colcon.colcon_core.shell:Creating package descriptor '/home/wujiashu0421/roarm_ws_em0/install/roarm/share/roarm/package.dsv'
[1.678s] INFO:colcon.colcon_core.shell:Creating package script '/home/wujiashu0421/roarm_ws_em0/install/roarm/share/roarm/package.sh'
[1.679s] INFO:colcon.colcon_core.shell:Creating package script '/home/wujiashu0421/roarm_ws_em0/install/roarm/share/roarm/package.bash'
[1.679s] INFO:colcon.colcon_core.shell:Creating package script '/home/wujiashu0421/roarm_ws_em0/install/roarm/share/roarm/package.zsh'
[1.679s] Level 1:colcon.colcon_core.environment:create_file_with_runtime_dependencies(/home/wujiashu0421/roarm_ws_em0/install/roarm/share/colcon-core/packages/roarm)
[1.706s] DEBUG:colcon.colcon_core.event_handler.log_command:Invoking command in '/home/wujiashu0421/roarm_ws_em0/src/serial_ctrl': PYTHONPATH=/home/wujiashu0421/roarm_ws_em0/build/serial_ctrl/prefix_override:/home/wujiashu0421/roarm_ws_em0/install/serial_ctrl/lib/python3.10/site-packages:${PYTHONPATH} /usr/bin/python3 setup.py egg_info --egg-base ../../build/serial_ctrl build --build-base /home/wujiashu0421/roarm_ws_em0/build/serial_ctrl/build install --record /home/wujiashu0421/roarm_ws_em0/build/serial_ctrl/install.log --single-version-externally-managed
[1.925s] DEBUG:colcon.colcon_core.event_handler.log_command:Invoked command in '/home/wujiashu0421/roarm_ws_em0/src/serial_ctrl' returned '0': PYTHONPATH=/home/wujiashu0421/roarm_ws_em0/build/serial_ctrl/prefix_override:/home/wujiashu0421/roarm_ws_em0/install/serial_ctrl/lib/python3.10/site-packages:${PYTHONPATH} /usr/bin/python3 setup.py egg_info --egg-base ../../build/serial_ctrl build --build-base /home/wujiashu0421/roarm_ws_em0/build/serial_ctrl/build install --record /home/wujiashu0421/roarm_ws_em0/build/serial_ctrl/install.log --single-version-externally-managed
[1.938s] Level 1:colcon.colcon_core.environment:checking '/home/wujiashu0421/roarm_ws_em0/install/serial_ctrl' for CMake module files
[1.939s] Level 1:colcon.colcon_core.environment:checking '/home/wujiashu0421/roarm_ws_em0/install/serial_ctrl' for CMake config files
[1.939s] Level 1:colcon.colcon_core.environment:checking '/home/wujiashu0421/roarm_ws_em0/install/serial_ctrl/lib'
[1.939s] Level 1:colcon.colcon_core.environment:checking '/home/wujiashu0421/roarm_ws_em0/install/serial_ctrl/bin'
[1.939s] Level 1:colcon.colcon_core.environment:checking '/home/wujiashu0421/roarm_ws_em0/install/serial_ctrl/lib/pkgconfig/serial_ctrl.pc'
[1.939s] Level 1:colcon.colcon_core.environment:checking '/home/wujiashu0421/roarm_ws_em0/install/serial_ctrl/lib/python3.10/site-packages'
[1.940s] Level 1:colcon.colcon_core.shell:create_environment_hook('serial_ctrl', 'pythonpath')
[1.952s] INFO:colcon.colcon_core.shell:Creating environment hook '/home/wujiashu0421/roarm_ws_em0/install/serial_ctrl/share/serial_ctrl/hook/pythonpath.ps1'
[1.952s] INFO:colcon.colcon_core.shell:Creating environment descriptor '/home/wujiashu0421/roarm_ws_em0/install/serial_ctrl/share/serial_ctrl/hook/pythonpath.dsv'
[1.952s] INFO:colcon.colcon_core.shell:Creating environment hook '/home/wujiashu0421/roarm_ws_em0/install/serial_ctrl/share/serial_ctrl/hook/pythonpath.sh'
[1.953s] Level 1:colcon.colcon_core.environment:checking '/home/wujiashu0421/roarm_ws_em0/install/serial_ctrl/bin'
[1.953s] Level 1:colcon.colcon_core.environment:create_environment_scripts_only(serial_ctrl)
[1.965s] INFO:colcon.colcon_core.shell:Creating package script '/home/wujiashu0421/roarm_ws_em0/install/serial_ctrl/share/serial_ctrl/package.ps1'
[1.966s] INFO:colcon.colcon_core.shell:Creating package descriptor '/home/wujiashu0421/roarm_ws_em0/install/serial_ctrl/share/serial_ctrl/package.dsv'
[1.966s] INFO:colcon.colcon_core.shell:Creating package script '/home/wujiashu0421/roarm_ws_em0/install/serial_ctrl/share/serial_ctrl/package.sh'
[1.966s] INFO:colcon.colcon_core.shell:Creating package script '/home/wujiashu0421/roarm_ws_em0/install/serial_ctrl/share/serial_ctrl/package.bash'
[1.967s] INFO:colcon.colcon_core.shell:Creating package script '/home/wujiashu0421/roarm_ws_em0/install/serial_ctrl/share/serial_ctrl/package.zsh'
[1.967s] Level 1:colcon.colcon_core.environment:create_file_with_runtime_dependencies(/home/wujiashu0421/roarm_ws_em0/install/serial_ctrl/share/colcon-core/packages/serial_ctrl)
[1.967s] DEBUG:colcon.colcon_parallel_executor.executor.parallel:closing loop
[1.968s] DEBUG:colcon.colcon_parallel_executor.executor.parallel:loop closed
[1.968s] DEBUG:colcon.colcon_parallel_executor.executor.parallel:run_until_complete finished with '0'
[1.968s] DEBUG:colcon.colcon_core.event_reactor:joining thread
[1.985s] INFO:colcon.colcon_core.plugin_system:Skipping extension 'colcon_notification.desktop_notification.terminal_notifier': Not used on non-Darwin systems
[1.985s] INFO:colcon.colcon_core.plugin_system:Skipping extension 'colcon_notification.desktop_notification.win32': Not used on non-Windows systems
[1.985s] INFO:colcon.colcon_notification.desktop_notification:Sending desktop notification using 'notify2'
[1.985s] DEBUG:colcon.colcon_notification.desktop_notification.notify2:Failed to initialize notify2: org.freedesktop.DBus.Error.NotSupported: Unable to autolaunch a dbus-daemon without a $DISPLAY for X11
[1.985s] DEBUG:colcon.colcon_core.event_reactor:joined thread
[1.997s] INFO:colcon.colcon_core.shell:Creating prefix script '/home/wujiashu0421/roarm_ws_em0/install/local_setup.ps1'
[1.998s] INFO:colcon.colcon_core.shell:Creating prefix util module '/home/wujiashu0421/roarm_ws_em0/install/_local_setup_util_ps1.py'
[1.999s] INFO:colcon.colcon_core.shell:Creating prefix chain script '/home/wujiashu0421/roarm_ws_em0/install/setup.ps1'
[2.011s] INFO:colcon.colcon_core.shell:Creating prefix script '/home/wujiashu0421/roarm_ws_em0/install/local_setup.sh'
[2.011s] INFO:colcon.colcon_core.shell:Creating prefix util module '/home/wujiashu0421/roarm_ws_em0/install/_local_setup_util_sh.py'
[2.012s] INFO:colcon.colcon_core.shell:Creating prefix chain script '/home/wujiashu0421/roarm_ws_em0/install/setup.sh'
[2.024s] INFO:colcon.colcon_core.shell:Creating prefix script '/home/wujiashu0421/roarm_ws_em0/install/local_setup.bash'
[2.024s] INFO:colcon.colcon_core.shell:Creating prefix chain script '/home/wujiashu0421/roarm_ws_em0/install/setup.bash'
[2.036s] INFO:colcon.colcon_core.shell:Creating prefix script '/home/wujiashu0421/roarm_ws_em0/install/local_setup.zsh'
[2.036s] INFO:colcon.colcon_core.shell:Creating prefix chain script '/home/wujiashu0421/roarm_ws_em0/install/setup.zsh'
