[0.089s] Invoking command in '/home/wujiashu0421/Roarm_ROS/build/roarm': CMAKE_PREFIX_PATH=/opt/ros/humble /usr/bin/cmake --build /home/wujiashu0421/Roarm_ROS/build/roarm -- -j8 -l8
[0.312s] Invoked command in '/home/wujiashu0421/Roarm_ROS/build/roarm' returned '0': CMAKE_PREFIX_PATH=/opt/ros/humble /usr/bin/cmake --build /home/wujiashu0421/Roarm_ROS/build/roarm -- -j8 -l8
[0.330s] Invoking command in '/home/wujiashu0421/Roarm_ROS/build/roarm': CMAKE_PREFIX_PATH=/opt/ros/humble /usr/bin/cmake --install /home/wujiashu0421/Roarm_ROS/build/roarm
[0.334s] -- Install configuration: ""
[0.334s] -- Up-to-date: /home/wujiashu0421/Roarm_ROS/install/roarm/share/roarm/config
[0.335s] -- Up-to-date: /home/wujiashu0421/Roarm_ROS/install/roarm/share/roarm/launch
[0.335s] -- Up-to-date: /home/wujiashu0421/Roarm_ROS/install/roarm/share/roarm/launch/roarm.launch.py
[0.335s] -- Up-to-date: /home/wujiashu0421/Roarm_ROS/install/roarm/share/roarm/maps
[0.335s] -- Up-to-date: /home/wujiashu0421/Roarm_ROS/install/roarm/share/roarm/meshes
[0.335s] -- Up-to-date: /home/wujiashu0421/Roarm_ROS/install/roarm/share/roarm/meshes/L3.stl
[0.335s] -- Up-to-date: /home/wujiashu0421/Roarm_ROS/install/roarm/share/roarm/meshes/L4.stl
[0.336s] -- Up-to-date: /home/wujiashu0421/Roarm_ROS/install/roarm/share/roarm/meshes/L1.stl
[0.336s] -- Up-to-date: /home/wujiashu0421/Roarm_ROS/install/roarm/share/roarm/meshes/base.stl
[0.336s] -- Up-to-date: /home/wujiashu0421/Roarm_ROS/install/roarm/share/roarm/meshes/L2.stl
[0.336s] -- Up-to-date: /home/wujiashu0421/Roarm_ROS/install/roarm/share/roarm/models
[0.336s] -- Up-to-date: /home/wujiashu0421/Roarm_ROS/install/roarm/share/roarm/params
[0.337s] -- Up-to-date: /home/wujiashu0421/Roarm_ROS/install/roarm/share/roarm/rviz
[0.337s] -- Up-to-date: /home/wujiashu0421/Roarm_ROS/install/roarm/share/roarm/rviz/rviz_basic_settings.rviz
[0.337s] -- Up-to-date: /home/wujiashu0421/Roarm_ROS/install/roarm/share/roarm/src
[0.337s] -- Up-to-date: /home/wujiashu0421/Roarm_ROS/install/roarm/share/roarm/urdf
[0.338s] -- Up-to-date: /home/wujiashu0421/Roarm_ROS/install/roarm/share/roarm/urdf/roarm.urdf
[0.338s] -- Up-to-date: /home/wujiashu0421/Roarm_ROS/install/roarm/share/roarm/worlds
[0.338s] -- Up-to-date: /home/wujiashu0421/Roarm_ROS/install/roarm/share/ament_index/resource_index/package_run_dependencies/roarm
[0.339s] -- Up-to-date: /home/wujiashu0421/Roarm_ROS/install/roarm/share/ament_index/resource_index/parent_prefix_path/roarm
[0.340s] -- Up-to-date: /home/wujiashu0421/Roarm_ROS/install/roarm/share/roarm/environment/ament_prefix_path.sh
[0.340s] -- Up-to-date: /home/wujiashu0421/Roarm_ROS/install/roarm/share/roarm/environment/ament_prefix_path.dsv
[0.340s] -- Up-to-date: /home/wujiashu0421/Roarm_ROS/install/roarm/share/roarm/environment/path.sh
[0.340s] -- Up-to-date: /home/wujiashu0421/Roarm_ROS/install/roarm/share/roarm/environment/path.dsv
[0.340s] -- Up-to-date: /home/wujiashu0421/Roarm_ROS/install/roarm/share/roarm/local_setup.bash
[0.341s] -- Up-to-date: /home/wujiashu0421/Roarm_ROS/install/roarm/share/roarm/local_setup.sh
[0.341s] -- Up-to-date: /home/wujiashu0421/Roarm_ROS/install/roarm/share/roarm/local_setup.zsh
[0.341s] -- Up-to-date: /home/wujiashu0421/Roarm_ROS/install/roarm/share/roarm/local_setup.dsv
[0.341s] -- Up-to-date: /home/wujiashu0421/Roarm_ROS/install/roarm/share/roarm/package.dsv
[0.341s] -- Up-to-date: /home/wujiashu0421/Roarm_ROS/install/roarm/share/ament_index/resource_index/packages/roarm
[0.341s] -- Up-to-date: /home/wujiashu0421/Roarm_ROS/install/roarm/share/roarm/cmake/roarmConfig.cmake
[0.342s] -- Up-to-date: /home/wujiashu0421/Roarm_ROS/install/roarm/share/roarm/cmake/roarmConfig-version.cmake
[0.342s] -- Up-to-date: /home/wujiashu0421/Roarm_ROS/install/roarm/share/roarm/package.xml
[0.342s] Invoked command in '/home/wujiashu0421/Roarm_ROS/build/roarm' returned '0': CMAKE_PREFIX_PATH=/opt/ros/humble /usr/bin/cmake --install /home/wujiashu0421/Roarm_ROS/build/roarm
