[0.816s] Invoking command in '/home/wujiashu0421/Roarm_ROS/build/serial_ctrl': PYTHONPATH=/home/wujiashu0421/Roarm_ROS/build/serial_ctrl/prefix_override:/home/wujiashu0421/Roarm_ROS/install/serial_ctrl/lib/python3.10/site-packages:${PYTHONPATH} /usr/bin/python3 setup.py develop --editable --build-directory /home/wujiashu0421/Roarm_ROS/build/serial_ctrl/build --no-deps install_data
[1.030s] running develop
[1.030s] /usr/lib/python3/dist-packages/setuptools/command/easy_install.py:158: EasyInstallDeprecationWarning: easy_install command is deprecated. Use build and pip and other standards-based tools.
[1.030s]   warnings.warn(
[1.032s] /usr/lib/python3/dist-packages/setuptools/command/install.py:34: SetuptoolsDeprecationWarning: setup.py install is deprecated. Use build and pip and other standards-based tools.
[1.032s]   warnings.warn(
[1.160s] running egg_info
[1.161s] writing serial_ctrl.egg-info/PKG-INFO
[1.161s] writing dependency_links to serial_ctrl.egg-info/dependency_links.txt
[1.161s] writing entry points to serial_ctrl.egg-info/entry_points.txt
[1.161s] writing requirements to serial_ctrl.egg-info/requires.txt
[1.161s] writing top-level names to serial_ctrl.egg-info/top_level.txt
[1.162s] reading manifest file 'serial_ctrl.egg-info/SOURCES.txt'
[1.163s] writing manifest file 'serial_ctrl.egg-info/SOURCES.txt'
[1.164s] running build_ext
[1.164s] Creating /home/wujiashu0421/Roarm_ROS/install/serial_ctrl/lib/python3.10/site-packages/serial-ctrl.egg-link (link to .)
[1.165s] Installing serial_ctrl script to /home/wujiashu0421/Roarm_ROS/install/serial_ctrl/lib/serial_ctrl
[1.165s] 
[1.165s] Installed /home/wujiashu0421/Roarm_ROS/build/serial_ctrl
[1.165s] running install_data
[1.195s] Invoked command in '/home/wujiashu0421/Roarm_ROS/build/serial_ctrl' returned '0': PYTHONPATH=/home/wujiashu0421/Roarm_ROS/build/serial_ctrl/prefix_override:/home/wujiashu0421/Roarm_ROS/install/serial_ctrl/lib/python3.10/site-packages:${PYTHONPATH} /usr/bin/python3 setup.py develop --editable --build-directory /home/wujiashu0421/Roarm_ROS/build/serial_ctrl/build --no-deps install_data
