[0.902s] Invoking command in '/home/wujiashu0421/Roarm_ROS/build/arm_controller': PYTHONPATH=/home/wujiashu0421/Roarm_ROS/build/arm_controller/prefix_override:/home/wujiashu0421/Roarm_ROS/install/arm_controller/lib/python3.10/site-packages:${PYTHONPATH} /usr/bin/python3 setup.py develop --editable --build-directory /home/wujiashu0421/Roarm_ROS/build/arm_controller/build --no-deps install_data
[1.088s] running develop
[1.088s] /usr/lib/python3/dist-packages/setuptools/command/easy_install.py:158: EasyInstallDeprecationWarning: easy_install command is deprecated. Use build and pip and other standards-based tools.
[1.088s]   warnings.warn(
[1.089s] /usr/lib/python3/dist-packages/setuptools/command/install.py:34: SetuptoolsDeprecationWarning: setup.py install is deprecated. Use build and pip and other standards-based tools.
[1.089s]   warnings.warn(
[1.215s] running egg_info
[1.215s] creating Arm_Controller.egg-info
[1.215s] writing Arm_Controller.egg-info/PKG-INFO
[1.215s] writing dependency_links to Arm_Controller.egg-info/dependency_links.txt
[1.216s] writing entry points to Arm_Controller.egg-info/entry_points.txt
[1.216s] writing requirements to Arm_Controller.egg-info/requires.txt
[1.216s] writing top-level names to Arm_Controller.egg-info/top_level.txt
[1.216s] writing manifest file 'Arm_Controller.egg-info/SOURCES.txt'
[1.217s] reading manifest file 'Arm_Controller.egg-info/SOURCES.txt'
[1.218s] writing manifest file 'Arm_Controller.egg-info/SOURCES.txt'
[1.219s] running build_ext
[1.219s] Creating /home/wujiashu0421/Roarm_ROS/install/arm_controller/lib/python3.10/site-packages/Arm-Controller.egg-link (link to .)
[1.220s] Installing control_node script to /home/wujiashu0421/Roarm_ROS/install/arm_controller/lib/Arm_Controller
[1.220s] 
[1.220s] Installed /home/wujiashu0421/Roarm_ROS/build/arm_controller
[1.220s] running install_data
[1.220s] copying resource/Arm_Controller -> /home/wujiashu0421/Roarm_ROS/install/arm_controller/share/ament_index/resource_index/packages
[1.221s] creating /home/wujiashu0421/Roarm_ROS/install/arm_controller/share/Arm_Controller
[1.221s] copying package.xml -> /home/wujiashu0421/Roarm_ROS/install/arm_controller/share/Arm_Controller
[1.246s] Invoked command in '/home/wujiashu0421/Roarm_ROS/build/arm_controller' returned '0': PYTHONPATH=/home/wujiashu0421/Roarm_ROS/build/arm_controller/prefix_override:/home/wujiashu0421/Roarm_ROS/install/arm_controller/lib/python3.10/site-packages:${PYTHONPATH} /usr/bin/python3 setup.py develop --editable --build-directory /home/wujiashu0421/Roarm_ROS/build/arm_controller/build --no-deps install_data
