[0.793s] DEBUG:colcon:Command line arguments: ['/usr/bin/colcon', 'build']
[0.793s] DEBUG:colcon:Parsed command line arguments: Namespace(log_base=None, log_level=None, verb_name='build', build_base='build', install_base='install', merge_install=False, symlink_install=False, test_result_base=None, continue_on_error=False, executor='parallel', parallel_workers=8, event_handlers=None, ignore_user_meta=False, metas=['./colcon.meta'], base_paths=['.'], packages_ignore=None, packages_ignore_regex=None, paths=None, packages_up_to=None, packages_up_to_regex=None, packages_above=None, packages_above_and_dependencies=None, packages_above_depth=None, packages_select_by_dep=None, packages_skip_by_dep=None, packages_skip_up_to=None, packages_select_build_failed=False, packages_skip_build_finished=False, packages_select_test_failures=False, packages_skip_test_passed=False, packages_select=None, packages_skip=None, packages_select_regex=None, packages_skip_regex=None, packages_start=None, packages_end=None, allow_overriding=[], cmake_args=None, cmake_target=None, cmake_target_skip_unavailable=False, cmake_clean_cache=False, cmake_clean_first=False, cmake_force_configure=False, ament_cmake_args=None, catkin_cmake_args=None, catkin_skip_building_tests=False, verb_parser=<colcon_defaults.argument_parser.defaults.DefaultArgumentsDecorator object at 0x7f889b1a63b0>, verb_extension=<colcon_core.verb.build.BuildVerb object at 0x7f889b454be0>, main=<bound method BuildVerb.main of <colcon_core.verb.build.BuildVerb object at 0x7f889b454be0>>)
[0.829s] Level 1:colcon.colcon_core.package_discovery:discover_packages(colcon_meta) check parameters
[0.829s] Level 1:colcon.colcon_core.package_discovery:discover_packages(recursive) check parameters
[0.829s] Level 1:colcon.colcon_core.package_discovery:discover_packages(ignore) check parameters
[0.830s] Level 1:colcon.colcon_core.package_discovery:discover_packages(path) check parameters
[0.830s] Level 1:colcon.colcon_core.package_discovery:discover_packages(colcon_meta) discover
[0.830s] Level 1:colcon.colcon_core.package_discovery:discover_packages(recursive) discover
[0.830s] INFO:colcon.colcon_core.package_discovery:Crawling recursively for packages in '/home/wujiashu0421/Roarm_ROS'
[0.830s] Level 1:colcon.colcon_core.package_identification:_identify(.) by extensions ['ignore', 'ignore_ament_install']
[0.830s] Level 1:colcon.colcon_core.package_identification:_identify(.) by extension 'ignore'
[0.830s] Level 1:colcon.colcon_core.package_identification:_identify(.) by extension 'ignore_ament_install'
[0.830s] Level 1:colcon.colcon_core.package_identification:_identify(.) by extensions ['colcon_pkg']
[0.830s] Level 1:colcon.colcon_core.package_identification:_identify(.) by extension 'colcon_pkg'
[0.830s] Level 1:colcon.colcon_core.package_identification:_identify(.) by extensions ['colcon_meta']
[0.830s] Level 1:colcon.colcon_core.package_identification:_identify(.) by extension 'colcon_meta'
[0.830s] Level 1:colcon.colcon_core.package_identification:_identify(.) by extensions ['ros']
[0.830s] Level 1:colcon.colcon_core.package_identification:_identify(.) by extension 'ros'
[0.839s] Level 1:colcon.colcon_core.package_identification:_identify(.) by extensions ['cmake', 'python']
[0.839s] Level 1:colcon.colcon_core.package_identification:_identify(.) by extension 'cmake'
[0.839s] Level 1:colcon.colcon_core.package_identification:_identify(.) by extension 'python'
[0.839s] Level 1:colcon.colcon_core.package_identification:_identify(.) by extensions ['python_setup_py']
[0.839s] Level 1:colcon.colcon_core.package_identification:_identify(.) by extension 'python_setup_py'
[0.839s] Level 1:colcon.colcon_core.package_identification:_identify(build) by extensions ['ignore', 'ignore_ament_install']
[0.839s] Level 1:colcon.colcon_core.package_identification:_identify(build) by extension 'ignore'
[0.839s] Level 1:colcon.colcon_core.package_identification:_identify(build) ignored
[0.839s] Level 1:colcon.colcon_core.package_identification:_identify(install) by extensions ['ignore', 'ignore_ament_install']
[0.840s] Level 1:colcon.colcon_core.package_identification:_identify(install) by extension 'ignore'
[0.840s] Level 1:colcon.colcon_core.package_identification:_identify(install) ignored
[0.840s] Level 1:colcon.colcon_core.package_identification:_identify(log) by extensions ['ignore', 'ignore_ament_install']
[0.840s] Level 1:colcon.colcon_core.package_identification:_identify(log) by extension 'ignore'
[0.840s] Level 1:colcon.colcon_core.package_identification:_identify(log) ignored
[0.840s] Level 1:colcon.colcon_core.package_identification:_identify(src) by extensions ['ignore', 'ignore_ament_install']
[0.840s] Level 1:colcon.colcon_core.package_identification:_identify(src) by extension 'ignore'
[0.840s] Level 1:colcon.colcon_core.package_identification:_identify(src) by extension 'ignore_ament_install'
[0.840s] Level 1:colcon.colcon_core.package_identification:_identify(src) by extensions ['colcon_pkg']
[0.840s] Level 1:colcon.colcon_core.package_identification:_identify(src) by extension 'colcon_pkg'
[0.840s] Level 1:colcon.colcon_core.package_identification:_identify(src) by extensions ['colcon_meta']
[0.840s] Level 1:colcon.colcon_core.package_identification:_identify(src) by extension 'colcon_meta'
[0.840s] Level 1:colcon.colcon_core.package_identification:_identify(src) by extensions ['ros']
[0.840s] Level 1:colcon.colcon_core.package_identification:_identify(src) by extension 'ros'
[0.840s] Level 1:colcon.colcon_core.package_identification:_identify(src) by extensions ['cmake', 'python']
[0.840s] Level 1:colcon.colcon_core.package_identification:_identify(src) by extension 'cmake'
[0.840s] Level 1:colcon.colcon_core.package_identification:_identify(src) by extension 'python'
[0.840s] Level 1:colcon.colcon_core.package_identification:_identify(src) by extensions ['python_setup_py']
[0.840s] Level 1:colcon.colcon_core.package_identification:_identify(src) by extension 'python_setup_py'
[0.841s] Level 1:colcon.colcon_core.package_identification:_identify(src/arm_controller) by extensions ['ignore', 'ignore_ament_install']
[0.841s] Level 1:colcon.colcon_core.package_identification:_identify(src/arm_controller) by extension 'ignore'
[0.841s] Level 1:colcon.colcon_core.package_identification:_identify(src/arm_controller) by extension 'ignore_ament_install'
[0.841s] Level 1:colcon.colcon_core.package_identification:_identify(src/arm_controller) by extensions ['colcon_pkg']
[0.841s] Level 1:colcon.colcon_core.package_identification:_identify(src/arm_controller) by extension 'colcon_pkg'
[0.841s] Level 1:colcon.colcon_core.package_identification:_identify(src/arm_controller) by extensions ['colcon_meta']
[0.841s] Level 1:colcon.colcon_core.package_identification:_identify(src/arm_controller) by extension 'colcon_meta'
[0.841s] Level 1:colcon.colcon_core.package_identification:_identify(src/arm_controller) by extensions ['ros']
[0.841s] Level 1:colcon.colcon_core.package_identification:_identify(src/arm_controller) by extension 'ros'
[0.843s] DEBUG:colcon.colcon_core.package_identification:Package 'src/arm_controller' with type 'ros.ament_python' and name 'arm_controller'
[0.843s] Level 1:colcon.colcon_core.package_identification:_identify(src/roarm_ws_em0) by extensions ['ignore', 'ignore_ament_install']
[0.843s] Level 1:colcon.colcon_core.package_identification:_identify(src/roarm_ws_em0) by extension 'ignore'
[0.843s] Level 1:colcon.colcon_core.package_identification:_identify(src/roarm_ws_em0) by extension 'ignore_ament_install'
[0.843s] Level 1:colcon.colcon_core.package_identification:_identify(src/roarm_ws_em0) by extensions ['colcon_pkg']
[0.843s] Level 1:colcon.colcon_core.package_identification:_identify(src/roarm_ws_em0) by extension 'colcon_pkg'
[0.843s] Level 1:colcon.colcon_core.package_identification:_identify(src/roarm_ws_em0) by extensions ['colcon_meta']
[0.843s] Level 1:colcon.colcon_core.package_identification:_identify(src/roarm_ws_em0) by extension 'colcon_meta'
[0.843s] Level 1:colcon.colcon_core.package_identification:_identify(src/roarm_ws_em0) by extensions ['ros']
[0.843s] Level 1:colcon.colcon_core.package_identification:_identify(src/roarm_ws_em0) by extension 'ros'
[0.843s] Level 1:colcon.colcon_core.package_identification:_identify(src/roarm_ws_em0) by extensions ['cmake', 'python']
[0.843s] Level 1:colcon.colcon_core.package_identification:_identify(src/roarm_ws_em0) by extension 'cmake'
[0.843s] Level 1:colcon.colcon_core.package_identification:_identify(src/roarm_ws_em0) by extension 'python'
[0.843s] Level 1:colcon.colcon_core.package_identification:_identify(src/roarm_ws_em0) by extensions ['python_setup_py']
[0.843s] Level 1:colcon.colcon_core.package_identification:_identify(src/roarm_ws_em0) by extension 'python_setup_py'
[0.843s] Level 1:colcon.colcon_core.package_identification:_identify(src/roarm_ws_em0/build) by extensions ['ignore', 'ignore_ament_install']
[0.844s] Level 1:colcon.colcon_core.package_identification:_identify(src/roarm_ws_em0/build) by extension 'ignore'
[0.844s] Level 1:colcon.colcon_core.package_identification:_identify(src/roarm_ws_em0/build) ignored
[0.844s] Level 1:colcon.colcon_core.package_identification:_identify(src/roarm_ws_em0/install) by extensions ['ignore', 'ignore_ament_install']
[0.844s] Level 1:colcon.colcon_core.package_identification:_identify(src/roarm_ws_em0/install) by extension 'ignore'
[0.844s] Level 1:colcon.colcon_core.package_identification:_identify(src/roarm_ws_em0/install) ignored
[0.844s] Level 1:colcon.colcon_core.package_identification:_identify(src/roarm_ws_em0/log) by extensions ['ignore', 'ignore_ament_install']
[0.844s] Level 1:colcon.colcon_core.package_identification:_identify(src/roarm_ws_em0/log) by extension 'ignore'
[0.844s] Level 1:colcon.colcon_core.package_identification:_identify(src/roarm_ws_em0/log) ignored
[0.844s] Level 1:colcon.colcon_core.package_identification:_identify(src/roarm_ws_em0/src) by extensions ['ignore', 'ignore_ament_install']
[0.844s] Level 1:colcon.colcon_core.package_identification:_identify(src/roarm_ws_em0/src) by extension 'ignore'
[0.844s] Level 1:colcon.colcon_core.package_identification:_identify(src/roarm_ws_em0/src) by extension 'ignore_ament_install'
[0.844s] Level 1:colcon.colcon_core.package_identification:_identify(src/roarm_ws_em0/src) by extensions ['colcon_pkg']
[0.844s] Level 1:colcon.colcon_core.package_identification:_identify(src/roarm_ws_em0/src) by extension 'colcon_pkg'
[0.844s] Level 1:colcon.colcon_core.package_identification:_identify(src/roarm_ws_em0/src) by extensions ['colcon_meta']
[0.844s] Level 1:colcon.colcon_core.package_identification:_identify(src/roarm_ws_em0/src) by extension 'colcon_meta'
[0.844s] Level 1:colcon.colcon_core.package_identification:_identify(src/roarm_ws_em0/src) by extensions ['ros']
[0.844s] Level 1:colcon.colcon_core.package_identification:_identify(src/roarm_ws_em0/src) by extension 'ros'
[0.845s] Level 1:colcon.colcon_core.package_identification:_identify(src/roarm_ws_em0/src) by extensions ['cmake', 'python']
[0.845s] Level 1:colcon.colcon_core.package_identification:_identify(src/roarm_ws_em0/src) by extension 'cmake'
[0.845s] Level 1:colcon.colcon_core.package_identification:_identify(src/roarm_ws_em0/src) by extension 'python'
[0.845s] Level 1:colcon.colcon_core.package_identification:_identify(src/roarm_ws_em0/src) by extensions ['python_setup_py']
[0.845s] Level 1:colcon.colcon_core.package_identification:_identify(src/roarm_ws_em0/src) by extension 'python_setup_py'
[0.845s] Level 1:colcon.colcon_core.package_identification:_identify(src/roarm_ws_em0/src/roarm) by extensions ['ignore', 'ignore_ament_install']
[0.845s] Level 1:colcon.colcon_core.package_identification:_identify(src/roarm_ws_em0/src/roarm) by extension 'ignore'
[0.845s] Level 1:colcon.colcon_core.package_identification:_identify(src/roarm_ws_em0/src/roarm) by extension 'ignore_ament_install'
[0.845s] Level 1:colcon.colcon_core.package_identification:_identify(src/roarm_ws_em0/src/roarm) by extensions ['colcon_pkg']
[0.845s] Level 1:colcon.colcon_core.package_identification:_identify(src/roarm_ws_em0/src/roarm) by extension 'colcon_pkg'
[0.845s] Level 1:colcon.colcon_core.package_identification:_identify(src/roarm_ws_em0/src/roarm) by extensions ['colcon_meta']
[0.845s] Level 1:colcon.colcon_core.package_identification:_identify(src/roarm_ws_em0/src/roarm) by extension 'colcon_meta'
[0.845s] Level 1:colcon.colcon_core.package_identification:_identify(src/roarm_ws_em0/src/roarm) by extensions ['ros']
[0.845s] Level 1:colcon.colcon_core.package_identification:_identify(src/roarm_ws_em0/src/roarm) by extension 'ros'
[0.845s] DEBUG:colcon.colcon_core.package_identification:Package 'src/roarm_ws_em0/src/roarm' with type 'ros.ament_cmake' and name 'roarm'
[0.846s] Level 1:colcon.colcon_core.package_identification:_identify(src/roarm_ws_em0/src/serial_ctrl) by extensions ['ignore', 'ignore_ament_install']
[0.846s] Level 1:colcon.colcon_core.package_identification:_identify(src/roarm_ws_em0/src/serial_ctrl) by extension 'ignore'
[0.846s] Level 1:colcon.colcon_core.package_identification:_identify(src/roarm_ws_em0/src/serial_ctrl) by extension 'ignore_ament_install'
[0.846s] Level 1:colcon.colcon_core.package_identification:_identify(src/roarm_ws_em0/src/serial_ctrl) by extensions ['colcon_pkg']
[0.846s] Level 1:colcon.colcon_core.package_identification:_identify(src/roarm_ws_em0/src/serial_ctrl) by extension 'colcon_pkg'
[0.846s] Level 1:colcon.colcon_core.package_identification:_identify(src/roarm_ws_em0/src/serial_ctrl) by extensions ['colcon_meta']
[0.846s] Level 1:colcon.colcon_core.package_identification:_identify(src/roarm_ws_em0/src/serial_ctrl) by extension 'colcon_meta'
[0.846s] Level 1:colcon.colcon_core.package_identification:_identify(src/roarm_ws_em0/src/serial_ctrl) by extensions ['ros']
[0.846s] Level 1:colcon.colcon_core.package_identification:_identify(src/roarm_ws_em0/src/serial_ctrl) by extension 'ros'
[0.846s] DEBUG:colcon.colcon_core.package_identification:Package 'src/roarm_ws_em0/src/serial_ctrl' with type 'ros.ament_python' and name 'serial_ctrl'
[0.846s] Level 1:colcon.colcon_core.package_discovery:discover_packages(recursive) using defaults
[0.846s] Level 1:colcon.colcon_core.package_discovery:discover_packages(ignore) discover
[0.846s] Level 1:colcon.colcon_core.package_discovery:discover_packages(ignore) using defaults
[0.847s] Level 1:colcon.colcon_core.package_discovery:discover_packages(path) discover
[0.847s] Level 1:colcon.colcon_core.package_discovery:discover_packages(path) using defaults
[0.915s] Level 1:colcon.colcon_core.package_discovery:discover_packages(prefix_path) check parameters
[0.916s] Level 1:colcon.colcon_core.package_discovery:discover_packages(prefix_path) discover
[0.939s] DEBUG:colcon.colcon_installed_package_information.package_discovery:Found 3 installed packages in /home/wujiashu0421/Roarm_ROS/install
[0.950s] DEBUG:colcon.colcon_installed_package_information.package_discovery:Found 273 installed packages in /opt/ros/humble
[0.951s] Level 1:colcon.colcon_core.package_discovery:discover_packages(prefix_path) using defaults
[1.025s] Level 5:colcon.colcon_core.verb:set package 'arm_controller' build argument 'cmake_args' from command line to 'None'
[1.025s] Level 5:colcon.colcon_core.verb:set package 'arm_controller' build argument 'cmake_target' from command line to 'None'
[1.025s] Level 5:colcon.colcon_core.verb:set package 'arm_controller' build argument 'cmake_target_skip_unavailable' from command line to 'False'
[1.025s] Level 5:colcon.colcon_core.verb:set package 'arm_controller' build argument 'cmake_clean_cache' from command line to 'False'
[1.025s] Level 5:colcon.colcon_core.verb:set package 'arm_controller' build argument 'cmake_clean_first' from command line to 'False'
[1.025s] Level 5:colcon.colcon_core.verb:set package 'arm_controller' build argument 'cmake_force_configure' from command line to 'False'
[1.025s] Level 5:colcon.colcon_core.verb:set package 'arm_controller' build argument 'ament_cmake_args' from command line to 'None'
[1.025s] Level 5:colcon.colcon_core.verb:set package 'arm_controller' build argument 'catkin_cmake_args' from command line to 'None'
[1.025s] Level 5:colcon.colcon_core.verb:set package 'arm_controller' build argument 'catkin_skip_building_tests' from command line to 'False'
[1.025s] DEBUG:colcon.colcon_core.verb:Building package 'arm_controller' with the following arguments: {'ament_cmake_args': None, 'build_base': '/home/wujiashu0421/Roarm_ROS/build/arm_controller', 'catkin_cmake_args': None, 'catkin_skip_building_tests': False, 'cmake_args': None, 'cmake_clean_cache': False, 'cmake_clean_first': False, 'cmake_force_configure': False, 'cmake_target': None, 'cmake_target_skip_unavailable': False, 'install_base': '/home/wujiashu0421/Roarm_ROS/install/arm_controller', 'merge_install': False, 'path': '/home/wujiashu0421/Roarm_ROS/src/arm_controller', 'symlink_install': False, 'test_result_base': None}
[1.037s] Level 5:colcon.colcon_core.verb:set package 'roarm' build argument 'cmake_args' from command line to 'None'
[1.037s] Level 5:colcon.colcon_core.verb:set package 'roarm' build argument 'cmake_target' from command line to 'None'
[1.037s] Level 5:colcon.colcon_core.verb:set package 'roarm' build argument 'cmake_target_skip_unavailable' from command line to 'False'
[1.037s] Level 5:colcon.colcon_core.verb:set package 'roarm' build argument 'cmake_clean_cache' from command line to 'False'
[1.037s] Level 5:colcon.colcon_core.verb:set package 'roarm' build argument 'cmake_clean_first' from command line to 'False'
[1.037s] Level 5:colcon.colcon_core.verb:set package 'roarm' build argument 'cmake_force_configure' from command line to 'False'
[1.037s] Level 5:colcon.colcon_core.verb:set package 'roarm' build argument 'ament_cmake_args' from command line to 'None'
[1.037s] Level 5:colcon.colcon_core.verb:set package 'roarm' build argument 'catkin_cmake_args' from command line to 'None'
[1.037s] Level 5:colcon.colcon_core.verb:set package 'roarm' build argument 'catkin_skip_building_tests' from command line to 'False'
[1.037s] DEBUG:colcon.colcon_core.verb:Building package 'roarm' with the following arguments: {'ament_cmake_args': None, 'build_base': '/home/wujiashu0421/Roarm_ROS/build/roarm', 'catkin_cmake_args': None, 'catkin_skip_building_tests': False, 'cmake_args': None, 'cmake_clean_cache': False, 'cmake_clean_first': False, 'cmake_force_configure': False, 'cmake_target': None, 'cmake_target_skip_unavailable': False, 'install_base': '/home/wujiashu0421/Roarm_ROS/install/roarm', 'merge_install': False, 'path': '/home/wujiashu0421/Roarm_ROS/src/roarm_ws_em0/src/roarm', 'symlink_install': False, 'test_result_base': None}
[1.048s] Level 5:colcon.colcon_core.verb:set package 'serial_ctrl' build argument 'cmake_args' from command line to 'None'
[1.048s] Level 5:colcon.colcon_core.verb:set package 'serial_ctrl' build argument 'cmake_target' from command line to 'None'
[1.048s] Level 5:colcon.colcon_core.verb:set package 'serial_ctrl' build argument 'cmake_target_skip_unavailable' from command line to 'False'
[1.048s] Level 5:colcon.colcon_core.verb:set package 'serial_ctrl' build argument 'cmake_clean_cache' from command line to 'False'
[1.048s] Level 5:colcon.colcon_core.verb:set package 'serial_ctrl' build argument 'cmake_clean_first' from command line to 'False'
[1.048s] Level 5:colcon.colcon_core.verb:set package 'serial_ctrl' build argument 'cmake_force_configure' from command line to 'False'
[1.048s] Level 5:colcon.colcon_core.verb:set package 'serial_ctrl' build argument 'ament_cmake_args' from command line to 'None'
[1.048s] Level 5:colcon.colcon_core.verb:set package 'serial_ctrl' build argument 'catkin_cmake_args' from command line to 'None'
[1.048s] Level 5:colcon.colcon_core.verb:set package 'serial_ctrl' build argument 'catkin_skip_building_tests' from command line to 'False'
[1.048s] DEBUG:colcon.colcon_core.verb:Building package 'serial_ctrl' with the following arguments: {'ament_cmake_args': None, 'build_base': '/home/wujiashu0421/Roarm_ROS/build/serial_ctrl', 'catkin_cmake_args': None, 'catkin_skip_building_tests': False, 'cmake_args': None, 'cmake_clean_cache': False, 'cmake_clean_first': False, 'cmake_force_configure': False, 'cmake_target': None, 'cmake_target_skip_unavailable': False, 'install_base': '/home/wujiashu0421/Roarm_ROS/install/serial_ctrl', 'merge_install': False, 'path': '/home/wujiashu0421/Roarm_ROS/src/roarm_ws_em0/src/serial_ctrl', 'symlink_install': False, 'test_result_base': None}
[1.058s] INFO:colcon.colcon_core.executor:Executing jobs using 'parallel' executor
[1.069s] DEBUG:colcon.colcon_parallel_executor.executor.parallel:run_until_complete
[1.070s] INFO:colcon.colcon_ros.task.ament_python.build:Building ROS package in '/home/wujiashu0421/Roarm_ROS/src/arm_controller' with build type 'ament_python'
[1.070s] Level 1:colcon.colcon_core.shell:create_environment_hook('arm_controller', 'ament_prefix_path')
[1.088s] INFO:colcon.colcon_core.plugin_system:Skipping extension 'colcon_core.shell.bat': Not used on non-Windows systems
[1.088s] INFO:colcon.colcon_core.shell:Creating environment hook '/home/wujiashu0421/Roarm_ROS/install/arm_controller/share/arm_controller/hook/ament_prefix_path.ps1'
[1.088s] INFO:colcon.colcon_core.shell:Creating environment descriptor '/home/wujiashu0421/Roarm_ROS/install/arm_controller/share/arm_controller/hook/ament_prefix_path.dsv'
[1.089s] INFO:colcon.colcon_core.shell:Creating environment hook '/home/wujiashu0421/Roarm_ROS/install/arm_controller/share/arm_controller/hook/ament_prefix_path.sh'
[1.101s] INFO:colcon.colcon_core.shell:Skip shell extension 'powershell' for command environment: Not usable outside of PowerShell
[1.101s] DEBUG:colcon.colcon_core.shell:Skip shell extension 'dsv' for command environment
[1.136s] INFO:colcon.colcon_ros.task.ament_cmake.build:Building ROS package in '/home/wujiashu0421/Roarm_ROS/src/roarm_ws_em0/src/roarm' with build type 'ament_cmake'
[1.137s] INFO:colcon.colcon_cmake.task.cmake.build:Building CMake package in '/home/wujiashu0421/Roarm_ROS/src/roarm_ws_em0/src/roarm'
[1.151s] INFO:colcon.colcon_core.shell:Skip shell extension 'powershell' for command environment: Not usable outside of PowerShell
[1.151s] DEBUG:colcon.colcon_core.shell:Skip shell extension 'dsv' for command environment
[1.189s] INFO:colcon.colcon_ros.task.ament_python.build:Building ROS package in '/home/wujiashu0421/Roarm_ROS/src/roarm_ws_em0/src/serial_ctrl' with build type 'ament_python'
[1.189s] Level 1:colcon.colcon_core.shell:create_environment_hook('serial_ctrl', 'ament_prefix_path')
[1.202s] INFO:colcon.colcon_core.shell:Creating environment hook '/home/wujiashu0421/Roarm_ROS/install/serial_ctrl/share/serial_ctrl/hook/ament_prefix_path.ps1'
[1.202s] INFO:colcon.colcon_core.shell:Creating environment descriptor '/home/wujiashu0421/Roarm_ROS/install/serial_ctrl/share/serial_ctrl/hook/ament_prefix_path.dsv'
[1.202s] INFO:colcon.colcon_core.shell:Creating environment hook '/home/wujiashu0421/Roarm_ROS/install/serial_ctrl/share/serial_ctrl/hook/ament_prefix_path.sh'
[1.213s] INFO:colcon.colcon_core.shell:Skip shell extension 'powershell' for command environment: Not usable outside of PowerShell
[1.213s] DEBUG:colcon.colcon_core.shell:Skip shell extension 'dsv' for command environment
[1.450s] WARNING:colcon.colcon_ros.task.ament_python.build:Package 'arm_controller' doesn't explicitly install a marker in the package index (colcon-ros currently does it implicitly but that fallback will be removed in the future)
[1.450s] WARNING:colcon.colcon_ros.task.ament_python.build:Package 'arm_controller' doesn't explicitly install the 'package.xml' file (colcon-ros currently does it implicitly but that fallback will be removed in the future)
[1.450s] INFO:colcon.colcon_core.task.python.build:Building Python package in '/home/wujiashu0421/Roarm_ROS/src/arm_controller'
[1.462s] INFO:colcon.colcon_core.shell:Skip shell extension 'powershell' for command environment: Not usable outside of PowerShell
[1.462s] DEBUG:colcon.colcon_core.shell:Skip shell extension 'dsv' for command environment
[1.504s] DEBUG:colcon.colcon_core.event_handler.log_command:Invoking command in '/home/wujiashu0421/Roarm_ROS/build/roarm': CMAKE_PREFIX_PATH=${CMAKE_PREFIX_PATH}:/home/wujiashu0421/Roarm_ROS/install/serial_ctrl:/home/wujiashu0421/Roarm_ROS/install/arm_controller:/opt/ros/humble WSLENV=ELECTRON_RUN_AS_NODE/w: /usr/bin/cmake /home/wujiashu0421/Roarm_ROS/src/roarm_ws_em0/src/roarm -DCMAKE_INSTALL_PREFIX=/home/wujiashu0421/Roarm_ROS/install/roarm
[1.697s] INFO:colcon.colcon_core.task.python.build:Building Python package in '/home/wujiashu0421/Roarm_ROS/src/roarm_ws_em0/src/serial_ctrl'
[1.721s] INFO:colcon.colcon_core.shell:Skip shell extension 'powershell' for command environment: Not usable outside of PowerShell
[1.721s] DEBUG:colcon.colcon_core.shell:Skip shell extension 'dsv' for command environment
[2.086s] DEBUG:colcon.colcon_core.event_handler.log_command:Invoking command in '/home/wujiashu0421/Roarm_ROS/src/arm_controller': PYTHONPATH=/home/wujiashu0421/Roarm_ROS/build/arm_controller/prefix_override:/home/wujiashu0421/Roarm_ROS/install/arm_controller/lib/python3.10/site-packages:${PYTHONPATH} WSLENV=ELECTRON_RUN_AS_NODE/w: /usr/bin/python3 setup.py egg_info --egg-base ../../build/arm_controller build --build-base /home/wujiashu0421/Roarm_ROS/build/arm_controller/build install --record /home/wujiashu0421/Roarm_ROS/build/arm_controller/install.log --single-version-externally-managed
[2.088s] DEBUG:colcon.colcon_core.event_handler.log_command:Invoking command in '/home/wujiashu0421/Roarm_ROS/src/roarm_ws_em0/src/serial_ctrl': PYTHONPATH=/home/wujiashu0421/Roarm_ROS/build/serial_ctrl/prefix_override:/home/wujiashu0421/Roarm_ROS/install/serial_ctrl/lib/python3.10/site-packages:${PYTHONPATH} WSLENV=ELECTRON_RUN_AS_NODE/w: /usr/bin/python3 setup.py egg_info --egg-base ../../../../build/serial_ctrl build --build-base /home/wujiashu0421/Roarm_ROS/build/serial_ctrl/build install --record /home/wujiashu0421/Roarm_ROS/build/serial_ctrl/install.log --single-version-externally-managed
[2.320s] DEBUG:colcon.colcon_core.event_handler.log_command:Invoked command in '/home/wujiashu0421/Roarm_ROS/src/roarm_ws_em0/src/serial_ctrl' returned '0': PYTHONPATH=/home/wujiashu0421/Roarm_ROS/build/serial_ctrl/prefix_override:/home/wujiashu0421/Roarm_ROS/install/serial_ctrl/lib/python3.10/site-packages:${PYTHONPATH} WSLENV=ELECTRON_RUN_AS_NODE/w: /usr/bin/python3 setup.py egg_info --egg-base ../../../../build/serial_ctrl build --build-base /home/wujiashu0421/Roarm_ROS/build/serial_ctrl/build install --record /home/wujiashu0421/Roarm_ROS/build/serial_ctrl/install.log --single-version-externally-managed
[2.337s] Level 1:colcon.colcon_core.environment:checking '/home/wujiashu0421/Roarm_ROS/install/serial_ctrl' for CMake module files
[2.338s] Level 1:colcon.colcon_core.environment:checking '/home/wujiashu0421/Roarm_ROS/install/serial_ctrl' for CMake config files
[2.338s] Level 1:colcon.colcon_core.environment:checking '/home/wujiashu0421/Roarm_ROS/install/serial_ctrl/lib'
[2.338s] Level 1:colcon.colcon_core.environment:checking '/home/wujiashu0421/Roarm_ROS/install/serial_ctrl/bin'
[2.339s] Level 1:colcon.colcon_core.environment:checking '/home/wujiashu0421/Roarm_ROS/install/serial_ctrl/lib/pkgconfig/serial_ctrl.pc'
[2.339s] Level 1:colcon.colcon_core.environment:checking '/home/wujiashu0421/Roarm_ROS/install/serial_ctrl/lib/python3.10/site-packages'
[2.339s] Level 1:colcon.colcon_core.shell:create_environment_hook('serial_ctrl', 'pythonpath')
[2.350s] INFO:colcon.colcon_core.shell:Creating environment hook '/home/wujiashu0421/Roarm_ROS/install/serial_ctrl/share/serial_ctrl/hook/pythonpath.ps1'
[2.351s] INFO:colcon.colcon_core.shell:Creating environment descriptor '/home/wujiashu0421/Roarm_ROS/install/serial_ctrl/share/serial_ctrl/hook/pythonpath.dsv'
[2.351s] INFO:colcon.colcon_core.shell:Creating environment hook '/home/wujiashu0421/Roarm_ROS/install/serial_ctrl/share/serial_ctrl/hook/pythonpath.sh'
[2.351s] Level 1:colcon.colcon_core.environment:checking '/home/wujiashu0421/Roarm_ROS/install/serial_ctrl/bin'
[2.351s] Level 1:colcon.colcon_core.environment:create_environment_scripts_only(serial_ctrl)
[2.363s] INFO:colcon.colcon_core.shell:Creating package script '/home/wujiashu0421/Roarm_ROS/install/serial_ctrl/share/serial_ctrl/package.ps1'
[2.364s] INFO:colcon.colcon_core.shell:Creating package descriptor '/home/wujiashu0421/Roarm_ROS/install/serial_ctrl/share/serial_ctrl/package.dsv'
[2.364s] INFO:colcon.colcon_core.shell:Creating package script '/home/wujiashu0421/Roarm_ROS/install/serial_ctrl/share/serial_ctrl/package.sh'
[2.365s] INFO:colcon.colcon_core.shell:Creating package script '/home/wujiashu0421/Roarm_ROS/install/serial_ctrl/share/serial_ctrl/package.bash'
[2.366s] INFO:colcon.colcon_core.shell:Creating package script '/home/wujiashu0421/Roarm_ROS/install/serial_ctrl/share/serial_ctrl/package.zsh'
[2.367s] Level 1:colcon.colcon_core.environment:create_file_with_runtime_dependencies(/home/wujiashu0421/Roarm_ROS/install/serial_ctrl/share/colcon-core/packages/serial_ctrl)
[2.368s] DEBUG:colcon.colcon_core.event_handler.log_command:Invoked command in '/home/wujiashu0421/Roarm_ROS/src/arm_controller' returned '0': PYTHONPATH=/home/wujiashu0421/Roarm_ROS/build/arm_controller/prefix_override:/home/wujiashu0421/Roarm_ROS/install/arm_controller/lib/python3.10/site-packages:${PYTHONPATH} WSLENV=ELECTRON_RUN_AS_NODE/w: /usr/bin/python3 setup.py egg_info --egg-base ../../build/arm_controller build --build-base /home/wujiashu0421/Roarm_ROS/build/arm_controller/build install --record /home/wujiashu0421/Roarm_ROS/build/arm_controller/install.log --single-version-externally-managed
[2.381s] Level 1:colcon.colcon_core.environment:checking '/home/wujiashu0421/Roarm_ROS/install/arm_controller' for CMake module files
[2.381s] Level 1:colcon.colcon_core.environment:checking '/home/wujiashu0421/Roarm_ROS/install/arm_controller' for CMake config files
[2.382s] Level 1:colcon.colcon_core.environment:checking '/home/wujiashu0421/Roarm_ROS/install/arm_controller/lib'
[2.382s] Level 1:colcon.colcon_core.environment:checking '/home/wujiashu0421/Roarm_ROS/install/arm_controller/bin'
[2.382s] Level 1:colcon.colcon_core.environment:checking '/home/wujiashu0421/Roarm_ROS/install/arm_controller/lib/pkgconfig/arm_controller.pc'
[2.382s] Level 1:colcon.colcon_core.environment:checking '/home/wujiashu0421/Roarm_ROS/install/arm_controller/lib/python3.10/site-packages'
[2.382s] Level 1:colcon.colcon_core.shell:create_environment_hook('arm_controller', 'pythonpath')
[2.395s] INFO:colcon.colcon_core.shell:Creating environment hook '/home/wujiashu0421/Roarm_ROS/install/arm_controller/share/arm_controller/hook/pythonpath.ps1'
[2.395s] INFO:colcon.colcon_core.shell:Creating environment descriptor '/home/wujiashu0421/Roarm_ROS/install/arm_controller/share/arm_controller/hook/pythonpath.dsv'
[2.396s] INFO:colcon.colcon_core.shell:Creating environment hook '/home/wujiashu0421/Roarm_ROS/install/arm_controller/share/arm_controller/hook/pythonpath.sh'
[2.396s] Level 1:colcon.colcon_core.environment:checking '/home/wujiashu0421/Roarm_ROS/install/arm_controller/bin'
[2.396s] Level 1:colcon.colcon_core.environment:create_environment_scripts_only(arm_controller)
[2.409s] INFO:colcon.colcon_core.shell:Creating package script '/home/wujiashu0421/Roarm_ROS/install/arm_controller/share/arm_controller/package.ps1'
[2.409s] INFO:colcon.colcon_core.shell:Creating package descriptor '/home/wujiashu0421/Roarm_ROS/install/arm_controller/share/arm_controller/package.dsv'
[2.410s] INFO:colcon.colcon_core.shell:Creating package script '/home/wujiashu0421/Roarm_ROS/install/arm_controller/share/arm_controller/package.sh'
[2.410s] INFO:colcon.colcon_core.shell:Creating package script '/home/wujiashu0421/Roarm_ROS/install/arm_controller/share/arm_controller/package.bash'
[2.410s] INFO:colcon.colcon_core.shell:Creating package script '/home/wujiashu0421/Roarm_ROS/install/arm_controller/share/arm_controller/package.zsh'
[2.410s] Level 1:colcon.colcon_core.environment:create_file_with_runtime_dependencies(/home/wujiashu0421/Roarm_ROS/install/arm_controller/share/colcon-core/packages/arm_controller)
[2.498s] DEBUG:colcon.colcon_core.event_handler.log_command:Invoked command in '/home/wujiashu0421/Roarm_ROS/build/roarm' returned '0': CMAKE_PREFIX_PATH=${CMAKE_PREFIX_PATH}:/home/wujiashu0421/Roarm_ROS/install/serial_ctrl:/home/wujiashu0421/Roarm_ROS/install/arm_controller:/opt/ros/humble WSLENV=ELECTRON_RUN_AS_NODE/w: /usr/bin/cmake /home/wujiashu0421/Roarm_ROS/src/roarm_ws_em0/src/roarm -DCMAKE_INSTALL_PREFIX=/home/wujiashu0421/Roarm_ROS/install/roarm
[2.501s] DEBUG:colcon.colcon_core.event_handler.log_command:Invoking command in '/home/wujiashu0421/Roarm_ROS/build/roarm': CMAKE_PREFIX_PATH=${CMAKE_PREFIX_PATH}:/home/wujiashu0421/Roarm_ROS/install/serial_ctrl:/home/wujiashu0421/Roarm_ROS/install/arm_controller:/opt/ros/humble WSLENV=ELECTRON_RUN_AS_NODE/w: /usr/bin/cmake --build /home/wujiashu0421/Roarm_ROS/build/roarm -- -j8 -l8
[2.523s] DEBUG:colcon.colcon_core.event_handler.log_command:Invoked command in '/home/wujiashu0421/Roarm_ROS/build/roarm' returned '0': CMAKE_PREFIX_PATH=${CMAKE_PREFIX_PATH}:/home/wujiashu0421/Roarm_ROS/install/serial_ctrl:/home/wujiashu0421/Roarm_ROS/install/arm_controller:/opt/ros/humble WSLENV=ELECTRON_RUN_AS_NODE/w: /usr/bin/cmake --build /home/wujiashu0421/Roarm_ROS/build/roarm -- -j8 -l8
[2.541s] DEBUG:colcon.colcon_core.event_handler.log_command:Invoking command in '/home/wujiashu0421/Roarm_ROS/build/roarm': CMAKE_PREFIX_PATH=${CMAKE_PREFIX_PATH}:/home/wujiashu0421/Roarm_ROS/install/serial_ctrl:/home/wujiashu0421/Roarm_ROS/install/arm_controller:/opt/ros/humble WSLENV=ELECTRON_RUN_AS_NODE/w: /usr/bin/cmake --install /home/wujiashu0421/Roarm_ROS/build/roarm
[2.547s] Level 1:colcon.colcon_core.environment:create_environment_scripts_only(roarm)
[2.551s] DEBUG:colcon.colcon_core.event_handler.log_command:Invoked command in '/home/wujiashu0421/Roarm_ROS/build/roarm' returned '0': CMAKE_PREFIX_PATH=${CMAKE_PREFIX_PATH}:/home/wujiashu0421/Roarm_ROS/install/serial_ctrl:/home/wujiashu0421/Roarm_ROS/install/arm_controller:/opt/ros/humble WSLENV=ELECTRON_RUN_AS_NODE/w: /usr/bin/cmake --install /home/wujiashu0421/Roarm_ROS/build/roarm
[2.561s] Level 1:colcon.colcon_core.environment:checking '/home/wujiashu0421/Roarm_ROS/install/roarm' for CMake module files
[2.561s] Level 1:colcon.colcon_core.environment:checking '/home/wujiashu0421/Roarm_ROS/install/roarm' for CMake config files
[2.561s] Level 1:colcon.colcon_core.shell:create_environment_hook('roarm', 'cmake_prefix_path')
[2.572s] INFO:colcon.colcon_core.shell:Creating environment hook '/home/wujiashu0421/Roarm_ROS/install/roarm/share/roarm/hook/cmake_prefix_path.ps1'
[2.573s] INFO:colcon.colcon_core.shell:Creating environment descriptor '/home/wujiashu0421/Roarm_ROS/install/roarm/share/roarm/hook/cmake_prefix_path.dsv'
[2.574s] INFO:colcon.colcon_core.shell:Creating environment hook '/home/wujiashu0421/Roarm_ROS/install/roarm/share/roarm/hook/cmake_prefix_path.sh'
[2.574s] Level 1:colcon.colcon_core.environment:checking '/home/wujiashu0421/Roarm_ROS/install/roarm/bin'
[2.574s] Level 1:colcon.colcon_core.environment:checking '/home/wujiashu0421/Roarm_ROS/install/roarm/lib/pkgconfig/roarm.pc'
[2.574s] Level 1:colcon.colcon_core.environment:checking '/home/wujiashu0421/Roarm_ROS/install/roarm/lib/python3.10/site-packages'
[2.575s] Level 1:colcon.colcon_core.environment:checking '/home/wujiashu0421/Roarm_ROS/install/roarm/bin'
[2.587s] INFO:colcon.colcon_core.shell:Creating package script '/home/wujiashu0421/Roarm_ROS/install/roarm/share/roarm/package.ps1'
[2.588s] INFO:colcon.colcon_core.shell:Creating package descriptor '/home/wujiashu0421/Roarm_ROS/install/roarm/share/roarm/package.dsv'
[2.588s] INFO:colcon.colcon_core.shell:Creating package script '/home/wujiashu0421/Roarm_ROS/install/roarm/share/roarm/package.sh'
[2.589s] INFO:colcon.colcon_core.shell:Creating package script '/home/wujiashu0421/Roarm_ROS/install/roarm/share/roarm/package.bash'
[2.589s] INFO:colcon.colcon_core.shell:Creating package script '/home/wujiashu0421/Roarm_ROS/install/roarm/share/roarm/package.zsh'
[2.589s] Level 1:colcon.colcon_core.environment:create_file_with_runtime_dependencies(/home/wujiashu0421/Roarm_ROS/install/roarm/share/colcon-core/packages/roarm)
[2.614s] Level 1:colcon.colcon_core.environment:create_environment_scripts_only(roarm)
[2.625s] Level 1:colcon.colcon_core.environment:checking '/home/wujiashu0421/Roarm_ROS/install/roarm' for CMake module files
[2.625s] Level 1:colcon.colcon_core.environment:checking '/home/wujiashu0421/Roarm_ROS/install/roarm' for CMake config files
[2.625s] Level 1:colcon.colcon_core.shell:create_environment_hook('roarm', 'cmake_prefix_path')
[2.636s] INFO:colcon.colcon_core.shell:Creating environment hook '/home/wujiashu0421/Roarm_ROS/install/roarm/share/roarm/hook/cmake_prefix_path.ps1'
[2.637s] INFO:colcon.colcon_core.shell:Creating environment descriptor '/home/wujiashu0421/Roarm_ROS/install/roarm/share/roarm/hook/cmake_prefix_path.dsv'
[2.637s] INFO:colcon.colcon_core.shell:Creating environment hook '/home/wujiashu0421/Roarm_ROS/install/roarm/share/roarm/hook/cmake_prefix_path.sh'
[2.637s] Level 1:colcon.colcon_core.environment:checking '/home/wujiashu0421/Roarm_ROS/install/roarm/bin'
[2.638s] Level 1:colcon.colcon_core.environment:checking '/home/wujiashu0421/Roarm_ROS/install/roarm/lib/pkgconfig/roarm.pc'
[2.638s] Level 1:colcon.colcon_core.environment:checking '/home/wujiashu0421/Roarm_ROS/install/roarm/lib/python3.10/site-packages'
[2.638s] Level 1:colcon.colcon_core.environment:checking '/home/wujiashu0421/Roarm_ROS/install/roarm/bin'
[2.650s] INFO:colcon.colcon_core.shell:Creating package script '/home/wujiashu0421/Roarm_ROS/install/roarm/share/roarm/package.ps1'
[2.650s] INFO:colcon.colcon_core.shell:Creating package descriptor '/home/wujiashu0421/Roarm_ROS/install/roarm/share/roarm/package.dsv'
[2.651s] INFO:colcon.colcon_core.shell:Creating package script '/home/wujiashu0421/Roarm_ROS/install/roarm/share/roarm/package.sh'
[2.651s] INFO:colcon.colcon_core.shell:Creating package script '/home/wujiashu0421/Roarm_ROS/install/roarm/share/roarm/package.bash'
[2.651s] INFO:colcon.colcon_core.shell:Creating package script '/home/wujiashu0421/Roarm_ROS/install/roarm/share/roarm/package.zsh'
[2.651s] Level 1:colcon.colcon_core.environment:create_file_with_runtime_dependencies(/home/wujiashu0421/Roarm_ROS/install/roarm/share/colcon-core/packages/roarm)
[2.652s] DEBUG:colcon.colcon_parallel_executor.executor.parallel:closing loop
[2.652s] DEBUG:colcon.colcon_parallel_executor.executor.parallel:loop closed
[2.653s] DEBUG:colcon.colcon_parallel_executor.executor.parallel:run_until_complete finished with '0'
[2.653s] DEBUG:colcon.colcon_core.event_reactor:joining thread
[2.670s] INFO:colcon.colcon_core.plugin_system:Skipping extension 'colcon_notification.desktop_notification.terminal_notifier': Not used on non-Darwin systems
[2.671s] INFO:colcon.colcon_core.plugin_system:Skipping extension 'colcon_notification.desktop_notification.win32': Not used on non-Windows systems
[2.671s] INFO:colcon.colcon_notification.desktop_notification:Sending desktop notification using 'notify2'
[2.731s] DEBUG:colcon.colcon_core.event_reactor:joined thread
[2.743s] INFO:colcon.colcon_core.shell:Creating prefix script '/home/wujiashu0421/Roarm_ROS/install/local_setup.ps1'
[2.744s] INFO:colcon.colcon_core.shell:Creating prefix util module '/home/wujiashu0421/Roarm_ROS/install/_local_setup_util_ps1.py'
[2.745s] INFO:colcon.colcon_core.shell:Creating prefix chain script '/home/wujiashu0421/Roarm_ROS/install/setup.ps1'
[2.760s] INFO:colcon.colcon_core.shell:Creating prefix script '/home/wujiashu0421/Roarm_ROS/install/local_setup.sh'
[2.761s] INFO:colcon.colcon_core.shell:Creating prefix util module '/home/wujiashu0421/Roarm_ROS/install/_local_setup_util_sh.py'
[2.761s] INFO:colcon.colcon_core.shell:Creating prefix chain script '/home/wujiashu0421/Roarm_ROS/install/setup.sh'
[2.778s] INFO:colcon.colcon_core.shell:Creating prefix script '/home/wujiashu0421/Roarm_ROS/install/local_setup.bash'
[2.778s] INFO:colcon.colcon_core.shell:Creating prefix chain script '/home/wujiashu0421/Roarm_ROS/install/setup.bash'
[2.793s] INFO:colcon.colcon_core.shell:Creating prefix script '/home/wujiashu0421/Roarm_ROS/install/local_setup.zsh'
[2.794s] INFO:colcon.colcon_core.shell:Creating prefix chain script '/home/wujiashu0421/Roarm_ROS/install/setup.zsh'
