running egg_info
creating ../../build/arm_controller/Arm_Controller.egg-info
writing ../../build/arm_controller/Arm_Controller.egg-info/PKG-INFO
writing dependency_links to ../../build/arm_controller/Arm_Controller.egg-info/dependency_links.txt
writing entry points to ../../build/arm_controller/Arm_Controller.egg-info/entry_points.txt
writing requirements to ../../build/arm_controller/Arm_Controller.egg-info/requires.txt
writing top-level names to ../../build/arm_controller/Arm_Controller.egg-info/top_level.txt
writing manifest file '../../build/arm_controller/Arm_Controller.egg-info/SOURCES.txt'
reading manifest file '../../build/arm_controller/Arm_Controller.egg-info/SOURCES.txt'
writing manifest file '../../build/arm_controller/Arm_Controller.egg-info/SOURCES.txt'
running build
running build_py
creating /home/wujiashu0421/Roarm_ROS/build/arm_controller/build
creating /home/wujiashu0421/Roarm_ROS/build/arm_controller/build/lib
creating /home/wujiashu0421/Roarm_ROS/build/arm_controller/build/lib/arm_controller
copying arm_controller/controller_node.py -> /home/wujiashu0421/Roarm_ROS/build/arm_controller/build/lib/arm_controller
copying arm_controller/__init__.py -> /home/wujiashu0421/Roarm_ROS/build/arm_controller/build/lib/arm_controller
copying arm_controller/arm_node.py -> /home/wujiashu0421/Roarm_ROS/build/arm_controller/build/lib/arm_controller
running install
running install_lib
running install_data
running install_egg_info
removing '/home/wujiashu0421/Roarm_ROS/install/arm_controller/lib/python3.10/site-packages/Arm_Controller-0.0.0-py3.10.egg-info' (and everything under it)
Copying ../../build/arm_controller/Arm_Controller.egg-info to /home/wujiashu0421/Roarm_ROS/install/arm_controller/lib/python3.10/site-packages/Arm_Controller-0.0.0-py3.10.egg-info
running install_scripts
Installing control_node script to /home/wujiashu0421/Roarm_ROS/install/arm_controller/lib/Arm_Controller
writing list of installed files to '/home/wujiashu0421/Roarm_ROS/build/arm_controller/install.log'
