[1.012s] Invoking command in '/home/wujiashu0421/Roarm_ROS/src/arm_controller': PYTHONPATH=/home/wujiashu0421/Roarm_ROS/build/arm_controller/prefix_override:/home/wujiashu0421/Roarm_ROS/install/arm_controller/lib/python3.10/site-packages:${PYTHONPATH} WSLENV=ELECTRON_RUN_AS_NODE/w: /usr/bin/python3 setup.py egg_info --egg-base ../../build/arm_controller build --build-base /home/wujiashu0421/Roarm_ROS/build/arm_controller/build install --record /home/wujiashu0421/Roarm_ROS/build/arm_controller/install.log --single-version-externally-managed
[1.201s] running egg_info
[1.202s] creating ../../build/arm_controller/Arm_Controller.egg-info
[1.202s] writing ../../build/arm_controller/Arm_Controller.egg-info/PKG-INFO
[1.203s] writing dependency_links to ../../build/arm_controller/Arm_Controller.egg-info/dependency_links.txt
[1.203s] writing entry points to ../../build/arm_controller/Arm_Controller.egg-info/entry_points.txt
[1.203s] writing requirements to ../../build/arm_controller/Arm_Controller.egg-info/requires.txt
[1.203s] writing top-level names to ../../build/arm_controller/Arm_Controller.egg-info/top_level.txt
[1.203s] writing manifest file '../../build/arm_controller/Arm_Controller.egg-info/SOURCES.txt'
[1.204s] reading manifest file '../../build/arm_controller/Arm_Controller.egg-info/SOURCES.txt'
[1.204s] writing manifest file '../../build/arm_controller/Arm_Controller.egg-info/SOURCES.txt'
[1.205s] running build
[1.205s] running build_py
[1.205s] creating /home/wujiashu0421/Roarm_ROS/build/arm_controller/build
[1.206s] creating /home/wujiashu0421/Roarm_ROS/build/arm_controller/build/lib
[1.206s] creating /home/wujiashu0421/Roarm_ROS/build/arm_controller/build/lib/arm_controller
[1.206s] copying arm_controller/controller_node.py -> /home/wujiashu0421/Roarm_ROS/build/arm_controller/build/lib/arm_controller
[1.206s] copying arm_controller/__init__.py -> /home/wujiashu0421/Roarm_ROS/build/arm_controller/build/lib/arm_controller
[1.206s] copying arm_controller/arm_node.py -> /home/wujiashu0421/Roarm_ROS/build/arm_controller/build/lib/arm_controller
[1.206s] running install
[1.206s] /usr/lib/python3/dist-packages/setuptools/command/install.py:34: SetuptoolsDeprecationWarning: setup.py install is deprecated. Use build and pip and other standards-based tools.
[1.206s]   warnings.warn(
[1.206s] running install_lib
[1.207s] running install_data
[1.207s] running install_egg_info
[1.209s] removing '/home/wujiashu0421/Roarm_ROS/install/arm_controller/lib/python3.10/site-packages/Arm_Controller-0.0.0-py3.10.egg-info' (and everything under it)
[1.209s] Copying ../../build/arm_controller/Arm_Controller.egg-info to /home/wujiashu0421/Roarm_ROS/install/arm_controller/lib/python3.10/site-packages/Arm_Controller-0.0.0-py3.10.egg-info
[1.210s] running install_scripts
[1.226s] Installing control_node script to /home/wujiashu0421/Roarm_ROS/install/arm_controller/lib/Arm_Controller
[1.226s] writing list of installed files to '/home/wujiashu0421/Roarm_ROS/build/arm_controller/install.log'
[1.294s] Invoked command in '/home/wujiashu0421/Roarm_ROS/src/arm_controller' returned '0': PYTHONPATH=/home/wujiashu0421/Roarm_ROS/build/arm_controller/prefix_override:/home/wujiashu0421/Roarm_ROS/install/arm_controller/lib/python3.10/site-packages:${PYTHONPATH} WSLENV=ELECTRON_RUN_AS_NODE/w: /usr/bin/python3 setup.py egg_info --egg-base ../../build/arm_controller build --build-base /home/wujiashu0421/Roarm_ROS/build/arm_controller/build install --record /home/wujiashu0421/Roarm_ROS/build/arm_controller/install.log --single-version-externally-managed
