[0.043s] Invoking command in '/home/wujiashu0421/roarm_ws_em0/build/roarm': /usr/bin/cmake /home/wujiashu0421/roarm_ws_em0/src/roarm -DCMAKE_INSTALL_PREFIX=/home/wujiashu0421/roarm_ws_em0/install/roarm
[0.053s] [31mCMake Error at CMakeLists.txt:9 (find_package):
[0.053s]   By not providing "Findament_cmake.cmake" in CMAKE_MODULE_PATH this project
[0.053s]   has asked CMake to find a package configuration file provided by
[0.053s]   "ament_cmake", but CMake did not find one.
[0.053s] 
[0.053s]   Could not find a package configuration file provided by "ament_cmake" with
[0.053s]   any of the following names:
[0.053s] 
[0.053s]     ament_cmakeConfig.cmake
[0.053s]     ament_cmake-config.cmake
[0.053s] 
[0.053s]   Add the installation prefix of "ament_cmake" to CMAKE_PREFIX_PATH or set
[0.053s]   "ament_cmake_DIR" to a directory containing one of the above files.  If
[0.054s]   "ament_cmake" provides a separate development package or SDK, be sure it
[0.054s]   has been installed.
[0.054s] 
[0.054s] [0m
[0.054s] -- Configuring incomplete, errors occurred!
[0.054s] See also "/home/wujiashu0421/roarm_ws_em0/build/roarm/CMakeFiles/CMakeOutput.log".
[0.216s] Invoked command in '/home/wujiashu0421/roarm_ws_em0/build/roarm' returned '1': /usr/bin/cmake /home/wujiashu0421/roarm_ws_em0/src/roarm -DCMAKE_INSTALL_PREFIX=/home/wujiashu0421/roarm_ws_em0/install/roarm
