[0.644s] Invoking command in '/home/wujiashu0421/Roarm_ROS/build/roarm_controller': PYTHONPATH=/home/wujiashu0421/Roarm_ROS/build/roarm_controller/prefix_override:/home/wujiashu0421/Roarm_ROS/install/roarm_controller/lib/python3.10/site-packages:${PYTHONPATH} WSLENV=ELECTRON_RUN_AS_NODE/w: /usr/bin/python3 setup.py develop --uninstall --editable --build-directory /home/wujiashu0421/Roarm_ROS/build/roarm_controller/build
[0.865s] running develop
[0.998s] Removing /home/wujiashu0421/Roarm_ROS/install/roarm_controller/lib/python3.10/site-packages/roarm-controller.egg-link (link to .)
[1.037s] Invoked command in '/home/wujiashu0421/Roarm_ROS/build/roarm_controller' returned '0': PYTHONPATH=/home/wujiashu0421/Roarm_ROS/build/roarm_controller/prefix_override:/home/wujiashu0421/Roarm_ROS/install/roarm_controller/lib/python3.10/site-packages:${PYTHONPATH} WSLENV=ELECTRON_RUN_AS_NODE/w: /usr/bin/python3 setup.py develop --uninstall --editable --build-directory /home/wujiashu0421/Roarm_ROS/build/roarm_controller/build
[1.039s] Invoking command in '/home/wujiashu0421/Roarm_ROS/src/roarm_controller': PYTHONPATH=/home/wujiashu0421/Roarm_ROS/build/roarm_controller/prefix_override:/home/wujiashu0421/Roarm_ROS/install/roarm_controller/lib/python3.10/site-packages:${PYTHONPATH} WSLENV=ELECTRON_RUN_AS_NODE/w: /usr/bin/python3 setup.py egg_info --egg-base ../../build/roarm_controller build --build-base /home/wujiashu0421/Roarm_ROS/build/roarm_controller/build install --record /home/wujiashu0421/Roarm_ROS/build/roarm_controller/install.log --single-version-externally-managed
[1.260s] running egg_info
[1.260s] writing ../../build/roarm_controller/roarm_controller.egg-info/PKG-INFO
[1.261s] writing dependency_links to ../../build/roarm_controller/roarm_controller.egg-info/dependency_links.txt
[1.261s] writing entry points to ../../build/roarm_controller/roarm_controller.egg-info/entry_points.txt
[1.261s] writing requirements to ../../build/roarm_controller/roarm_controller.egg-info/requires.txt
[1.261s] writing top-level names to ../../build/roarm_controller/roarm_controller.egg-info/top_level.txt
[1.263s] reading manifest file '../../build/roarm_controller/roarm_controller.egg-info/SOURCES.txt'
[1.264s] writing manifest file '../../build/roarm_controller/roarm_controller.egg-info/SOURCES.txt'
[1.264s] running build
[1.264s] running build_py
[1.264s] creating /home/wujiashu0421/Roarm_ROS/build/roarm_controller/build
[1.264s] creating /home/wujiashu0421/Roarm_ROS/build/roarm_controller/build/lib
[1.264s] creating /home/wujiashu0421/Roarm_ROS/build/roarm_controller/build/lib/roarm_controller
[1.265s] copying roarm_controller/controller.py -> /home/wujiashu0421/Roarm_ROS/build/roarm_controller/build/lib/roarm_controller
[1.265s] copying roarm_controller/__init__.py -> /home/wujiashu0421/Roarm_ROS/build/roarm_controller/build/lib/roarm_controller
[1.265s] running install
[1.265s] running install_lib
[1.266s] creating /home/wujiashu0421/Roarm_ROS/install/roarm_controller/lib/python3.10/site-packages/roarm_controller
[1.266s] copying /home/wujiashu0421/Roarm_ROS/build/roarm_controller/build/lib/roarm_controller/controller.py -> /home/wujiashu0421/Roarm_ROS/install/roarm_controller/lib/python3.10/site-packages/roarm_controller
[1.266s] copying /home/wujiashu0421/Roarm_ROS/build/roarm_controller/build/lib/roarm_controller/__init__.py -> /home/wujiashu0421/Roarm_ROS/install/roarm_controller/lib/python3.10/site-packages/roarm_controller
[1.266s] byte-compiling /home/wujiashu0421/Roarm_ROS/install/roarm_controller/lib/python3.10/site-packages/roarm_controller/controller.py to controller.cpython-310.pyc
[1.267s] byte-compiling /home/wujiashu0421/Roarm_ROS/install/roarm_controller/lib/python3.10/site-packages/roarm_controller/__init__.py to __init__.cpython-310.pyc
[1.267s] running install_data
[1.268s] running install_egg_info
[1.269s] Copying ../../build/roarm_controller/roarm_controller.egg-info to /home/wujiashu0421/Roarm_ROS/install/roarm_controller/lib/python3.10/site-packages/roarm_controller-0.0.0-py3.10.egg-info
[1.270s] running install_scripts
[1.287s] Installing roarm_controller script to /home/wujiashu0421/Roarm_ROS/install/roarm_controller/lib/roarm_controller
[1.287s] writing list of installed files to '/home/wujiashu0421/Roarm_ROS/build/roarm_controller/install.log'
[1.306s] Invoked command in '/home/wujiashu0421/Roarm_ROS/src/roarm_controller' returned '0': PYTHONPATH=/home/wujiashu0421/Roarm_ROS/build/roarm_controller/prefix_override:/home/wujiashu0421/Roarm_ROS/install/roarm_controller/lib/python3.10/site-packages:${PYTHONPATH} WSLENV=ELECTRON_RUN_AS_NODE/w: /usr/bin/python3 setup.py egg_info --egg-base ../../build/roarm_controller build --build-base /home/wujiashu0421/Roarm_ROS/build/roarm_controller/build install --record /home/wujiashu0421/Roarm_ROS/build/roarm_controller/install.log --single-version-externally-managed
