running egg_info
writing ../../build/arm_controller/Arm_Controller.egg-info/PKG-INFO
writing dependency_links to ../../build/arm_controller/Arm_Controller.egg-info/dependency_links.txt
writing entry points to ../../build/arm_controller/Arm_Controller.egg-info/entry_points.txt
writing requirements to ../../build/arm_controller/Arm_Controller.egg-info/requires.txt
writing top-level names to ../../build/arm_controller/Arm_Controller.egg-info/top_level.txt
reading manifest file '../../build/arm_controller/Arm_Controller.egg-info/SOURCES.txt'
writing manifest file '../../build/arm_controller/Arm_Controller.egg-info/SOURCES.txt'
running build
running build_py
creating /home/wujiashu0421/Roarm_ROS/build/arm_controller/build
creating /home/wujiashu0421/Roarm_ROS/build/arm_controller/build/lib
creating /home/wujiashu0421/Roarm_ROS/build/arm_controller/build/lib/arm_controller
copying arm_controller/controller_node.py -> /home/wujiashu0421/Roarm_ROS/build/arm_controller/build/lib/arm_controller
copying arm_controller/__init__.py -> /home/wujiashu0421/Roarm_ROS/build/arm_controller/build/lib/arm_controller
copying arm_controller/arm_node.py -> /home/wujiashu0421/Roarm_ROS/build/arm_controller/build/lib/arm_controller
running install
running install_lib
creating /home/wujiashu0421/Roarm_ROS/install/arm_controller/lib/python3.10/site-packages/arm_controller
copying /home/wujiashu0421/Roarm_ROS/build/arm_controller/build/lib/arm_controller/controller_node.py -> /home/wujiashu0421/Roarm_ROS/install/arm_controller/lib/python3.10/site-packages/arm_controller
copying /home/wujiashu0421/Roarm_ROS/build/arm_controller/build/lib/arm_controller/__init__.py -> /home/wujiashu0421/Roarm_ROS/install/arm_controller/lib/python3.10/site-packages/arm_controller
copying /home/wujiashu0421/Roarm_ROS/build/arm_controller/build/lib/arm_controller/arm_node.py -> /home/wujiashu0421/Roarm_ROS/install/arm_controller/lib/python3.10/site-packages/arm_controller
byte-compiling /home/wujiashu0421/Roarm_ROS/install/arm_controller/lib/python3.10/site-packages/arm_controller/controller_node.py to controller_node.cpython-310.pyc
byte-compiling /home/wujiashu0421/Roarm_ROS/install/arm_controller/lib/python3.10/site-packages/arm_controller/__init__.py to __init__.cpython-310.pyc
byte-compiling /home/wujiashu0421/Roarm_ROS/install/arm_controller/lib/python3.10/site-packages/arm_controller/arm_node.py to arm_node.cpython-310.pyc
running install_data
copying resource/Arm_Controller -> /home/wujiashu0421/Roarm_ROS/install/arm_controller/share/ament_index/resource_index/packages
creating /home/wujiashu0421/Roarm_ROS/install/arm_controller/share/Arm_Controller
copying package.xml -> /home/wujiashu0421/Roarm_ROS/install/arm_controller/share/Arm_Controller
running install_egg_info
Copying ../../build/arm_controller/Arm_Controller.egg-info to /home/wujiashu0421/Roarm_ROS/install/arm_controller/lib/python3.10/site-packages/Arm_Controller-0.0.0-py3.10.egg-info
running install_scripts
Installing control_node script to /home/wujiashu0421/Roarm_ROS/install/arm_controller/lib/Arm_Controller
writing list of installed files to '/home/wujiashu0421/Roarm_ROS/build/arm_controller/install.log'
