[1.219s] Invoking command in '/home/wujiashu0421/Roarm_ROS/src/arm_controller': PYTHONPATH=/home/wujiashu0421/Roarm_ROS/build/arm_controller/prefix_override:/home/wujiashu0421/Roarm_ROS/install/arm_controller/lib/python3.10/site-packages:${PYTHONPATH} /usr/bin/python3 setup.py egg_info --egg-base ../../build/arm_controller build --build-base /home/wujiashu0421/Roarm_ROS/build/arm_controller/build install --record /home/wujiashu0421/Roarm_ROS/build/arm_controller/install.log --single-version-externally-managed
[1.437s] running egg_info
[1.438s] writing ../../build/arm_controller/Arm_Controller.egg-info/PKG-INFO
[1.438s] writing dependency_links to ../../build/arm_controller/Arm_Controller.egg-info/dependency_links.txt
[1.438s] writing entry points to ../../build/arm_controller/Arm_Controller.egg-info/entry_points.txt
[1.438s] writing requirements to ../../build/arm_controller/Arm_Controller.egg-info/requires.txt
[1.439s] writing top-level names to ../../build/arm_controller/Arm_Controller.egg-info/top_level.txt
[1.442s] reading manifest file '../../build/arm_controller/Arm_Controller.egg-info/SOURCES.txt'
[1.443s] writing manifest file '../../build/arm_controller/Arm_Controller.egg-info/SOURCES.txt'
[1.443s] running build
[1.443s] running build_py
[1.444s] creating /home/wujiashu0421/Roarm_ROS/build/arm_controller/build
[1.444s] creating /home/wujiashu0421/Roarm_ROS/build/arm_controller/build/lib
[1.444s] creating /home/wujiashu0421/Roarm_ROS/build/arm_controller/build/lib/arm_controller
[1.444s] copying arm_controller/controller_node.py -> /home/wujiashu0421/Roarm_ROS/build/arm_controller/build/lib/arm_controller
[1.444s] copying arm_controller/__init__.py -> /home/wujiashu0421/Roarm_ROS/build/arm_controller/build/lib/arm_controller
[1.444s] copying arm_controller/arm_node.py -> /home/wujiashu0421/Roarm_ROS/build/arm_controller/build/lib/arm_controller
[1.445s] running install
[1.445s] /usr/lib/python3/dist-packages/setuptools/command/install.py:34: SetuptoolsDeprecationWarning: setup.py install is deprecated. Use build and pip and other standards-based tools.
[1.445s]   warnings.warn(
[1.446s] running install_lib
[1.447s] creating /home/wujiashu0421/Roarm_ROS/install/arm_controller/lib/python3.10/site-packages/arm_controller
[1.447s] copying /home/wujiashu0421/Roarm_ROS/build/arm_controller/build/lib/arm_controller/controller_node.py -> /home/wujiashu0421/Roarm_ROS/install/arm_controller/lib/python3.10/site-packages/arm_controller
[1.447s] copying /home/wujiashu0421/Roarm_ROS/build/arm_controller/build/lib/arm_controller/__init__.py -> /home/wujiashu0421/Roarm_ROS/install/arm_controller/lib/python3.10/site-packages/arm_controller
[1.447s] copying /home/wujiashu0421/Roarm_ROS/build/arm_controller/build/lib/arm_controller/arm_node.py -> /home/wujiashu0421/Roarm_ROS/install/arm_controller/lib/python3.10/site-packages/arm_controller
[1.448s] byte-compiling /home/wujiashu0421/Roarm_ROS/install/arm_controller/lib/python3.10/site-packages/arm_controller/controller_node.py to controller_node.cpython-310.pyc
[1.449s] byte-compiling /home/wujiashu0421/Roarm_ROS/install/arm_controller/lib/python3.10/site-packages/arm_controller/__init__.py to __init__.cpython-310.pyc
[1.449s] byte-compiling /home/wujiashu0421/Roarm_ROS/install/arm_controller/lib/python3.10/site-packages/arm_controller/arm_node.py to arm_node.cpython-310.pyc
[1.449s] running install_data
[1.450s] copying resource/Arm_Controller -> /home/wujiashu0421/Roarm_ROS/install/arm_controller/share/ament_index/resource_index/packages
[1.450s] creating /home/wujiashu0421/Roarm_ROS/install/arm_controller/share/Arm_Controller
[1.450s] copying package.xml -> /home/wujiashu0421/Roarm_ROS/install/arm_controller/share/Arm_Controller
[1.450s] running install_egg_info
[1.453s] Copying ../../build/arm_controller/Arm_Controller.egg-info to /home/wujiashu0421/Roarm_ROS/install/arm_controller/lib/python3.10/site-packages/Arm_Controller-0.0.0-py3.10.egg-info
[1.454s] running install_scripts
[1.480s] Installing control_node script to /home/wujiashu0421/Roarm_ROS/install/arm_controller/lib/Arm_Controller
[1.480s] writing list of installed files to '/home/wujiashu0421/Roarm_ROS/build/arm_controller/install.log'
[1.526s] Invoked command in '/home/wujiashu0421/Roarm_ROS/src/arm_controller' returned '0': PYTHONPATH=/home/wujiashu0421/Roarm_ROS/build/arm_controller/prefix_override:/home/wujiashu0421/Roarm_ROS/install/arm_controller/lib/python3.10/site-packages:${PYTHONPATH} /usr/bin/python3 setup.py egg_info --egg-base ../../build/arm_controller build --build-base /home/wujiashu0421/Roarm_ROS/build/arm_controller/build install --record /home/wujiashu0421/Roarm_ROS/build/arm_controller/install.log --single-version-externally-managed
