[0.043s] Invoking command in '/home/wujiashu0421/roarm_ws_em0/build/roarm': /usr/bin/cmake /home/wujiashu0421/roarm_ws_em0/src/roarm -DCMAKE_INSTALL_PREFIX=/home/wujiashu0421/roarm_ws_em0/install/roarm
[0.164s] -- The C compiler identification is GNU 11.4.0
[0.509s] -- The CXX compiler identification is GNU 11.4.0
[0.728s] -- Detecting C compiler ABI info
[0.828s] -- Detecting C compiler ABI info - done
[0.835s] -- Check for working C compiler: /usr/bin/cc - skipped
[0.835s] -- Detecting C compile features
[0.835s] -- Detecting C compile features - done
[0.838s] -- Detecting CXX compiler ABI info
[0.944s] -- Detecting CXX compiler ABI info - done
[0.951s] -- Check for working CXX compiler: /usr/bin/c++ - skipped
[0.951s] -- Detecting CXX compile features
[0.951s] -- Detecting CXX compile features - done
[1.984s] [31mCMake Error at CMakeLists.txt:9 (find_package):
[1.984s]   By not providing "Findament_cmake.cmake" in CMAKE_MODULE_PATH this project
[1.984s]   has asked CMake to find a package configuration file provided by
[1.984s]   "ament_cmake", but CMake did not find one.
[1.984s] 
[1.984s]   Could not find a package configuration file provided by "ament_cmake" with
[1.984s]   any of the following names:
[1.984s] 
[1.984s]     ament_cmakeConfig.cmake
[1.984s]     ament_cmake-config.cmake
[1.984s] 
[1.984s]   Add the installation prefix of "ament_cmake" to CMAKE_PREFIX_PATH or set
[1.985s]   "ament_cmake_DIR" to a directory containing one of the above files.  If
[1.985s]   "ament_cmake" provides a separate development package or SDK, be sure it
[1.985s]   has been installed.
[1.985s] 
[1.985s] [0m
[1.985s] -- Configuring incomplete, errors occurred!
[1.985s] See also "/home/wujiashu0421/roarm_ws_em0/build/roarm/CMakeFiles/CMakeOutput.log".
[1.987s] Invoked command in '/home/wujiashu0421/roarm_ws_em0/build/roarm' returned '1': /usr/bin/cmake /home/wujiashu0421/roarm_ws_em0/src/roarm -DCMAKE_INSTALL_PREFIX=/home/wujiashu0421/roarm_ws_em0/install/roarm
