[0.757s] Invoking command in '/home/wujiashu0421/Roarm_ROS/src/roarm_ws_em0/src/serial_ctrl': PYTHONPATH=/home/wujiashu0421/Roarm_ROS/build/serial_ctrl/prefix_override:/home/wujiashu0421/Roarm_ROS/install/serial_ctrl/lib/python3.10/site-packages:${PYTHONPATH} /usr/bin/python3 setup.py egg_info --egg-base ../../../../build/serial_ctrl build --build-base /home/wujiashu0421/Roarm_ROS/build/serial_ctrl/build install --record /home/wujiashu0421/Roarm_ROS/build/serial_ctrl/install.log --single-version-externally-managed
[0.927s] running egg_info
[0.928s] creating ../../../../build/serial_ctrl/serial_ctrl.egg-info
[0.928s] writing ../../../../build/serial_ctrl/serial_ctrl.egg-info/PKG-INFO
[0.929s] writing dependency_links to ../../../../build/serial_ctrl/serial_ctrl.egg-info/dependency_links.txt
[0.929s] writing entry points to ../../../../build/serial_ctrl/serial_ctrl.egg-info/entry_points.txt
[0.929s] writing requirements to ../../../../build/serial_ctrl/serial_ctrl.egg-info/requires.txt
[0.930s] writing top-level names to ../../../../build/serial_ctrl/serial_ctrl.egg-info/top_level.txt
[0.930s] writing manifest file '../../../../build/serial_ctrl/serial_ctrl.egg-info/SOURCES.txt'
[0.930s] reading manifest file '../../../../build/serial_ctrl/serial_ctrl.egg-info/SOURCES.txt'
[0.931s] writing manifest file '../../../../build/serial_ctrl/serial_ctrl.egg-info/SOURCES.txt'
[0.931s] running build
[0.931s] running build_py
[0.932s] creating /home/wujiashu0421/Roarm_ROS/build/serial_ctrl/build
[0.932s] creating /home/wujiashu0421/Roarm_ROS/build/serial_ctrl/build/lib
[0.932s] creating /home/wujiashu0421/Roarm_ROS/build/serial_ctrl/build/lib/serial_ctrl
[0.932s] copying serial_ctrl/__init__.py -> /home/wujiashu0421/Roarm_ROS/build/serial_ctrl/build/lib/serial_ctrl
[0.933s] copying serial_ctrl/serial_ctrl_py.py -> /home/wujiashu0421/Roarm_ROS/build/serial_ctrl/build/lib/serial_ctrl
[0.934s] running install
[0.934s] /usr/lib/python3/dist-packages/setuptools/command/install.py:34: SetuptoolsDeprecationWarning: setup.py install is deprecated. Use build and pip and other standards-based tools.
[0.934s]   warnings.warn(
[0.934s] running install_lib
[0.938s] creating /home/wujiashu0421/Roarm_ROS/install/serial_ctrl/lib/python3.10/site-packages/serial_ctrl
[0.938s] copying /home/wujiashu0421/Roarm_ROS/build/serial_ctrl/build/lib/serial_ctrl/__init__.py -> /home/wujiashu0421/Roarm_ROS/install/serial_ctrl/lib/python3.10/site-packages/serial_ctrl
[0.940s] copying /home/wujiashu0421/Roarm_ROS/build/serial_ctrl/build/lib/serial_ctrl/serial_ctrl_py.py -> /home/wujiashu0421/Roarm_ROS/install/serial_ctrl/lib/python3.10/site-packages/serial_ctrl
[0.941s] byte-compiling /home/wujiashu0421/Roarm_ROS/install/serial_ctrl/lib/python3.10/site-packages/serial_ctrl/__init__.py to __init__.cpython-310.pyc
[0.941s] byte-compiling /home/wujiashu0421/Roarm_ROS/install/serial_ctrl/lib/python3.10/site-packages/serial_ctrl/serial_ctrl_py.py to serial_ctrl_py.cpython-310.pyc
[0.942s] running install_data
[0.942s] creating /home/wujiashu0421/Roarm_ROS/install/serial_ctrl/share/ament_index
[0.942s] creating /home/wujiashu0421/Roarm_ROS/install/serial_ctrl/share/ament_index/resource_index
[0.942s] creating /home/wujiashu0421/Roarm_ROS/install/serial_ctrl/share/ament_index/resource_index/packages
[0.942s] copying resource/serial_ctrl -> /home/wujiashu0421/Roarm_ROS/install/serial_ctrl/share/ament_index/resource_index/packages
[0.942s] copying package.xml -> /home/wujiashu0421/Roarm_ROS/install/serial_ctrl/share/serial_ctrl
[0.943s] running install_egg_info
[0.943s] Copying ../../../../build/serial_ctrl/serial_ctrl.egg-info to /home/wujiashu0421/Roarm_ROS/install/serial_ctrl/lib/python3.10/site-packages/serial_ctrl-0.0.0-py3.10.egg-info
[0.943s] running install_scripts
[0.954s] Installing serial_ctrl script to /home/wujiashu0421/Roarm_ROS/install/serial_ctrl/lib/serial_ctrl
[0.954s] writing list of installed files to '/home/wujiashu0421/Roarm_ROS/build/serial_ctrl/install.log'
[0.991s] Invoked command in '/home/wujiashu0421/Roarm_ROS/src/roarm_ws_em0/src/serial_ctrl' returned '0': PYTHONPATH=/home/wujiashu0421/Roarm_ROS/build/serial_ctrl/prefix_override:/home/wujiashu0421/Roarm_ROS/install/serial_ctrl/lib/python3.10/site-packages:${PYTHONPATH} /usr/bin/python3 setup.py egg_info --egg-base ../../../../build/serial_ctrl build --build-base /home/wujiashu0421/Roarm_ROS/build/serial_ctrl/build install --record /home/wujiashu0421/Roarm_ROS/build/serial_ctrl/install.log --single-version-externally-managed
