[0.925s] Invoking command in '/home/wujiashu0421/Roarm_ROS/build/Arm_Controller': PYTHONPATH=/home/wujiashu0421/Roarm_ROS/build/Arm_Controller/prefix_override:/home/wujiashu0421/Roarm_ROS/install/Arm_Controller/lib/python3.10/site-packages:${PYTHONPATH} /usr/bin/python3 setup.py develop --editable --build-directory /home/wujiashu0421/Roarm_ROS/build/Arm_Controller/build --no-deps install_data
[1.117s] running develop
[1.117s] /usr/lib/python3/dist-packages/setuptools/command/easy_install.py:158: EasyInstallDeprecationWarning: easy_install command is deprecated. Use build and pip and other standards-based tools.
[1.118s]   warnings.warn(
[1.119s] /usr/lib/python3/dist-packages/setuptools/command/install.py:34: SetuptoolsDeprecationWarning: setup.py install is deprecated. Use build and pip and other standards-based tools.
[1.119s]   warnings.warn(
[1.238s] running egg_info
[1.238s] writing Arm_Controller.egg-info/PKG-INFO
[1.239s] writing dependency_links to Arm_Controller.egg-info/dependency_links.txt
[1.239s] writing entry points to Arm_Controller.egg-info/entry_points.txt
[1.239s] writing requirements to Arm_Controller.egg-info/requires.txt
[1.239s] writing top-level names to Arm_Controller.egg-info/top_level.txt
[1.240s] reading manifest file 'Arm_Controller.egg-info/SOURCES.txt'
[1.241s] writing manifest file 'Arm_Controller.egg-info/SOURCES.txt'
[1.242s] running build_ext
[1.242s] Creating /home/wujiashu0421/Roarm_ROS/install/Arm_Controller/lib/python3.10/site-packages/Arm-Controller.egg-link (link to .)
[1.243s] Installing control_node script to /home/wujiashu0421/Roarm_ROS/install/Arm_Controller/lib/Arm_Controller
[1.243s] 
[1.243s] Installed /home/wujiashu0421/Roarm_ROS/build/Arm_Controller
[1.243s] running install_data
[1.270s] Invoked command in '/home/wujiashu0421/Roarm_ROS/build/Arm_Controller' returned '0': PYTHONPATH=/home/wujiashu0421/Roarm_ROS/build/Arm_Controller/prefix_override:/home/wujiashu0421/Roarm_ROS/install/Arm_Controller/lib/python3.10/site-packages:${PYTHONPATH} /usr/bin/python3 setup.py develop --editable --build-directory /home/wujiashu0421/Roarm_ROS/build/Arm_Controller/build --no-deps install_data
