[0.898s] Invoking command in '/home/wujiashu0421/Roarm_ROS/src/roarm_ws_em0/src/serial_ctrl': PYTHONPATH=/home/wujiashu0421/Roarm_ROS/build/serial_ctrl/prefix_override:/home/wujiashu0421/Roarm_ROS/install/serial_ctrl/lib/python3.10/site-packages:${PYTHONPATH} WSLENV=ELECTRON_RUN_AS_NODE/w: /usr/bin/python3 setup.py egg_info --egg-base ../../../../build/serial_ctrl build --build-base /home/wujiashu0421/Roarm_ROS/build/serial_ctrl/build install --record /home/wujiashu0421/Roarm_ROS/build/serial_ctrl/install.log --single-version-externally-managed
[1.082s] running egg_info
[1.082s] creating ../../../../build/serial_ctrl/serial_ctrl.egg-info
[1.083s] writing ../../../../build/serial_ctrl/serial_ctrl.egg-info/PKG-INFO
[1.083s] writing dependency_links to ../../../../build/serial_ctrl/serial_ctrl.egg-info/dependency_links.txt
[1.083s] writing entry points to ../../../../build/serial_ctrl/serial_ctrl.egg-info/entry_points.txt
[1.083s] writing requirements to ../../../../build/serial_ctrl/serial_ctrl.egg-info/requires.txt
[1.083s] writing top-level names to ../../../../build/serial_ctrl/serial_ctrl.egg-info/top_level.txt
[1.083s] writing manifest file '../../../../build/serial_ctrl/serial_ctrl.egg-info/SOURCES.txt'
[1.084s] reading manifest file '../../../../build/serial_ctrl/serial_ctrl.egg-info/SOURCES.txt'
[1.085s] writing manifest file '../../../../build/serial_ctrl/serial_ctrl.egg-info/SOURCES.txt'
[1.085s] running build
[1.085s] running build_py
[1.085s] creating /home/wujiashu0421/Roarm_ROS/build/serial_ctrl/build
[1.086s] creating /home/wujiashu0421/Roarm_ROS/build/serial_ctrl/build/lib
[1.086s] creating /home/wujiashu0421/Roarm_ROS/build/serial_ctrl/build/lib/serial_ctrl
[1.086s] copying serial_ctrl/serial_ctrl.py -> /home/wujiashu0421/Roarm_ROS/build/serial_ctrl/build/lib/serial_ctrl
[1.086s] copying serial_ctrl/__init__.py -> /home/wujiashu0421/Roarm_ROS/build/serial_ctrl/build/lib/serial_ctrl
[1.086s] running install
[1.087s] /usr/lib/python3/dist-packages/setuptools/command/install.py:34: SetuptoolsDeprecationWarning: setup.py install is deprecated. Use build and pip and other standards-based tools.
[1.087s]   warnings.warn(
[1.087s] running install_lib
[1.087s] copying /home/wujiashu0421/Roarm_ROS/build/serial_ctrl/build/lib/serial_ctrl/serial_ctrl.py -> /home/wujiashu0421/Roarm_ROS/install/serial_ctrl/lib/python3.10/site-packages/serial_ctrl
[1.088s] byte-compiling /home/wujiashu0421/Roarm_ROS/install/serial_ctrl/lib/python3.10/site-packages/serial_ctrl/serial_ctrl.py to serial_ctrl.cpython-310.pyc
[1.088s] running install_data
[1.088s] copying package.xml -> /home/wujiashu0421/Roarm_ROS/install/serial_ctrl/share/serial_ctrl
[1.088s] running install_egg_info
[1.090s] removing '/home/wujiashu0421/Roarm_ROS/install/serial_ctrl/lib/python3.10/site-packages/serial_ctrl-0.0.0-py3.10.egg-info' (and everything under it)
[1.091s] Copying ../../../../build/serial_ctrl/serial_ctrl.egg-info to /home/wujiashu0421/Roarm_ROS/install/serial_ctrl/lib/python3.10/site-packages/serial_ctrl-0.0.0-py3.10.egg-info
[1.091s] running install_scripts
[1.107s] Installing serial_ctrl script to /home/wujiashu0421/Roarm_ROS/install/serial_ctrl/lib/serial_ctrl
[1.107s] writing list of installed files to '/home/wujiashu0421/Roarm_ROS/build/serial_ctrl/install.log'
[1.131s] Invoked command in '/home/wujiashu0421/Roarm_ROS/src/roarm_ws_em0/src/serial_ctrl' returned '0': PYTHONPATH=/home/wujiashu0421/Roarm_ROS/build/serial_ctrl/prefix_override:/home/wujiashu0421/Roarm_ROS/install/serial_ctrl/lib/python3.10/site-packages:${PYTHONPATH} WSLENV=ELECTRON_RUN_AS_NODE/w: /usr/bin/python3 setup.py egg_info --egg-base ../../../../build/serial_ctrl build --build-base /home/wujiashu0421/Roarm_ROS/build/serial_ctrl/build install --record /home/wujiashu0421/Roarm_ROS/build/serial_ctrl/install.log --single-version-externally-managed
