[0.309s] Invoking command in '/home/wujiashu0421/Roarm_ROS/build/roarm': CMAKE_PREFIX_PATH=/opt/ros/humble /usr/bin/cmake /home/wujiashu0421/Roarm_ROS/src/roarm_ws_em0/src/roarm -DCMAKE_INSTALL_PREFIX=/home/wujiashu0421/Roarm_ROS/install/roarm
[0.411s] -- The C compiler identification is GNU 11.4.0
[0.485s] -- The CXX compiler identification is GNU 11.4.0
[0.491s] -- Detecting C compiler ABI info
[0.545s] -- Detecting C compiler ABI info - done
[0.551s] -- Check for working C compiler: /usr/bin/cc - skipped
[0.552s] -- Detecting C compile features
[0.552s] -- Detecting C compile features - done
[0.554s] -- Detecting CXX compiler ABI info
[0.610s] -- Detecting CXX compiler ABI info - done
[0.616s] -- Check for working CXX compiler: /usr/bin/c++ - skipped
[0.616s] -- Detecting CXX compile features
[0.616s] -- Detecting CXX compile features - done
[0.621s] -- Found ament_cmake: 1.3.6 (/opt/ros/humble/share/ament_cmake/cmake)
[0.744s] -- Found Python3: /usr/bin/python3.10 (found version "3.10.12") found components: Interpreter 
[0.816s] -- Found ament_lint_auto: 0.12.9 (/opt/ros/humble/share/ament_lint_auto/cmake)
[0.874s] -- Added test 'flake8' to check Python code syntax and style conventions
[0.874s] -- Added test 'lint_cmake' to check CMake code style
[0.875s] -- Added test 'pep257' to check Python code against some of the docstring style conventions in PEP 257
[0.876s] -- Added test 'xmllint' to check XML markup files
[0.877s] -- Configuring done
[0.880s] -- Generating done
[0.881s] -- Build files have been written to: /home/wujiashu0421/Roarm_ROS/build/roarm
[0.884s] Invoked command in '/home/wujiashu0421/Roarm_ROS/build/roarm' returned '0': CMAKE_PREFIX_PATH=/opt/ros/humble /usr/bin/cmake /home/wujiashu0421/Roarm_ROS/src/roarm_ws_em0/src/roarm -DCMAKE_INSTALL_PREFIX=/home/wujiashu0421/Roarm_ROS/install/roarm
[0.886s] Invoking command in '/home/wujiashu0421/Roarm_ROS/build/roarm': CMAKE_PREFIX_PATH=/opt/ros/humble /usr/bin/cmake --build /home/wujiashu0421/Roarm_ROS/build/roarm -- -j8 -l8
[0.909s] Invoked command in '/home/wujiashu0421/Roarm_ROS/build/roarm' returned '0': CMAKE_PREFIX_PATH=/opt/ros/humble /usr/bin/cmake --build /home/wujiashu0421/Roarm_ROS/build/roarm -- -j8 -l8
[0.927s] Invoking command in '/home/wujiashu0421/Roarm_ROS/build/roarm': CMAKE_PREFIX_PATH=/opt/ros/humble /usr/bin/cmake --install /home/wujiashu0421/Roarm_ROS/build/roarm
[0.931s] -- Install configuration: ""
[0.931s] -- Installing: /home/wujiashu0421/Roarm_ROS/install/roarm/share/roarm/config
[0.932s] -- Installing: /home/wujiashu0421/Roarm_ROS/install/roarm/share/roarm/launch
[0.932s] -- Installing: /home/wujiashu0421/Roarm_ROS/install/roarm/share/roarm/launch/roarm.launch.py
[0.932s] -- Installing: /home/wujiashu0421/Roarm_ROS/install/roarm/share/roarm/maps
[0.932s] -- Installing: /home/wujiashu0421/Roarm_ROS/install/roarm/share/roarm/meshes
[0.932s] -- Installing: /home/wujiashu0421/Roarm_ROS/install/roarm/share/roarm/meshes/L3.stl
[0.937s] -- Installing: /home/wujiashu0421/Roarm_ROS/install/roarm/share/roarm/meshes/L4.stl
[0.938s] -- Installing: /home/wujiashu0421/Roarm_ROS/install/roarm/share/roarm/meshes/L1.stl
[0.941s] -- Installing: /home/wujiashu0421/Roarm_ROS/install/roarm/share/roarm/meshes/base.stl
[0.950s] -- Installing: /home/wujiashu0421/Roarm_ROS/install/roarm/share/roarm/meshes/L2.stl
[0.952s] -- Installing: /home/wujiashu0421/Roarm_ROS/install/roarm/share/roarm/models
[0.953s] -- Installing: /home/wujiashu0421/Roarm_ROS/install/roarm/share/roarm/params
[0.953s] -- Installing: /home/wujiashu0421/Roarm_ROS/install/roarm/share/roarm/rviz
[0.953s] -- Installing: /home/wujiashu0421/Roarm_ROS/install/roarm/share/roarm/rviz/rviz_basic_settings.rviz
[0.953s] -- Installing: /home/wujiashu0421/Roarm_ROS/install/roarm/share/roarm/src
[0.953s] -- Installing: /home/wujiashu0421/Roarm_ROS/install/roarm/share/roarm/urdf
[0.953s] -- Installing: /home/wujiashu0421/Roarm_ROS/install/roarm/share/roarm/urdf/roarm.urdf
[0.953s] -- Installing: /home/wujiashu0421/Roarm_ROS/install/roarm/share/roarm/worlds
[0.954s] -- Installing: /home/wujiashu0421/Roarm_ROS/install/roarm/share/ament_index/resource_index/package_run_dependencies/roarm
[0.954s] -- Installing: /home/wujiashu0421/Roarm_ROS/install/roarm/share/ament_index/resource_index/parent_prefix_path/roarm
[0.954s] -- Installing: /home/wujiashu0421/Roarm_ROS/install/roarm/share/roarm/environment/ament_prefix_path.sh
[0.954s] -- Installing: /home/wujiashu0421/Roarm_ROS/install/roarm/share/roarm/environment/ament_prefix_path.dsv
[0.954s] -- Installing: /home/wujiashu0421/Roarm_ROS/install/roarm/share/roarm/environment/path.sh
[0.954s] -- Installing: /home/wujiashu0421/Roarm_ROS/install/roarm/share/roarm/environment/path.dsv
[0.955s] -- Installing: /home/wujiashu0421/Roarm_ROS/install/roarm/share/roarm/local_setup.bash
[0.955s] -- Installing: /home/wujiashu0421/Roarm_ROS/install/roarm/share/roarm/local_setup.sh
[0.955s] -- Installing: /home/wujiashu0421/Roarm_ROS/install/roarm/share/roarm/local_setup.zsh
[0.955s] -- Installing: /home/wujiashu0421/Roarm_ROS/install/roarm/share/roarm/local_setup.dsv
[0.955s] -- Installing: /home/wujiashu0421/Roarm_ROS/install/roarm/share/roarm/package.dsv
[0.955s] -- Installing: /home/wujiashu0421/Roarm_ROS/install/roarm/share/ament_index/resource_index/packages/roarm
[0.955s] -- Installing: /home/wujiashu0421/Roarm_ROS/install/roarm/share/roarm/cmake/roarmConfig.cmake
[0.956s] -- Installing: /home/wujiashu0421/Roarm_ROS/install/roarm/share/roarm/cmake/roarmConfig-version.cmake
[0.956s] -- Installing: /home/wujiashu0421/Roarm_ROS/install/roarm/share/roarm/package.xml
[0.958s] Invoked command in '/home/wujiashu0421/Roarm_ROS/build/roarm' returned '0': CMAKE_PREFIX_PATH=/opt/ros/humble /usr/bin/cmake --install /home/wujiashu0421/Roarm_ROS/build/roarm
