[0.767s] DEBUG:colcon:Command line arguments: ['/usr/bin/colcon', 'list', '-p', '--base-paths', '/home/wujiashu0421/Roarm_ROS']
[0.767s] DEBUG:colcon:Parsed command line arguments: Namespace(log_base=None, log_level=None, verb_name='list', build_base='build', ignore_user_meta=False, metas=['./colcon.meta'], base_paths=['/home/wujiashu0421/Roarm_ROS'], packages_ignore=None, packages_ignore_regex=None, paths=None, packages_up_to=None, packages_up_to_regex=None, packages_above=None, packages_above_and_dependencies=None, packages_above_depth=None, packages_select_by_dep=None, packages_skip_by_dep=None, packages_skip_up_to=None, packages_select_build_failed=False, packages_skip_build_finished=False, packages_select_test_failures=False, packages_skip_test_passed=False, packages_select=None, packages_skip=None, packages_select_regex=None, packages_skip_regex=None, packages_start=None, packages_end=None, allow_overriding=[], topological_order=False, names_only=False, paths_only=True, topological_graph=False, topological_graph_dot=False, topological_graph_density=False, topological_graph_legend=False, topological_graph_dot_cluster=False, topological_graph_dot_include_skipped=False, verb_parser=<colcon_defaults.argument_parser.defaults.DefaultArgumentsDecorator object at 0x7f8a33786dd0>, verb_extension=<colcon_package_information.verb.list.ListVerb object at 0x7f8a3373d9f0>, main=<bound method ListVerb.main of <colcon_package_information.verb.list.ListVerb object at 0x7f8a3373d9f0>>)
[0.811s] Level 1:colcon.colcon_core.package_discovery:discover_packages(colcon_meta) check parameters
[0.811s] Level 1:colcon.colcon_core.package_discovery:discover_packages(recursive) check parameters
[0.811s] Level 1:colcon.colcon_core.package_discovery:discover_packages(ignore) check parameters
[0.811s] Level 1:colcon.colcon_core.package_discovery:discover_packages(path) check parameters
[0.811s] Level 1:colcon.colcon_core.package_discovery:discover_packages(recursive) discover
[0.811s] INFO:colcon.colcon_core.package_discovery:Crawling recursively for packages in '/home/wujiashu0421/Roarm_ROS'
[0.811s] Level 1:colcon.colcon_core.package_identification:_identify(/home/wujiashu0421/Roarm_ROS) by extensions ['ignore', 'ignore_ament_install']
[0.811s] Level 1:colcon.colcon_core.package_identification:_identify(/home/wujiashu0421/Roarm_ROS) by extension 'ignore'
[0.811s] Level 1:colcon.colcon_core.package_identification:_identify(/home/wujiashu0421/Roarm_ROS) by extension 'ignore_ament_install'
[0.811s] Level 1:colcon.colcon_core.package_identification:_identify(/home/wujiashu0421/Roarm_ROS) by extensions ['colcon_pkg']
[0.811s] Level 1:colcon.colcon_core.package_identification:_identify(/home/wujiashu0421/Roarm_ROS) by extension 'colcon_pkg'
[0.811s] Level 1:colcon.colcon_core.package_identification:_identify(/home/wujiashu0421/Roarm_ROS) by extensions ['colcon_meta']
[0.811s] Level 1:colcon.colcon_core.package_identification:_identify(/home/wujiashu0421/Roarm_ROS) by extension 'colcon_meta'
[0.811s] Level 1:colcon.colcon_core.package_identification:_identify(/home/wujiashu0421/Roarm_ROS) by extensions ['ros']
[0.811s] Level 1:colcon.colcon_core.package_identification:_identify(/home/wujiashu0421/Roarm_ROS) by extension 'ros'
[0.821s] Level 1:colcon.colcon_core.package_identification:_identify(/home/wujiashu0421/Roarm_ROS) by extensions ['cmake', 'python']
[0.821s] Level 1:colcon.colcon_core.package_identification:_identify(/home/wujiashu0421/Roarm_ROS) by extension 'cmake'
[0.821s] Level 1:colcon.colcon_core.package_identification:_identify(/home/wujiashu0421/Roarm_ROS) by extension 'python'
[0.821s] Level 1:colcon.colcon_core.package_identification:_identify(/home/wujiashu0421/Roarm_ROS) by extensions ['python_setup_py']
[0.821s] Level 1:colcon.colcon_core.package_identification:_identify(/home/wujiashu0421/Roarm_ROS) by extension 'python_setup_py'
[0.821s] Level 1:colcon.colcon_core.package_identification:_identify(/home/wujiashu0421/Roarm_ROS/build) by extensions ['ignore', 'ignore_ament_install']
[0.821s] Level 1:colcon.colcon_core.package_identification:_identify(/home/wujiashu0421/Roarm_ROS/build) by extension 'ignore'
[0.821s] Level 1:colcon.colcon_core.package_identification:_identify(/home/wujiashu0421/Roarm_ROS/build) ignored
[0.821s] Level 1:colcon.colcon_core.package_identification:_identify(/home/wujiashu0421/Roarm_ROS/install) by extensions ['ignore', 'ignore_ament_install']
[0.822s] Level 1:colcon.colcon_core.package_identification:_identify(/home/wujiashu0421/Roarm_ROS/install) by extension 'ignore'
[0.822s] Level 1:colcon.colcon_core.package_identification:_identify(/home/wujiashu0421/Roarm_ROS/install) ignored
[0.822s] Level 1:colcon.colcon_core.package_identification:_identify(/home/wujiashu0421/Roarm_ROS/log) by extensions ['ignore', 'ignore_ament_install']
[0.822s] Level 1:colcon.colcon_core.package_identification:_identify(/home/wujiashu0421/Roarm_ROS/log) by extension 'ignore'
[0.822s] Level 1:colcon.colcon_core.package_identification:_identify(/home/wujiashu0421/Roarm_ROS/log) ignored
[0.822s] Level 1:colcon.colcon_core.package_identification:_identify(/home/wujiashu0421/Roarm_ROS/src) by extensions ['ignore', 'ignore_ament_install']
[0.822s] Level 1:colcon.colcon_core.package_identification:_identify(/home/wujiashu0421/Roarm_ROS/src) by extension 'ignore'
[0.822s] Level 1:colcon.colcon_core.package_identification:_identify(/home/wujiashu0421/Roarm_ROS/src) by extension 'ignore_ament_install'
[0.822s] Level 1:colcon.colcon_core.package_identification:_identify(/home/wujiashu0421/Roarm_ROS/src) by extensions ['colcon_pkg']
[0.822s] Level 1:colcon.colcon_core.package_identification:_identify(/home/wujiashu0421/Roarm_ROS/src) by extension 'colcon_pkg'
[0.822s] Level 1:colcon.colcon_core.package_identification:_identify(/home/wujiashu0421/Roarm_ROS/src) by extensions ['colcon_meta']
[0.822s] Level 1:colcon.colcon_core.package_identification:_identify(/home/wujiashu0421/Roarm_ROS/src) by extension 'colcon_meta'
[0.822s] Level 1:colcon.colcon_core.package_identification:_identify(/home/wujiashu0421/Roarm_ROS/src) by extensions ['ros']
[0.822s] Level 1:colcon.colcon_core.package_identification:_identify(/home/wujiashu0421/Roarm_ROS/src) by extension 'ros'
[0.822s] Level 1:colcon.colcon_core.package_identification:_identify(/home/wujiashu0421/Roarm_ROS/src) by extensions ['cmake', 'python']
[0.822s] Level 1:colcon.colcon_core.package_identification:_identify(/home/wujiashu0421/Roarm_ROS/src) by extension 'cmake'
[0.822s] Level 1:colcon.colcon_core.package_identification:_identify(/home/wujiashu0421/Roarm_ROS/src) by extension 'python'
[0.822s] Level 1:colcon.colcon_core.package_identification:_identify(/home/wujiashu0421/Roarm_ROS/src) by extensions ['python_setup_py']
[0.822s] Level 1:colcon.colcon_core.package_identification:_identify(/home/wujiashu0421/Roarm_ROS/src) by extension 'python_setup_py'
[0.822s] Level 1:colcon.colcon_core.package_identification:_identify(/home/wujiashu0421/Roarm_ROS/src/Arm_Controller) by extensions ['ignore', 'ignore_ament_install']
[0.823s] Level 1:colcon.colcon_core.package_identification:_identify(/home/wujiashu0421/Roarm_ROS/src/Arm_Controller) by extension 'ignore'
[0.823s] Level 1:colcon.colcon_core.package_identification:_identify(/home/wujiashu0421/Roarm_ROS/src/Arm_Controller) by extension 'ignore_ament_install'
[0.823s] Level 1:colcon.colcon_core.package_identification:_identify(/home/wujiashu0421/Roarm_ROS/src/Arm_Controller) by extensions ['colcon_pkg']
[0.823s] Level 1:colcon.colcon_core.package_identification:_identify(/home/wujiashu0421/Roarm_ROS/src/Arm_Controller) by extension 'colcon_pkg'
[0.823s] Level 1:colcon.colcon_core.package_identification:_identify(/home/wujiashu0421/Roarm_ROS/src/Arm_Controller) by extensions ['colcon_meta']
[0.823s] Level 1:colcon.colcon_core.package_identification:_identify(/home/wujiashu0421/Roarm_ROS/src/Arm_Controller) by extension 'colcon_meta'
[0.823s] Level 1:colcon.colcon_core.package_identification:_identify(/home/wujiashu0421/Roarm_ROS/src/Arm_Controller) by extensions ['ros']
[0.823s] Level 1:colcon.colcon_core.package_identification:_identify(/home/wujiashu0421/Roarm_ROS/src/Arm_Controller) by extension 'ros'
[0.825s] DEBUG:colcon.colcon_core.package_identification:Package '/home/wujiashu0421/Roarm_ROS/src/Arm_Controller' with type 'ros.ament_python' and name 'Arm_Controller'
[0.825s] Level 1:colcon.colcon_core.package_identification:_identify(/home/wujiashu0421/Roarm_ROS/src/roarm_ws_em0) by extensions ['ignore', 'ignore_ament_install']
[0.825s] Level 1:colcon.colcon_core.package_identification:_identify(/home/wujiashu0421/Roarm_ROS/src/roarm_ws_em0) by extension 'ignore'
[0.825s] Level 1:colcon.colcon_core.package_identification:_identify(/home/wujiashu0421/Roarm_ROS/src/roarm_ws_em0) by extension 'ignore_ament_install'
[0.825s] Level 1:colcon.colcon_core.package_identification:_identify(/home/wujiashu0421/Roarm_ROS/src/roarm_ws_em0) by extensions ['colcon_pkg']
[0.825s] Level 1:colcon.colcon_core.package_identification:_identify(/home/wujiashu0421/Roarm_ROS/src/roarm_ws_em0) by extension 'colcon_pkg'
[0.825s] Level 1:colcon.colcon_core.package_identification:_identify(/home/wujiashu0421/Roarm_ROS/src/roarm_ws_em0) by extensions ['colcon_meta']
[0.825s] Level 1:colcon.colcon_core.package_identification:_identify(/home/wujiashu0421/Roarm_ROS/src/roarm_ws_em0) by extension 'colcon_meta'
[0.826s] Level 1:colcon.colcon_core.package_identification:_identify(/home/wujiashu0421/Roarm_ROS/src/roarm_ws_em0) by extensions ['ros']
[0.826s] Level 1:colcon.colcon_core.package_identification:_identify(/home/wujiashu0421/Roarm_ROS/src/roarm_ws_em0) by extension 'ros'
[0.826s] Level 1:colcon.colcon_core.package_identification:_identify(/home/wujiashu0421/Roarm_ROS/src/roarm_ws_em0) by extensions ['cmake', 'python']
[0.826s] Level 1:colcon.colcon_core.package_identification:_identify(/home/wujiashu0421/Roarm_ROS/src/roarm_ws_em0) by extension 'cmake'
[0.826s] Level 1:colcon.colcon_core.package_identification:_identify(/home/wujiashu0421/Roarm_ROS/src/roarm_ws_em0) by extension 'python'
[0.826s] Level 1:colcon.colcon_core.package_identification:_identify(/home/wujiashu0421/Roarm_ROS/src/roarm_ws_em0) by extensions ['python_setup_py']
[0.826s] Level 1:colcon.colcon_core.package_identification:_identify(/home/wujiashu0421/Roarm_ROS/src/roarm_ws_em0) by extension 'python_setup_py'
[0.826s] Level 1:colcon.colcon_core.package_identification:_identify(/home/wujiashu0421/Roarm_ROS/src/roarm_ws_em0/build) by extensions ['ignore', 'ignore_ament_install']
[0.826s] Level 1:colcon.colcon_core.package_identification:_identify(/home/wujiashu0421/Roarm_ROS/src/roarm_ws_em0/build) by extension 'ignore'
[0.826s] Level 1:colcon.colcon_core.package_identification:_identify(/home/wujiashu0421/Roarm_ROS/src/roarm_ws_em0/build) ignored
[0.826s] Level 1:colcon.colcon_core.package_identification:_identify(/home/wujiashu0421/Roarm_ROS/src/roarm_ws_em0/install) by extensions ['ignore', 'ignore_ament_install']
[0.826s] Level 1:colcon.colcon_core.package_identification:_identify(/home/wujiashu0421/Roarm_ROS/src/roarm_ws_em0/install) by extension 'ignore'
[0.826s] Level 1:colcon.colcon_core.package_identification:_identify(/home/wujiashu0421/Roarm_ROS/src/roarm_ws_em0/install) ignored
[0.826s] Level 1:colcon.colcon_core.package_identification:_identify(/home/wujiashu0421/Roarm_ROS/src/roarm_ws_em0/log) by extensions ['ignore', 'ignore_ament_install']
[0.826s] Level 1:colcon.colcon_core.package_identification:_identify(/home/wujiashu0421/Roarm_ROS/src/roarm_ws_em0/log) by extension 'ignore'
[0.826s] Level 1:colcon.colcon_core.package_identification:_identify(/home/wujiashu0421/Roarm_ROS/src/roarm_ws_em0/log) ignored
[0.826s] Level 1:colcon.colcon_core.package_identification:_identify(/home/wujiashu0421/Roarm_ROS/src/roarm_ws_em0/src) by extensions ['ignore', 'ignore_ament_install']
[0.826s] Level 1:colcon.colcon_core.package_identification:_identify(/home/wujiashu0421/Roarm_ROS/src/roarm_ws_em0/src) by extension 'ignore'
[0.826s] Level 1:colcon.colcon_core.package_identification:_identify(/home/wujiashu0421/Roarm_ROS/src/roarm_ws_em0/src) by extension 'ignore_ament_install'
[0.827s] Level 1:colcon.colcon_core.package_identification:_identify(/home/wujiashu0421/Roarm_ROS/src/roarm_ws_em0/src) by extensions ['colcon_pkg']
[0.827s] Level 1:colcon.colcon_core.package_identification:_identify(/home/wujiashu0421/Roarm_ROS/src/roarm_ws_em0/src) by extension 'colcon_pkg'
[0.827s] Level 1:colcon.colcon_core.package_identification:_identify(/home/wujiashu0421/Roarm_ROS/src/roarm_ws_em0/src) by extensions ['colcon_meta']
[0.827s] Level 1:colcon.colcon_core.package_identification:_identify(/home/wujiashu0421/Roarm_ROS/src/roarm_ws_em0/src) by extension 'colcon_meta'
[0.827s] Level 1:colcon.colcon_core.package_identification:_identify(/home/wujiashu0421/Roarm_ROS/src/roarm_ws_em0/src) by extensions ['ros']
[0.827s] Level 1:colcon.colcon_core.package_identification:_identify(/home/wujiashu0421/Roarm_ROS/src/roarm_ws_em0/src) by extension 'ros'
[0.827s] Level 1:colcon.colcon_core.package_identification:_identify(/home/wujiashu0421/Roarm_ROS/src/roarm_ws_em0/src) by extensions ['cmake', 'python']
[0.827s] Level 1:colcon.colcon_core.package_identification:_identify(/home/wujiashu0421/Roarm_ROS/src/roarm_ws_em0/src) by extension 'cmake'
[0.827s] Level 1:colcon.colcon_core.package_identification:_identify(/home/wujiashu0421/Roarm_ROS/src/roarm_ws_em0/src) by extension 'python'
[0.827s] Level 1:colcon.colcon_core.package_identification:_identify(/home/wujiashu0421/Roarm_ROS/src/roarm_ws_em0/src) by extensions ['python_setup_py']
[0.827s] Level 1:colcon.colcon_core.package_identification:_identify(/home/wujiashu0421/Roarm_ROS/src/roarm_ws_em0/src) by extension 'python_setup_py'
[0.827s] Level 1:colcon.colcon_core.package_identification:_identify(/home/wujiashu0421/Roarm_ROS/src/roarm_ws_em0/src/roarm) by extensions ['ignore', 'ignore_ament_install']
[0.827s] Level 1:colcon.colcon_core.package_identification:_identify(/home/wujiashu0421/Roarm_ROS/src/roarm_ws_em0/src/roarm) by extension 'ignore'
[0.827s] Level 1:colcon.colcon_core.package_identification:_identify(/home/wujiashu0421/Roarm_ROS/src/roarm_ws_em0/src/roarm) by extension 'ignore_ament_install'
[0.827s] Level 1:colcon.colcon_core.package_identification:_identify(/home/wujiashu0421/Roarm_ROS/src/roarm_ws_em0/src/roarm) by extensions ['colcon_pkg']
[0.827s] Level 1:colcon.colcon_core.package_identification:_identify(/home/wujiashu0421/Roarm_ROS/src/roarm_ws_em0/src/roarm) by extension 'colcon_pkg'
[0.827s] Level 1:colcon.colcon_core.package_identification:_identify(/home/wujiashu0421/Roarm_ROS/src/roarm_ws_em0/src/roarm) by extensions ['colcon_meta']
[0.827s] Level 1:colcon.colcon_core.package_identification:_identify(/home/wujiashu0421/Roarm_ROS/src/roarm_ws_em0/src/roarm) by extension 'colcon_meta'
[0.827s] Level 1:colcon.colcon_core.package_identification:_identify(/home/wujiashu0421/Roarm_ROS/src/roarm_ws_em0/src/roarm) by extensions ['ros']
[0.827s] Level 1:colcon.colcon_core.package_identification:_identify(/home/wujiashu0421/Roarm_ROS/src/roarm_ws_em0/src/roarm) by extension 'ros'
[0.828s] DEBUG:colcon.colcon_core.package_identification:Package '/home/wujiashu0421/Roarm_ROS/src/roarm_ws_em0/src/roarm' with type 'ros.ament_cmake' and name 'roarm'
[0.828s] Level 1:colcon.colcon_core.package_identification:_identify(/home/wujiashu0421/Roarm_ROS/src/roarm_ws_em0/src/serial_ctrl) by extensions ['ignore', 'ignore_ament_install']
[0.828s] Level 1:colcon.colcon_core.package_identification:_identify(/home/wujiashu0421/Roarm_ROS/src/roarm_ws_em0/src/serial_ctrl) by extension 'ignore'
[0.828s] Level 1:colcon.colcon_core.package_identification:_identify(/home/wujiashu0421/Roarm_ROS/src/roarm_ws_em0/src/serial_ctrl) by extension 'ignore_ament_install'
[0.828s] Level 1:colcon.colcon_core.package_identification:_identify(/home/wujiashu0421/Roarm_ROS/src/roarm_ws_em0/src/serial_ctrl) by extensions ['colcon_pkg']
[0.828s] Level 1:colcon.colcon_core.package_identification:_identify(/home/wujiashu0421/Roarm_ROS/src/roarm_ws_em0/src/serial_ctrl) by extension 'colcon_pkg'
[0.828s] Level 1:colcon.colcon_core.package_identification:_identify(/home/wujiashu0421/Roarm_ROS/src/roarm_ws_em0/src/serial_ctrl) by extensions ['colcon_meta']
[0.828s] Level 1:colcon.colcon_core.package_identification:_identify(/home/wujiashu0421/Roarm_ROS/src/roarm_ws_em0/src/serial_ctrl) by extension 'colcon_meta'
[0.828s] Level 1:colcon.colcon_core.package_identification:_identify(/home/wujiashu0421/Roarm_ROS/src/roarm_ws_em0/src/serial_ctrl) by extensions ['ros']
[0.828s] Level 1:colcon.colcon_core.package_identification:_identify(/home/wujiashu0421/Roarm_ROS/src/roarm_ws_em0/src/serial_ctrl) by extension 'ros'
[0.829s] DEBUG:colcon.colcon_core.package_identification:Package '/home/wujiashu0421/Roarm_ROS/src/roarm_ws_em0/src/serial_ctrl' with type 'ros.ament_python' and name 'serial_ctrl'
[0.829s] Level 1:colcon.colcon_core.package_discovery:discover_packages(recursive) using defaults
