[0.846s] Invoking command in '/home/wujiashu0421/Roarm_ROS/src/roarm_ws_em0/src/serial_ctrl': PYTHONPATH=/home/wujiashu0421/Roarm_ROS/build/serial_ctrl/prefix_override:/home/wujiashu0421/Roarm_ROS/install/serial_ctrl/lib/python3.10/site-packages:${PYTHONPATH} /usr/bin/python3 setup.py egg_info --egg-base ../../../../build/serial_ctrl build --build-base /home/wujiashu0421/Roarm_ROS/build/serial_ctrl/build install --record /home/wujiashu0421/Roarm_ROS/build/serial_ctrl/install.log --single-version-externally-managed
[1.031s] running egg_info
[1.032s] writing ../../../../build/serial_ctrl/serial_ctrl.egg-info/PKG-INFO
[1.032s] writing dependency_links to ../../../../build/serial_ctrl/serial_ctrl.egg-info/dependency_links.txt
[1.032s] writing entry points to ../../../../build/serial_ctrl/serial_ctrl.egg-info/entry_points.txt
[1.033s] writing requirements to ../../../../build/serial_ctrl/serial_ctrl.egg-info/requires.txt
[1.033s] writing top-level names to ../../../../build/serial_ctrl/serial_ctrl.egg-info/top_level.txt
[1.034s] reading manifest file '../../../../build/serial_ctrl/serial_ctrl.egg-info/SOURCES.txt'
[1.035s] writing manifest file '../../../../build/serial_ctrl/serial_ctrl.egg-info/SOURCES.txt'
[1.035s] running build
[1.035s] running build_py
[1.035s] running install
[1.035s] /usr/lib/python3/dist-packages/setuptools/command/install.py:34: SetuptoolsDeprecationWarning: setup.py install is deprecated. Use build and pip and other standards-based tools.
[1.035s]   warnings.warn(
[1.035s] running install_lib
[1.036s] running install_data
[1.037s] running install_egg_info
[1.038s] removing '/home/wujiashu0421/Roarm_ROS/install/serial_ctrl/lib/python3.10/site-packages/serial_ctrl-0.0.0-py3.10.egg-info' (and everything under it)
[1.038s] Copying ../../../../build/serial_ctrl/serial_ctrl.egg-info to /home/wujiashu0421/Roarm_ROS/install/serial_ctrl/lib/python3.10/site-packages/serial_ctrl-0.0.0-py3.10.egg-info
[1.039s] running install_scripts
[1.056s] Installing serial_ctrl script to /home/wujiashu0421/Roarm_ROS/install/serial_ctrl/lib/serial_ctrl
[1.056s] writing list of installed files to '/home/wujiashu0421/Roarm_ROS/build/serial_ctrl/install.log'
[1.122s] Invoked command in '/home/wujiashu0421/Roarm_ROS/src/roarm_ws_em0/src/serial_ctrl' returned '0': PYTHONPATH=/home/wujiashu0421/Roarm_ROS/build/serial_ctrl/prefix_override:/home/wujiashu0421/Roarm_ROS/install/serial_ctrl/lib/python3.10/site-packages:${PYTHONPATH} /usr/bin/python3 setup.py egg_info --egg-base ../../../../build/serial_ctrl build --build-base /home/wujiashu0421/Roarm_ROS/build/serial_ctrl/build install --record /home/wujiashu0421/Roarm_ROS/build/serial_ctrl/install.log --single-version-externally-managed
