running egg_info
creating ../../build/feedback_service/feedback_service.egg-info
writing ../../build/feedback_service/feedback_service.egg-info/PKG-INFO
writing dependency_links to ../../build/feedback_service/feedback_service.egg-info/dependency_links.txt
writing entry points to ../../build/feedback_service/feedback_service.egg-info/entry_points.txt
writing requirements to ../../build/feedback_service/feedback_service.egg-info/requires.txt
writing top-level names to ../../build/feedback_service/feedback_service.egg-info/top_level.txt
writing manifest file '../../build/feedback_service/feedback_service.egg-info/SOURCES.txt'
reading manifest file '../../build/feedback_service/feedback_service.egg-info/SOURCES.txt'
writing manifest file '../../build/feedback_service/feedback_service.egg-info/SOURCES.txt'
running build
running build_py
creating /home/wujiashu0421/Roarm_ROS/build/feedback_service/build
creating /home/wujiashu0421/Roarm_ROS/build/feedback_service/build/lib
creating /home/wujiashu0421/Roarm_ROS/build/feedback_service/build/lib/feedback_service
copying feedback_service/service_node .py -> /home/wujiashu0421/Roarm_ROS/build/feedback_service/build/lib/feedback_service
copying feedback_service/__init__.py -> /home/wujiashu0421/Roarm_ROS/build/feedback_service/build/lib/feedback_service
running install
running install_lib
creating /home/wujiashu0421/Roarm_ROS/install/feedback_service/lib/python3.10/site-packages/feedback_service
copying /home/wujiashu0421/Roarm_ROS/build/feedback_service/build/lib/feedback_service/service_node .py -> /home/wujiashu0421/Roarm_ROS/install/feedback_service/lib/python3.10/site-packages/feedback_service
copying /home/wujiashu0421/Roarm_ROS/build/feedback_service/build/lib/feedback_service/__init__.py -> /home/wujiashu0421/Roarm_ROS/install/feedback_service/lib/python3.10/site-packages/feedback_service
byte-compiling /home/wujiashu0421/Roarm_ROS/install/feedback_service/lib/python3.10/site-packages/feedback_service/service_node .py to service_node .cpython-310.pyc
byte-compiling /home/wujiashu0421/Roarm_ROS/install/feedback_service/lib/python3.10/site-packages/feedback_service/__init__.py to __init__.cpython-310.pyc
running install_data
creating /home/wujiashu0421/Roarm_ROS/install/feedback_service/share/ament_index
creating /home/wujiashu0421/Roarm_ROS/install/feedback_service/share/ament_index/resource_index
creating /home/wujiashu0421/Roarm_ROS/install/feedback_service/share/ament_index/resource_index/packages
copying resource/feedback_service -> /home/wujiashu0421/Roarm_ROS/install/feedback_service/share/ament_index/resource_index/packages
copying package.xml -> /home/wujiashu0421/Roarm_ROS/install/feedback_service/share/feedback_service
running install_egg_info
Copying ../../build/feedback_service/feedback_service.egg-info to /home/wujiashu0421/Roarm_ROS/install/feedback_service/lib/python3.10/site-packages/feedback_service-0.0.0-py3.10.egg-info
running install_scripts
writing list of installed files to '/home/wujiashu0421/Roarm_ROS/build/feedback_service/install.log'
