[0.790s] Invoking command in '/home/wujiashu0421/Roarm_ROS/build/serial_ctrl': PYTHONPATH=/home/wujiashu0421/Roarm_ROS/build/serial_ctrl/prefix_override:/home/wujiashu0421/Roarm_ROS/install/serial_ctrl/lib/python3.10/site-packages:${PYTHONPATH} /usr/bin/python3 setup.py develop --editable --build-directory /home/wujiashu0421/Roarm_ROS/build/serial_ctrl/build --no-deps install_data
[0.975s] /usr/lib/python3/dist-packages/setuptools/command/easy_install.py:158: EasyInstallDeprecationWarning: easy_install command is deprecated. Use build and pip and other standards-based tools.
[0.975s]   warnings.warn(
[0.975s] running develop
[0.976s] /usr/lib/python3/dist-packages/setuptools/command/install.py:34: SetuptoolsDeprecationWarning: setup.py install is deprecated. Use build and pip and other standards-based tools.
[0.976s]   warnings.warn(
[1.106s] running egg_info
[1.106s] writing serial_ctrl.egg-info/PKG-INFO
[1.106s] writing dependency_links to serial_ctrl.egg-info/dependency_links.txt
[1.107s] writing entry points to serial_ctrl.egg-info/entry_points.txt
[1.107s] writing requirements to serial_ctrl.egg-info/requires.txt
[1.107s] writing top-level names to serial_ctrl.egg-info/top_level.txt
[1.108s] reading manifest file 'serial_ctrl.egg-info/SOURCES.txt'
[1.108s] writing manifest file 'serial_ctrl.egg-info/SOURCES.txt'
[1.110s] running build_ext
[1.110s] Creating /home/wujiashu0421/Roarm_ROS/install/serial_ctrl/lib/python3.10/site-packages/serial-ctrl.egg-link (link to .)
[1.110s] Installing serial_ctrl script to /home/wujiashu0421/Roarm_ROS/install/serial_ctrl/lib/serial_ctrl
[1.111s] 
[1.111s] Installed /home/wujiashu0421/Roarm_ROS/build/serial_ctrl
[1.111s] running install_data
[1.186s] Invoked command in '/home/wujiashu0421/Roarm_ROS/build/serial_ctrl' returned '0': PYTHONPATH=/home/wujiashu0421/Roarm_ROS/build/serial_ctrl/prefix_override:/home/wujiashu0421/Roarm_ROS/install/serial_ctrl/lib/python3.10/site-packages:${PYTHONPATH} /usr/bin/python3 setup.py develop --editable --build-directory /home/wujiashu0421/Roarm_ROS/build/serial_ctrl/build --no-deps install_data
