[1.405s] Invoking command in '/home/wujiashu0421/Roarm_ROS/Arm_Controller': PYTHONPATH=/home/wujiashu0421/Roarm_ROS/build/arm_controller/prefix_override:/home/wujiashu0421/Roarm_ROS/install/arm_controller/lib/python3.10/site-packages:${PYTHONPATH} WSLENV=ELECTRON_RUN_AS_NODE/w: /usr/bin/python3 setup.py egg_info --egg-base ../build/arm_controller build --build-base /home/wujiashu0421/Roarm_ROS/build/arm_controller/build install --record /home/wujiashu0421/Roarm_ROS/build/arm_controller/install.log --single-version-externally-managed
[1.601s] running egg_info
[1.602s] creating ../build/arm_controller/Arm_Controller.egg-info
[1.602s] writing ../build/arm_controller/Arm_Controller.egg-info/PKG-INFO
[1.602s] writing dependency_links to ../build/arm_controller/Arm_Controller.egg-info/dependency_links.txt
[1.602s] writing entry points to ../build/arm_controller/Arm_Controller.egg-info/entry_points.txt
[1.603s] writing requirements to ../build/arm_controller/Arm_Controller.egg-info/requires.txt
[1.603s] writing top-level names to ../build/arm_controller/Arm_Controller.egg-info/top_level.txt
[1.603s] writing manifest file '../build/arm_controller/Arm_Controller.egg-info/SOURCES.txt'
[1.603s] reading manifest file '../build/arm_controller/Arm_Controller.egg-info/SOURCES.txt'
[1.605s] writing manifest file '../build/arm_controller/Arm_Controller.egg-info/SOURCES.txt'
[1.605s] running build
[1.606s] running build_py
[1.607s] creating /home/wujiashu0421/Roarm_ROS/build/arm_controller/build
[1.607s] creating /home/wujiashu0421/Roarm_ROS/build/arm_controller/build/lib
[1.608s] creating /home/wujiashu0421/Roarm_ROS/build/arm_controller/build/lib/Arm_Controller
[1.609s] copying Arm_Controller/controller_node.py -> /home/wujiashu0421/Roarm_ROS/build/arm_controller/build/lib/Arm_Controller
[1.609s] copying Arm_Controller/__init__.py -> /home/wujiashu0421/Roarm_ROS/build/arm_controller/build/lib/Arm_Controller
[1.609s] running install
[1.609s] running install_lib
[1.609s] creating /home/wujiashu0421/Roarm_ROS/install/arm_controller/lib/python3.10/site-packages/Arm_Controller
[1.610s] copying /home/wujiashu0421/Roarm_ROS/build/arm_controller/build/lib/Arm_Controller/controller_node.py -> /home/wujiashu0421/Roarm_ROS/install/arm_controller/lib/python3.10/site-packages/Arm_Controller
[1.610s] copying /home/wujiashu0421/Roarm_ROS/build/arm_controller/build/lib/Arm_Controller/__init__.py -> /home/wujiashu0421/Roarm_ROS/install/arm_controller/lib/python3.10/site-packages/Arm_Controller
[1.611s] byte-compiling /home/wujiashu0421/Roarm_ROS/install/arm_controller/lib/python3.10/site-packages/Arm_Controller/controller_node.py to controller_node.cpython-310.pyc
[1.611s] byte-compiling /home/wujiashu0421/Roarm_ROS/install/arm_controller/lib/python3.10/site-packages/Arm_Controller/__init__.py to __init__.cpython-310.pyc
[1.611s] running install_data
[1.611s] copying resource/Arm_Controller -> /home/wujiashu0421/Roarm_ROS/install/arm_controller/share/ament_index/resource_index/packages
[1.611s] creating /home/wujiashu0421/Roarm_ROS/install/arm_controller/share/Arm_Controller
[1.611s] copying package.xml -> /home/wujiashu0421/Roarm_ROS/install/arm_controller/share/Arm_Controller
[1.611s] running install_egg_info
[1.611s] Copying ../build/arm_controller/Arm_Controller.egg-info to /home/wujiashu0421/Roarm_ROS/install/arm_controller/lib/python3.10/site-packages/Arm_Controller-0.0.0-py3.10.egg-info
[1.612s] running install_scripts
[1.625s] Installing feedback_service script to /home/wujiashu0421/Roarm_ROS/install/arm_controller/lib/Arm_Controller
[1.626s] writing list of installed files to '/home/wujiashu0421/Roarm_ROS/build/arm_controller/install.log'
[1.707s] Invoked command in '/home/wujiashu0421/Roarm_ROS/Arm_Controller' returned '0': PYTHONPATH=/home/wujiashu0421/Roarm_ROS/build/arm_controller/prefix_override:/home/wujiashu0421/Roarm_ROS/install/arm_controller/lib/python3.10/site-packages:${PYTHONPATH} WSLENV=ELECTRON_RUN_AS_NODE/w: /usr/bin/python3 setup.py egg_info --egg-base ../build/arm_controller build --build-base /home/wujiashu0421/Roarm_ROS/build/arm_controller/build install --record /home/wujiashu0421/Roarm_ROS/build/arm_controller/install.log --single-version-externally-managed
