[0.574s] DEBUG:colcon:Command line arguments: ['/usr/bin/colcon', 'build']
[0.574s] DEBUG:colcon:Parsed command line arguments: Namespace(log_base=None, log_level=None, verb_name='build', build_base='build', install_base='install', merge_install=False, symlink_install=False, test_result_base=None, continue_on_error=False, executor='parallel', parallel_workers=8, event_handlers=None, ignore_user_meta=False, metas=['./colcon.meta'], base_paths=['.'], packages_ignore=None, packages_ignore_regex=None, paths=None, packages_up_to=None, packages_up_to_regex=None, packages_above=None, packages_above_and_dependencies=None, packages_above_depth=None, packages_select_by_dep=None, packages_skip_by_dep=None, packages_skip_up_to=None, packages_select_build_failed=False, packages_skip_build_finished=False, packages_select_test_failures=False, packages_skip_test_passed=False, packages_select=None, packages_skip=None, packages_select_regex=None, packages_skip_regex=None, packages_start=None, packages_end=None, allow_overriding=[], cmake_args=None, cmake_target=None, cmake_target_skip_unavailable=False, cmake_clean_cache=False, cmake_clean_first=False, cmake_force_configure=False, ament_cmake_args=None, catkin_cmake_args=None, catkin_skip_building_tests=False, verb_parser=<colcon_defaults.argument_parser.defaults.DefaultArgumentsDecorator object at 0x7fb667e99330>, verb_extension=<colcon_core.verb.build.BuildVerb object at 0x7fb66835f6d0>, main=<bound method BuildVerb.main of <colcon_core.verb.build.BuildVerb object at 0x7fb66835f6d0>>)
[0.606s] Level 1:colcon.colcon_core.package_discovery:discover_packages(colcon_meta) check parameters
[0.606s] Level 1:colcon.colcon_core.package_discovery:discover_packages(recursive) check parameters
[0.606s] Level 1:colcon.colcon_core.package_discovery:discover_packages(ignore) check parameters
[0.606s] Level 1:colcon.colcon_core.package_discovery:discover_packages(path) check parameters
[0.606s] Level 1:colcon.colcon_core.package_discovery:discover_packages(colcon_meta) discover
[0.606s] Level 1:colcon.colcon_core.package_discovery:discover_packages(recursive) discover
[0.606s] INFO:colcon.colcon_core.package_discovery:Crawling recursively for packages in '/home/wujiashu0421/roarm_ws_em0'
[0.606s] Level 1:colcon.colcon_core.package_identification:_identify(.) by extensions ['ignore', 'ignore_ament_install']
[0.606s] Level 1:colcon.colcon_core.package_identification:_identify(.) by extension 'ignore'
[0.606s] Level 1:colcon.colcon_core.package_identification:_identify(.) by extension 'ignore_ament_install'
[0.607s] Level 1:colcon.colcon_core.package_identification:_identify(.) by extensions ['colcon_pkg']
[0.607s] Level 1:colcon.colcon_core.package_identification:_identify(.) by extension 'colcon_pkg'
[0.607s] Level 1:colcon.colcon_core.package_identification:_identify(.) by extensions ['colcon_meta']
[0.607s] Level 1:colcon.colcon_core.package_identification:_identify(.) by extension 'colcon_meta'
[0.607s] Level 1:colcon.colcon_core.package_identification:_identify(.) by extensions ['ros']
[0.607s] Level 1:colcon.colcon_core.package_identification:_identify(.) by extension 'ros'
[0.618s] Level 1:colcon.colcon_core.package_identification:_identify(.) by extensions ['cmake', 'python']
[0.619s] Level 1:colcon.colcon_core.package_identification:_identify(.) by extension 'cmake'
[0.619s] Level 1:colcon.colcon_core.package_identification:_identify(.) by extension 'python'
[0.619s] Level 1:colcon.colcon_core.package_identification:_identify(.) by extensions ['python_setup_py']
[0.619s] Level 1:colcon.colcon_core.package_identification:_identify(.) by extension 'python_setup_py'
[0.619s] Level 1:colcon.colcon_core.package_identification:_identify(build) by extensions ['ignore', 'ignore_ament_install']
[0.619s] Level 1:colcon.colcon_core.package_identification:_identify(build) by extension 'ignore'
[0.619s] Level 1:colcon.colcon_core.package_identification:_identify(build) ignored
[0.619s] Level 1:colcon.colcon_core.package_identification:_identify(install) by extensions ['ignore', 'ignore_ament_install']
[0.619s] Level 1:colcon.colcon_core.package_identification:_identify(install) by extension 'ignore'
[0.619s] Level 1:colcon.colcon_core.package_identification:_identify(install) ignored
[0.619s] Level 1:colcon.colcon_core.package_identification:_identify(log) by extensions ['ignore', 'ignore_ament_install']
[0.619s] Level 1:colcon.colcon_core.package_identification:_identify(log) by extension 'ignore'
[0.619s] Level 1:colcon.colcon_core.package_identification:_identify(log) ignored
[0.619s] Level 1:colcon.colcon_core.package_identification:_identify(src) by extensions ['ignore', 'ignore_ament_install']
[0.619s] Level 1:colcon.colcon_core.package_identification:_identify(src) by extension 'ignore'
[0.619s] Level 1:colcon.colcon_core.package_identification:_identify(src) by extension 'ignore_ament_install'
[0.619s] Level 1:colcon.colcon_core.package_identification:_identify(src) by extensions ['colcon_pkg']
[0.619s] Level 1:colcon.colcon_core.package_identification:_identify(src) by extension 'colcon_pkg'
[0.620s] Level 1:colcon.colcon_core.package_identification:_identify(src) by extensions ['colcon_meta']
[0.620s] Level 1:colcon.colcon_core.package_identification:_identify(src) by extension 'colcon_meta'
[0.620s] Level 1:colcon.colcon_core.package_identification:_identify(src) by extensions ['ros']
[0.620s] Level 1:colcon.colcon_core.package_identification:_identify(src) by extension 'ros'
[0.620s] Level 1:colcon.colcon_core.package_identification:_identify(src) by extensions ['cmake', 'python']
[0.620s] Level 1:colcon.colcon_core.package_identification:_identify(src) by extension 'cmake'
[0.620s] Level 1:colcon.colcon_core.package_identification:_identify(src) by extension 'python'
[0.620s] Level 1:colcon.colcon_core.package_identification:_identify(src) by extensions ['python_setup_py']
[0.620s] Level 1:colcon.colcon_core.package_identification:_identify(src) by extension 'python_setup_py'
[0.620s] Level 1:colcon.colcon_core.package_identification:_identify(src/roarm) by extensions ['ignore', 'ignore_ament_install']
[0.620s] Level 1:colcon.colcon_core.package_identification:_identify(src/roarm) by extension 'ignore'
[0.620s] Level 1:colcon.colcon_core.package_identification:_identify(src/roarm) by extension 'ignore_ament_install'
[0.620s] Level 1:colcon.colcon_core.package_identification:_identify(src/roarm) by extensions ['colcon_pkg']
[0.620s] Level 1:colcon.colcon_core.package_identification:_identify(src/roarm) by extension 'colcon_pkg'
[0.620s] Level 1:colcon.colcon_core.package_identification:_identify(src/roarm) by extensions ['colcon_meta']
[0.620s] Level 1:colcon.colcon_core.package_identification:_identify(src/roarm) by extension 'colcon_meta'
[0.620s] Level 1:colcon.colcon_core.package_identification:_identify(src/roarm) by extensions ['ros']
[0.620s] Level 1:colcon.colcon_core.package_identification:_identify(src/roarm) by extension 'ros'
[0.622s] DEBUG:colcon.colcon_core.package_identification:Package 'src/roarm' with type 'ros.ament_cmake' and name 'roarm'
[0.622s] Level 1:colcon.colcon_core.package_identification:_identify(src/serial_ctrl) by extensions ['ignore', 'ignore_ament_install']
[0.622s] Level 1:colcon.colcon_core.package_identification:_identify(src/serial_ctrl) by extension 'ignore'
[0.622s] Level 1:colcon.colcon_core.package_identification:_identify(src/serial_ctrl) by extension 'ignore_ament_install'
[0.622s] Level 1:colcon.colcon_core.package_identification:_identify(src/serial_ctrl) by extensions ['colcon_pkg']
[0.623s] Level 1:colcon.colcon_core.package_identification:_identify(src/serial_ctrl) by extension 'colcon_pkg'
[0.623s] Level 1:colcon.colcon_core.package_identification:_identify(src/serial_ctrl) by extensions ['colcon_meta']
[0.623s] Level 1:colcon.colcon_core.package_identification:_identify(src/serial_ctrl) by extension 'colcon_meta'
[0.623s] Level 1:colcon.colcon_core.package_identification:_identify(src/serial_ctrl) by extensions ['ros']
[0.623s] Level 1:colcon.colcon_core.package_identification:_identify(src/serial_ctrl) by extension 'ros'
[0.623s] DEBUG:colcon.colcon_core.package_identification:Package 'src/serial_ctrl' with type 'ros.ament_python' and name 'serial_ctrl'
[0.623s] Level 1:colcon.colcon_core.package_discovery:discover_packages(recursive) using defaults
[0.623s] Level 1:colcon.colcon_core.package_discovery:discover_packages(ignore) discover
[0.623s] Level 1:colcon.colcon_core.package_discovery:discover_packages(ignore) using defaults
[0.623s] Level 1:colcon.colcon_core.package_discovery:discover_packages(path) discover
[0.623s] Level 1:colcon.colcon_core.package_discovery:discover_packages(path) using defaults
[0.671s] Level 1:colcon.colcon_core.package_discovery:discover_packages(prefix_path) check parameters
[0.672s] Level 1:colcon.colcon_core.package_discovery:discover_packages(prefix_path) discover
[0.679s] Level 1:colcon.colcon_core.package_discovery:discover_packages(prefix_path) using defaults
[0.692s] Level 5:colcon.colcon_core.verb:set package 'roarm' build argument 'cmake_args' from command line to 'None'
[0.692s] Level 5:colcon.colcon_core.verb:set package 'roarm' build argument 'cmake_target' from command line to 'None'
[0.692s] Level 5:colcon.colcon_core.verb:set package 'roarm' build argument 'cmake_target_skip_unavailable' from command line to 'False'
[0.692s] Level 5:colcon.colcon_core.verb:set package 'roarm' build argument 'cmake_clean_cache' from command line to 'False'
[0.692s] Level 5:colcon.colcon_core.verb:set package 'roarm' build argument 'cmake_clean_first' from command line to 'False'
[0.692s] Level 5:colcon.colcon_core.verb:set package 'roarm' build argument 'cmake_force_configure' from command line to 'False'
[0.692s] Level 5:colcon.colcon_core.verb:set package 'roarm' build argument 'ament_cmake_args' from command line to 'None'
[0.692s] Level 5:colcon.colcon_core.verb:set package 'roarm' build argument 'catkin_cmake_args' from command line to 'None'
[0.692s] Level 5:colcon.colcon_core.verb:set package 'roarm' build argument 'catkin_skip_building_tests' from command line to 'False'
[0.692s] DEBUG:colcon.colcon_core.verb:Building package 'roarm' with the following arguments: {'ament_cmake_args': None, 'build_base': '/home/wujiashu0421/roarm_ws_em0/build/roarm', 'catkin_cmake_args': None, 'catkin_skip_building_tests': False, 'cmake_args': None, 'cmake_clean_cache': False, 'cmake_clean_first': False, 'cmake_force_configure': False, 'cmake_target': None, 'cmake_target_skip_unavailable': False, 'install_base': '/home/wujiashu0421/roarm_ws_em0/install/roarm', 'merge_install': False, 'path': '/home/wujiashu0421/roarm_ws_em0/src/roarm', 'symlink_install': False, 'test_result_base': None}
[0.698s] Level 5:colcon.colcon_core.verb:set package 'serial_ctrl' build argument 'cmake_args' from command line to 'None'
[0.698s] Level 5:colcon.colcon_core.verb:set package 'serial_ctrl' build argument 'cmake_target' from command line to 'None'
[0.698s] Level 5:colcon.colcon_core.verb:set package 'serial_ctrl' build argument 'cmake_target_skip_unavailable' from command line to 'False'
[0.698s] Level 5:colcon.colcon_core.verb:set package 'serial_ctrl' build argument 'cmake_clean_cache' from command line to 'False'
[0.698s] Level 5:colcon.colcon_core.verb:set package 'serial_ctrl' build argument 'cmake_clean_first' from command line to 'False'
[0.699s] Level 5:colcon.colcon_core.verb:set package 'serial_ctrl' build argument 'cmake_force_configure' from command line to 'False'
[0.699s] Level 5:colcon.colcon_core.verb:set package 'serial_ctrl' build argument 'ament_cmake_args' from command line to 'None'
[0.699s] Level 5:colcon.colcon_core.verb:set package 'serial_ctrl' build argument 'catkin_cmake_args' from command line to 'None'
[0.699s] Level 5:colcon.colcon_core.verb:set package 'serial_ctrl' build argument 'catkin_skip_building_tests' from command line to 'False'
[0.699s] DEBUG:colcon.colcon_core.verb:Building package 'serial_ctrl' with the following arguments: {'ament_cmake_args': None, 'build_base': '/home/wujiashu0421/roarm_ws_em0/build/serial_ctrl', 'catkin_cmake_args': None, 'catkin_skip_building_tests': False, 'cmake_args': None, 'cmake_clean_cache': False, 'cmake_clean_first': False, 'cmake_force_configure': False, 'cmake_target': None, 'cmake_target_skip_unavailable': False, 'install_base': '/home/wujiashu0421/roarm_ws_em0/install/serial_ctrl', 'merge_install': False, 'path': '/home/wujiashu0421/roarm_ws_em0/src/serial_ctrl', 'symlink_install': False, 'test_result_base': None}
[0.704s] INFO:colcon.colcon_core.executor:Executing jobs using 'parallel' executor
[0.711s] DEBUG:colcon.colcon_parallel_executor.executor.parallel:run_until_complete
[0.711s] INFO:colcon.colcon_ros.task.ament_cmake.build:Building ROS package in '/home/wujiashu0421/roarm_ws_em0/src/roarm' with build type 'ament_cmake'
[0.712s] INFO:colcon.colcon_cmake.task.cmake.build:Building CMake package in '/home/wujiashu0421/roarm_ws_em0/src/roarm'
[0.719s] INFO:colcon.colcon_core.plugin_system:Skipping extension 'colcon_core.shell.bat': Not used on non-Windows systems
[0.720s] INFO:colcon.colcon_core.shell:Skip shell extension 'powershell' for command environment: Not usable outside of PowerShell
[0.720s] DEBUG:colcon.colcon_core.shell:Skip shell extension 'dsv' for command environment
[0.727s] INFO:colcon.colcon_ros.task.ament_python.build:Building ROS package in '/home/wujiashu0421/roarm_ws_em0/src/serial_ctrl' with build type 'ament_python'
[0.728s] Level 1:colcon.colcon_core.shell:create_environment_hook('serial_ctrl', 'ament_prefix_path')
[0.734s] INFO:colcon.colcon_core.shell:Creating environment hook '/home/wujiashu0421/roarm_ws_em0/install/serial_ctrl/share/serial_ctrl/hook/ament_prefix_path.ps1'
[0.735s] INFO:colcon.colcon_core.shell:Creating environment descriptor '/home/wujiashu0421/roarm_ws_em0/install/serial_ctrl/share/serial_ctrl/hook/ament_prefix_path.dsv'
[0.736s] INFO:colcon.colcon_core.shell:Creating environment hook '/home/wujiashu0421/roarm_ws_em0/install/serial_ctrl/share/serial_ctrl/hook/ament_prefix_path.sh'
[0.742s] INFO:colcon.colcon_core.shell:Skip shell extension 'powershell' for command environment: Not usable outside of PowerShell
[0.742s] DEBUG:colcon.colcon_core.shell:Skip shell extension 'dsv' for command environment
[0.754s] DEBUG:colcon.colcon_core.event_handler.log_command:Invoking command in '/home/wujiashu0421/roarm_ws_em0/build/roarm': /usr/bin/cmake /home/wujiashu0421/roarm_ws_em0/src/roarm -DCMAKE_INSTALL_PREFIX=/home/wujiashu0421/roarm_ws_em0/install/roarm
[0.922s] INFO:colcon.colcon_core.task.python.build:Building Python package in '/home/wujiashu0421/roarm_ws_em0/src/serial_ctrl'
[0.933s] INFO:colcon.colcon_core.shell:Skip shell extension 'powershell' for command environment: Not usable outside of PowerShell
[0.933s] DEBUG:colcon.colcon_core.shell:Skip shell extension 'dsv' for command environment
[1.186s] DEBUG:colcon.colcon_core.event_handler.log_command:Invoking command in '/home/wujiashu0421/roarm_ws_em0/src/serial_ctrl': PYTHONPATH=/home/wujiashu0421/roarm_ws_em0/build/serial_ctrl/prefix_override:/home/wujiashu0421/roarm_ws_em0/install/serial_ctrl/lib/python3.10/site-packages: /usr/bin/python3 setup.py egg_info --egg-base ../../build/serial_ctrl build --build-base /home/wujiashu0421/roarm_ws_em0/build/serial_ctrl/build install --record /home/wujiashu0421/roarm_ws_em0/build/serial_ctrl/install.log --single-version-externally-managed
[1.391s] DEBUG:colcon.colcon_core.event_handler.log_command:Invoked command in '/home/wujiashu0421/roarm_ws_em0/src/serial_ctrl' returned '0': PYTHONPATH=/home/wujiashu0421/roarm_ws_em0/build/serial_ctrl/prefix_override:/home/wujiashu0421/roarm_ws_em0/install/serial_ctrl/lib/python3.10/site-packages: /usr/bin/python3 setup.py egg_info --egg-base ../../build/serial_ctrl build --build-base /home/wujiashu0421/roarm_ws_em0/build/serial_ctrl/build install --record /home/wujiashu0421/roarm_ws_em0/build/serial_ctrl/install.log --single-version-externally-managed
[1.402s] Level 1:colcon.colcon_core.environment:checking '/home/wujiashu0421/roarm_ws_em0/install/serial_ctrl' for CMake module files
[1.402s] Level 1:colcon.colcon_core.environment:checking '/home/wujiashu0421/roarm_ws_em0/install/serial_ctrl' for CMake config files
[1.402s] Level 1:colcon.colcon_core.environment:checking '/home/wujiashu0421/roarm_ws_em0/install/serial_ctrl/lib'
[1.403s] Level 1:colcon.colcon_core.environment:checking '/home/wujiashu0421/roarm_ws_em0/install/serial_ctrl/bin'
[1.403s] Level 1:colcon.colcon_core.environment:checking '/home/wujiashu0421/roarm_ws_em0/install/serial_ctrl/lib/pkgconfig/serial_ctrl.pc'
[1.403s] Level 1:colcon.colcon_core.environment:checking '/home/wujiashu0421/roarm_ws_em0/install/serial_ctrl/lib/python3.10/site-packages'
[1.403s] Level 1:colcon.colcon_core.shell:create_environment_hook('serial_ctrl', 'pythonpath')
[1.413s] INFO:colcon.colcon_core.shell:Creating environment hook '/home/wujiashu0421/roarm_ws_em0/install/serial_ctrl/share/serial_ctrl/hook/pythonpath.ps1'
[1.415s] INFO:colcon.colcon_core.shell:Creating environment descriptor '/home/wujiashu0421/roarm_ws_em0/install/serial_ctrl/share/serial_ctrl/hook/pythonpath.dsv'
[1.415s] INFO:colcon.colcon_core.shell:Creating environment hook '/home/wujiashu0421/roarm_ws_em0/install/serial_ctrl/share/serial_ctrl/hook/pythonpath.sh'
[1.416s] Level 1:colcon.colcon_core.environment:checking '/home/wujiashu0421/roarm_ws_em0/install/serial_ctrl/bin'
[1.417s] Level 1:colcon.colcon_core.environment:create_environment_scripts_only(serial_ctrl)
[1.427s] INFO:colcon.colcon_core.shell:Creating package script '/home/wujiashu0421/roarm_ws_em0/install/serial_ctrl/share/serial_ctrl/package.ps1'
[1.429s] INFO:colcon.colcon_core.shell:Creating package descriptor '/home/wujiashu0421/roarm_ws_em0/install/serial_ctrl/share/serial_ctrl/package.dsv'
[1.430s] INFO:colcon.colcon_core.shell:Creating package script '/home/wujiashu0421/roarm_ws_em0/install/serial_ctrl/share/serial_ctrl/package.sh'
[1.430s] INFO:colcon.colcon_core.shell:Creating package script '/home/wujiashu0421/roarm_ws_em0/install/serial_ctrl/share/serial_ctrl/package.bash'
[1.432s] INFO:colcon.colcon_core.shell:Creating package script '/home/wujiashu0421/roarm_ws_em0/install/serial_ctrl/share/serial_ctrl/package.zsh'
[1.432s] Level 1:colcon.colcon_core.environment:create_file_with_runtime_dependencies(/home/wujiashu0421/roarm_ws_em0/install/serial_ctrl/share/colcon-core/packages/serial_ctrl)
[2.699s] DEBUG:colcon.colcon_core.event_handler.log_command:Invoked command in '/home/wujiashu0421/roarm_ws_em0/build/roarm' returned '1': /usr/bin/cmake /home/wujiashu0421/roarm_ws_em0/src/roarm -DCMAKE_INSTALL_PREFIX=/home/wujiashu0421/roarm_ws_em0/install/roarm
[2.707s] Level 1:colcon.colcon_core.environment:create_environment_scripts_only(roarm)
[2.713s] Level 1:colcon.colcon_core.environment:checking '/home/wujiashu0421/roarm_ws_em0/install/roarm' for CMake module files
[2.713s] Level 1:colcon.colcon_core.environment:checking '/home/wujiashu0421/roarm_ws_em0/install/roarm' for CMake config files
[2.713s] Level 1:colcon.colcon_core.environment:checking '/home/wujiashu0421/roarm_ws_em0/install/roarm/bin'
[2.713s] Level 1:colcon.colcon_core.environment:checking '/home/wujiashu0421/roarm_ws_em0/install/roarm/lib/pkgconfig/roarm.pc'
[2.714s] Level 1:colcon.colcon_core.environment:checking '/home/wujiashu0421/roarm_ws_em0/install/roarm/lib/python3.10/site-packages'
[2.714s] Level 1:colcon.colcon_core.environment:checking '/home/wujiashu0421/roarm_ws_em0/install/roarm/bin'
[2.720s] INFO:colcon.colcon_core.shell:Creating package script '/home/wujiashu0421/roarm_ws_em0/install/roarm/share/roarm/package.ps1'
[2.720s] INFO:colcon.colcon_core.shell:Creating package descriptor '/home/wujiashu0421/roarm_ws_em0/install/roarm/share/roarm/package.dsv'
[2.720s] INFO:colcon.colcon_core.shell:Creating package script '/home/wujiashu0421/roarm_ws_em0/install/roarm/share/roarm/package.sh'
[2.720s] INFO:colcon.colcon_core.shell:Creating package script '/home/wujiashu0421/roarm_ws_em0/install/roarm/share/roarm/package.bash'
[2.720s] INFO:colcon.colcon_core.shell:Creating package script '/home/wujiashu0421/roarm_ws_em0/install/roarm/share/roarm/package.zsh'
[2.721s] Level 1:colcon.colcon_core.environment:create_file_with_runtime_dependencies(/home/wujiashu0421/roarm_ws_em0/install/roarm/share/colcon-core/packages/roarm)
[2.731s] DEBUG:colcon.colcon_parallel_executor.executor.parallel:closing loop
[2.731s] DEBUG:colcon.colcon_parallel_executor.executor.parallel:loop closed
[2.731s] DEBUG:colcon.colcon_parallel_executor.executor.parallel:run_until_complete finished with '1'
[2.731s] DEBUG:colcon.colcon_core.event_reactor:joining thread
[2.748s] INFO:colcon.colcon_core.plugin_system:Skipping extension 'colcon_notification.desktop_notification.terminal_notifier': Not used on non-Darwin systems
[2.748s] INFO:colcon.colcon_core.plugin_system:Skipping extension 'colcon_notification.desktop_notification.win32': Not used on non-Windows systems
[2.748s] INFO:colcon.colcon_notification.desktop_notification:Sending desktop notification using 'notify2'
[2.748s] DEBUG:colcon.colcon_notification.desktop_notification.notify2:Failed to initialize notify2: org.freedesktop.DBus.Error.NotSupported: Unable to autolaunch a dbus-daemon without a $DISPLAY for X11
[2.748s] DEBUG:colcon.colcon_core.event_reactor:joined thread
[2.755s] INFO:colcon.colcon_core.shell:Creating prefix script '/home/wujiashu0421/roarm_ws_em0/install/local_setup.ps1'
[2.756s] INFO:colcon.colcon_core.shell:Creating prefix util module '/home/wujiashu0421/roarm_ws_em0/install/_local_setup_util_ps1.py'
[2.757s] INFO:colcon.colcon_core.shell:Creating prefix chain script '/home/wujiashu0421/roarm_ws_em0/install/setup.ps1'
[2.764s] INFO:colcon.colcon_core.shell:Creating prefix script '/home/wujiashu0421/roarm_ws_em0/install/local_setup.sh'
[2.764s] INFO:colcon.colcon_core.shell:Creating prefix util module '/home/wujiashu0421/roarm_ws_em0/install/_local_setup_util_sh.py'
[2.765s] INFO:colcon.colcon_core.shell:Creating prefix chain script '/home/wujiashu0421/roarm_ws_em0/install/setup.sh'
[2.771s] INFO:colcon.colcon_core.shell:Creating prefix script '/home/wujiashu0421/roarm_ws_em0/install/local_setup.bash'
[2.772s] INFO:colcon.colcon_core.shell:Creating prefix chain script '/home/wujiashu0421/roarm_ws_em0/install/setup.bash'
[2.779s] INFO:colcon.colcon_core.shell:Creating prefix script '/home/wujiashu0421/roarm_ws_em0/install/local_setup.zsh'
[2.780s] INFO:colcon.colcon_core.shell:Creating prefix chain script '/home/wujiashu0421/roarm_ws_em0/install/setup.zsh'
