[1.212s] Invoking command in '/home/wujiashu0421/Roarm_ROS/src/roarm_ws_em0/src/serial_ctrl': PYTHONPATH=/home/wujiashu0421/Roarm_ROS/build/serial_ctrl/prefix_override:/home/wujiashu0421/Roarm_ROS/install/serial_ctrl/lib/python3.10/site-packages:${PYTHONPATH} WSLENV=ELECTRON_RUN_AS_NODE/w: /usr/bin/python3 setup.py egg_info --egg-base ../../../../build/serial_ctrl build --build-base /home/wujiashu0421/Roarm_ROS/build/serial_ctrl/build install --record /home/wujiashu0421/Roarm_ROS/build/serial_ctrl/install.log --single-version-externally-managed
[1.412s] running egg_info
[1.412s] creating ../../../../build/serial_ctrl/serial_ctrl.egg-info
[1.412s] writing ../../../../build/serial_ctrl/serial_ctrl.egg-info/PKG-INFO
[1.413s] writing dependency_links to ../../../../build/serial_ctrl/serial_ctrl.egg-info/dependency_links.txt
[1.413s] writing entry points to ../../../../build/serial_ctrl/serial_ctrl.egg-info/entry_points.txt
[1.413s] writing requirements to ../../../../build/serial_ctrl/serial_ctrl.egg-info/requires.txt
[1.413s] writing top-level names to ../../../../build/serial_ctrl/serial_ctrl.egg-info/top_level.txt
[1.414s] writing manifest file '../../../../build/serial_ctrl/serial_ctrl.egg-info/SOURCES.txt'
[1.414s] reading manifest file '../../../../build/serial_ctrl/serial_ctrl.egg-info/SOURCES.txt'
[1.415s] writing manifest file '../../../../build/serial_ctrl/serial_ctrl.egg-info/SOURCES.txt'
[1.415s] running build
[1.416s] running build_py
[1.416s] creating /home/wujiashu0421/Roarm_ROS/build/serial_ctrl/build
[1.416s] creating /home/wujiashu0421/Roarm_ROS/build/serial_ctrl/build/lib
[1.417s] creating /home/wujiashu0421/Roarm_ROS/build/serial_ctrl/build/lib/serial_ctrl
[1.418s] copying serial_ctrl/serial_ctrl.py -> /home/wujiashu0421/Roarm_ROS/build/serial_ctrl/build/lib/serial_ctrl
[1.418s] copying serial_ctrl/__init__.py -> /home/wujiashu0421/Roarm_ROS/build/serial_ctrl/build/lib/serial_ctrl
[1.421s] running install
[1.421s] running install_lib
[1.422s] creating /home/wujiashu0421/Roarm_ROS/install/serial_ctrl/lib/python3.10/site-packages/serial_ctrl
[1.422s] copying /home/wujiashu0421/Roarm_ROS/build/serial_ctrl/build/lib/serial_ctrl/serial_ctrl.py -> /home/wujiashu0421/Roarm_ROS/install/serial_ctrl/lib/python3.10/site-packages/serial_ctrl
[1.422s] copying /home/wujiashu0421/Roarm_ROS/build/serial_ctrl/build/lib/serial_ctrl/__init__.py -> /home/wujiashu0421/Roarm_ROS/install/serial_ctrl/lib/python3.10/site-packages/serial_ctrl
[1.422s] byte-compiling /home/wujiashu0421/Roarm_ROS/install/serial_ctrl/lib/python3.10/site-packages/serial_ctrl/serial_ctrl.py to serial_ctrl.cpython-310.pyc
[1.422s] byte-compiling /home/wujiashu0421/Roarm_ROS/install/serial_ctrl/lib/python3.10/site-packages/serial_ctrl/__init__.py to __init__.cpython-310.pyc
[1.422s] running install_data
[1.422s] creating /home/wujiashu0421/Roarm_ROS/install/serial_ctrl/share/ament_index
[1.422s] creating /home/wujiashu0421/Roarm_ROS/install/serial_ctrl/share/ament_index/resource_index
[1.422s] creating /home/wujiashu0421/Roarm_ROS/install/serial_ctrl/share/ament_index/resource_index/packages
[1.423s] copying resource/serial_ctrl -> /home/wujiashu0421/Roarm_ROS/install/serial_ctrl/share/ament_index/resource_index/packages
[1.423s] copying package.xml -> /home/wujiashu0421/Roarm_ROS/install/serial_ctrl/share/serial_ctrl
[1.423s] running install_egg_info
[1.423s] Copying ../../../../build/serial_ctrl/serial_ctrl.egg-info to /home/wujiashu0421/Roarm_ROS/install/serial_ctrl/lib/python3.10/site-packages/serial_ctrl-0.0.0-py3.10.egg-info
[1.423s] running install_scripts
[1.438s] Installing serial_ctrl script to /home/wujiashu0421/Roarm_ROS/install/serial_ctrl/lib/serial_ctrl
[1.438s] writing list of installed files to '/home/wujiashu0421/Roarm_ROS/build/serial_ctrl/install.log'
[1.470s] Invoked command in '/home/wujiashu0421/Roarm_ROS/src/roarm_ws_em0/src/serial_ctrl' returned '0': PYTHONPATH=/home/wujiashu0421/Roarm_ROS/build/serial_ctrl/prefix_override:/home/wujiashu0421/Roarm_ROS/install/serial_ctrl/lib/python3.10/site-packages:${PYTHONPATH} WSLENV=ELECTRON_RUN_AS_NODE/w: /usr/bin/python3 setup.py egg_info --egg-base ../../../../build/serial_ctrl build --build-base /home/wujiashu0421/Roarm_ROS/build/serial_ctrl/build install --record /home/wujiashu0421/Roarm_ROS/build/serial_ctrl/install.log --single-version-externally-managed
