[0.993s] Invoking command in '/home/wujiashu0421/Roarm_ROS/src/roarm_ws_em0/src/serial_ctrl': PYTHONPATH=/home/wujiashu0421/Roarm_ROS/build/serial_ctrl/prefix_override:/home/wujiashu0421/Roarm_ROS/install/serial_ctrl/lib/python3.10/site-packages:${PYTHONPATH} /usr/bin/python3 setup.py egg_info --egg-base ../../../../build/serial_ctrl build --build-base /home/wujiashu0421/Roarm_ROS/build/serial_ctrl/build install --record /home/wujiashu0421/Roarm_ROS/build/serial_ctrl/install.log --single-version-externally-managed
[1.206s] running egg_info
[1.206s] writing ../../../../build/serial_ctrl/serial_ctrl.egg-info/PKG-INFO
[1.207s] writing dependency_links to ../../../../build/serial_ctrl/serial_ctrl.egg-info/dependency_links.txt
[1.207s] writing entry points to ../../../../build/serial_ctrl/serial_ctrl.egg-info/entry_points.txt
[1.207s] writing requirements to ../../../../build/serial_ctrl/serial_ctrl.egg-info/requires.txt
[1.207s] writing top-level names to ../../../../build/serial_ctrl/serial_ctrl.egg-info/top_level.txt
[1.209s] reading manifest file '../../../../build/serial_ctrl/serial_ctrl.egg-info/SOURCES.txt'
[1.210s] writing manifest file '../../../../build/serial_ctrl/serial_ctrl.egg-info/SOURCES.txt'
[1.211s] running build
[1.211s] running build_py
[1.211s] copying serial_ctrl/serial_ctrl.py -> /home/wujiashu0421/Roarm_ROS/build/serial_ctrl/build/lib/serial_ctrl
[1.212s] running install
[1.212s] /usr/lib/python3/dist-packages/setuptools/command/install.py:34: SetuptoolsDeprecationWarning: setup.py install is deprecated. Use build and pip and other standards-based tools.
[1.212s]   warnings.warn(
[1.212s] running install_lib
[1.212s] copying /home/wujiashu0421/Roarm_ROS/build/serial_ctrl/build/lib/serial_ctrl/serial_ctrl.py -> /home/wujiashu0421/Roarm_ROS/install/serial_ctrl/lib/python3.10/site-packages/serial_ctrl
[1.213s] byte-compiling /home/wujiashu0421/Roarm_ROS/install/serial_ctrl/lib/python3.10/site-packages/serial_ctrl/serial_ctrl.py to serial_ctrl.cpython-310.pyc
[1.214s] running install_data
[1.215s] running install_egg_info
[1.217s] removing '/home/wujiashu0421/Roarm_ROS/install/serial_ctrl/lib/python3.10/site-packages/serial_ctrl-0.0.0-py3.10.egg-info' (and everything under it)
[1.217s] Copying ../../../../build/serial_ctrl/serial_ctrl.egg-info to /home/wujiashu0421/Roarm_ROS/install/serial_ctrl/lib/python3.10/site-packages/serial_ctrl-0.0.0-py3.10.egg-info
[1.218s] running install_scripts
[1.238s] Installing serial_ctrl script to /home/wujiashu0421/Roarm_ROS/install/serial_ctrl/lib/serial_ctrl
[1.238s] writing list of installed files to '/home/wujiashu0421/Roarm_ROS/build/serial_ctrl/install.log'
[1.321s] Invoked command in '/home/wujiashu0421/Roarm_ROS/src/roarm_ws_em0/src/serial_ctrl' returned '0': PYTHONPATH=/home/wujiashu0421/Roarm_ROS/build/serial_ctrl/prefix_override:/home/wujiashu0421/Roarm_ROS/install/serial_ctrl/lib/python3.10/site-packages:${PYTHONPATH} /usr/bin/python3 setup.py egg_info --egg-base ../../../../build/serial_ctrl build --build-base /home/wujiashu0421/Roarm_ROS/build/serial_ctrl/build install --record /home/wujiashu0421/Roarm_ROS/build/serial_ctrl/install.log --single-version-externally-managed
