[0.963s] Invoking command in '/home/wujiashu0421/Roarm_ROS/src/Arm_Controller': PYTHONPATH=/home/wujiashu0421/Roarm_ROS/build/Arm_Controller/prefix_override:/home/wujiashu0421/Roarm_ROS/install/Arm_Controller/lib/python3.10/site-packages:${PYTHONPATH} /usr/bin/python3 setup.py egg_info --egg-base ../../build/Arm_Controller build --build-base /home/wujiashu0421/Roarm_ROS/build/Arm_Controller/build install --record /home/wujiashu0421/Roarm_ROS/build/Arm_Controller/install.log --single-version-externally-managed
[1.146s] running egg_info
[1.146s] writing ../../build/Arm_Controller/Arm_Controller.egg-info/PKG-INFO
[1.146s] writing dependency_links to ../../build/Arm_Controller/Arm_Controller.egg-info/dependency_links.txt
[1.147s] writing entry points to ../../build/Arm_Controller/Arm_Controller.egg-info/entry_points.txt
[1.147s] writing requirements to ../../build/Arm_Controller/Arm_Controller.egg-info/requires.txt
[1.147s] writing top-level names to ../../build/Arm_Controller/Arm_Controller.egg-info/top_level.txt
[1.148s] reading manifest file '../../build/Arm_Controller/Arm_Controller.egg-info/SOURCES.txt'
[1.149s] writing manifest file '../../build/Arm_Controller/Arm_Controller.egg-info/SOURCES.txt'
[1.150s] running build
[1.150s] running build_py
[1.150s] copying Arm_Controller/controller_node.py -> /home/wujiashu0421/Roarm_ROS/build/Arm_Controller/build/lib/Arm_Controller
[1.150s] copying Arm_Controller/arm_node.py -> /home/wujiashu0421/Roarm_ROS/build/Arm_Controller/build/lib/Arm_Controller
[1.150s] running install
[1.150s] /usr/lib/python3/dist-packages/setuptools/command/install.py:34: SetuptoolsDeprecationWarning: setup.py install is deprecated. Use build and pip and other standards-based tools.
[1.150s]   warnings.warn(
[1.150s] running install_lib
[1.150s] copying /home/wujiashu0421/Roarm_ROS/build/Arm_Controller/build/lib/Arm_Controller/controller_node.py -> /home/wujiashu0421/Roarm_ROS/install/Arm_Controller/lib/python3.10/site-packages/Arm_Controller
[1.151s] copying /home/wujiashu0421/Roarm_ROS/build/Arm_Controller/build/lib/Arm_Controller/arm_node.py -> /home/wujiashu0421/Roarm_ROS/install/Arm_Controller/lib/python3.10/site-packages/Arm_Controller
[1.151s] byte-compiling /home/wujiashu0421/Roarm_ROS/install/Arm_Controller/lib/python3.10/site-packages/Arm_Controller/controller_node.py to controller_node.cpython-310.pyc
[1.151s] byte-compiling /home/wujiashu0421/Roarm_ROS/install/Arm_Controller/lib/python3.10/site-packages/Arm_Controller/arm_node.py to arm_node.cpython-310.pyc
[1.152s] running install_data
[1.153s] copying package.xml -> /home/wujiashu0421/Roarm_ROS/install/Arm_Controller/share/Arm_Controller
[1.153s] running install_egg_info
[1.153s] removing '/home/wujiashu0421/Roarm_ROS/install/Arm_Controller/lib/python3.10/site-packages/Arm_Controller-0.0.0-py3.10.egg-info' (and everything under it)
[1.154s] Copying ../../build/Arm_Controller/Arm_Controller.egg-info to /home/wujiashu0421/Roarm_ROS/install/Arm_Controller/lib/python3.10/site-packages/Arm_Controller-0.0.0-py3.10.egg-info
[1.155s] running install_scripts
[1.171s] Installing control_node script to /home/wujiashu0421/Roarm_ROS/install/Arm_Controller/lib/Arm_Controller
[1.171s] writing list of installed files to '/home/wujiashu0421/Roarm_ROS/build/Arm_Controller/install.log'
[1.192s] Invoked command in '/home/wujiashu0421/Roarm_ROS/src/Arm_Controller' returned '0': PYTHONPATH=/home/wujiashu0421/Roarm_ROS/build/Arm_Controller/prefix_override:/home/wujiashu0421/Roarm_ROS/install/Arm_Controller/lib/python3.10/site-packages:${PYTHONPATH} /usr/bin/python3 setup.py egg_info --egg-base ../../build/Arm_Controller build --build-base /home/wujiashu0421/Roarm_ROS/build/Arm_Controller/build install --record /home/wujiashu0421/Roarm_ROS/build/Arm_Controller/install.log --single-version-externally-managed
