[0.853s] Invoking command in '/home/wujiashu0421/Roarm_ROS/build/serial_ctrl': PYTHONPATH=/home/wujiashu0421/Roarm_ROS/build/serial_ctrl/prefix_override:/home/wujiashu0421/Roarm_ROS/install/serial_ctrl/lib/python3.10/site-packages:${PYTHONPATH} /usr/bin/python3 setup.py develop --editable --build-directory /home/wujiashu0421/Roarm_ROS/build/serial_ctrl/build --no-deps install_data
[1.043s] running develop
[1.044s] /usr/lib/python3/dist-packages/setuptools/command/easy_install.py:158: EasyInstallDeprecationWarning: easy_install command is deprecated. Use build and pip and other standards-based tools.
[1.044s]   warnings.warn(
[1.045s] /usr/lib/python3/dist-packages/setuptools/command/install.py:34: SetuptoolsDeprecationWarning: setup.py install is deprecated. Use build and pip and other standards-based tools.
[1.045s]   warnings.warn(
[1.163s] running egg_info
[1.163s] writing serial_ctrl.egg-info/PKG-INFO
[1.163s] writing dependency_links to serial_ctrl.egg-info/dependency_links.txt
[1.163s] writing entry points to serial_ctrl.egg-info/entry_points.txt
[1.164s] writing requirements to serial_ctrl.egg-info/requires.txt
[1.164s] writing top-level names to serial_ctrl.egg-info/top_level.txt
[1.165s] reading manifest file 'serial_ctrl.egg-info/SOURCES.txt'
[1.165s] writing manifest file 'serial_ctrl.egg-info/SOURCES.txt'
[1.166s] running build_ext
[1.166s] Creating /home/wujiashu0421/Roarm_ROS/install/serial_ctrl/lib/python3.10/site-packages/serial-ctrl.egg-link (link to .)
[1.167s] Installing serial_ctrl script to /home/wujiashu0421/Roarm_ROS/install/serial_ctrl/lib/serial_ctrl
[1.167s] 
[1.167s] Installed /home/wujiashu0421/Roarm_ROS/build/serial_ctrl
[1.167s] running install_data
[1.194s] Invoked command in '/home/wujiashu0421/Roarm_ROS/build/serial_ctrl' returned '0': PYTHONPATH=/home/wujiashu0421/Roarm_ROS/build/serial_ctrl/prefix_override:/home/wujiashu0421/Roarm_ROS/install/serial_ctrl/lib/python3.10/site-packages:${PYTHONPATH} /usr/bin/python3 setup.py develop --editable --build-directory /home/wujiashu0421/Roarm_ROS/build/serial_ctrl/build --no-deps install_data
