running develop
running egg_info
writing ../../../../build/serial_ctrl/serial_ctrl.egg-info/PKG-INFO
writing dependency_links to ../../../../build/serial_ctrl/serial_ctrl.egg-info/dependency_links.txt
writing entry points to ../../../../build/serial_ctrl/serial_ctrl.egg-info/entry_points.txt
writing requirements to ../../../../build/serial_ctrl/serial_ctrl.egg-info/requires.txt
writing top-level names to ../../../../build/serial_ctrl/serial_ctrl.egg-info/top_level.txt
reading manifest file '../../../../build/serial_ctrl/serial_ctrl.egg-info/SOURCES.txt'
writing manifest file '../../../../build/serial_ctrl/serial_ctrl.egg-info/SOURCES.txt'
running build
running build_py
copying serial_ctrl/serial_ctrl.py -> /home/wujiashu0421/Roarm_ROS/build/serial_ctrl/build/lib/serial_ctrl
running install
running install_lib
creating /home/wujiashu0421/Roarm_ROS/install/serial_ctrl/lib/python3.10/site-packages/serial_ctrl
copying /home/wujiashu0421/Roarm_ROS/build/serial_ctrl/build/lib/serial_ctrl/serial_ctrl.py -> /home/wujiashu0421/Roarm_ROS/install/serial_ctrl/lib/python3.10/site-packages/serial_ctrl
copying /home/wujiashu0421/Roarm_ROS/build/serial_ctrl/build/lib/serial_ctrl/__init__.py -> /home/wujiashu0421/Roarm_ROS/install/serial_ctrl/lib/python3.10/site-packages/serial_ctrl
copying /home/wujiashu0421/Roarm_ROS/build/serial_ctrl/build/lib/serial_ctrl/serial_ctrl_py.py -> /home/wujiashu0421/Roarm_ROS/install/serial_ctrl/lib/python3.10/site-packages/serial_ctrl
byte-compiling /home/wujiashu0421/Roarm_ROS/install/serial_ctrl/lib/python3.10/site-packages/serial_ctrl/serial_ctrl.py to serial_ctrl.cpython-310.pyc
byte-compiling /home/wujiashu0421/Roarm_ROS/install/serial_ctrl/lib/python3.10/site-packages/serial_ctrl/__init__.py to __init__.cpython-310.pyc
byte-compiling /home/wujiashu0421/Roarm_ROS/install/serial_ctrl/lib/python3.10/site-packages/serial_ctrl/serial_ctrl_py.py to serial_ctrl_py.cpython-310.pyc
running install_data
creating /home/wujiashu0421/Roarm_ROS/install/serial_ctrl/share/ament_index
creating /home/wujiashu0421/Roarm_ROS/install/serial_ctrl/share/ament_index/resource_index
creating /home/wujiashu0421/Roarm_ROS/install/serial_ctrl/share/ament_index/resource_index/packages
copying resource/serial_ctrl -> /home/wujiashu0421/Roarm_ROS/install/serial_ctrl/share/ament_index/resource_index/packages
copying package.xml -> /home/wujiashu0421/Roarm_ROS/install/serial_ctrl/share/serial_ctrl
running install_egg_info
Copying ../../../../build/serial_ctrl/serial_ctrl.egg-info to /home/wujiashu0421/Roarm_ROS/install/serial_ctrl/lib/python3.10/site-packages/serial_ctrl-0.0.0-py3.10.egg-info
running install_scripts
Installing serial_ctrl script to /home/wujiashu0421/Roarm_ROS/install/serial_ctrl/lib/serial_ctrl
writing list of installed files to '/home/wujiashu0421/Roarm_ROS/build/serial_ctrl/install.log'
