[0.882s] Invoking command in '/home/wujiashu0421/Roarm_ROS/src/Arm_Controller': PYTHONPATH=/home/wujiashu0421/Roarm_ROS/build/Arm_Controller/prefix_override:/home/wujiashu0421/Roarm_ROS/install/Arm_Controller/lib/python3.10/site-packages:${PYTHONPATH} /usr/bin/python3 setup.py egg_info --egg-base ../../build/Arm_Controller build --build-base /home/wujiashu0421/Roarm_ROS/build/Arm_Controller/build install --record /home/wujiashu0421/Roarm_ROS/build/Arm_Controller/install.log --single-version-externally-managed
[1.052s] running egg_info
[1.052s] writing ../../build/Arm_Controller/Arm_Controller.egg-info/PKG-INFO
[1.053s] writing dependency_links to ../../build/Arm_Controller/Arm_Controller.egg-info/dependency_links.txt
[1.053s] writing entry points to ../../build/Arm_Controller/Arm_Controller.egg-info/entry_points.txt
[1.053s] writing requirements to ../../build/Arm_Controller/Arm_Controller.egg-info/requires.txt
[1.053s] writing top-level names to ../../build/Arm_Controller/Arm_Controller.egg-info/top_level.txt
[1.054s] reading manifest file '../../build/Arm_Controller/Arm_Controller.egg-info/SOURCES.txt'
[1.055s] writing manifest file '../../build/Arm_Controller/Arm_Controller.egg-info/SOURCES.txt'
[1.055s] running build
[1.055s] running build_py
[1.055s] copying Arm_Controller/__init__.py -> /home/wujiashu0421/Roarm_ROS/build/Arm_Controller/build/lib/Arm_Controller
[1.056s] /usr/lib/python3/dist-packages/setuptools/command/install.py:34: SetuptoolsDeprecationWarning: setup.py install is deprecated. Use build and pip and other standards-based tools.
[1.056s]   warnings.warn(
[1.056s] running install
[1.056s] running install_lib
[1.056s] copying /home/wujiashu0421/Roarm_ROS/build/Arm_Controller/build/lib/Arm_Controller/__init__.py -> /home/wujiashu0421/Roarm_ROS/install/Arm_Controller/lib/python3.10/site-packages/Arm_Controller
[1.057s] byte-compiling /home/wujiashu0421/Roarm_ROS/install/Arm_Controller/lib/python3.10/site-packages/Arm_Controller/__init__.py to __init__.cpython-310.pyc
[1.057s] running install_data
[1.057s] copying resource/Arm_Controller -> /home/wujiashu0421/Roarm_ROS/install/Arm_Controller/share/ament_index/resource_index/packages
[1.057s] copying package.xml -> /home/wujiashu0421/Roarm_ROS/install/Arm_Controller/share/Arm_Controller
[1.058s] running install_egg_info
[1.059s] removing '/home/wujiashu0421/Roarm_ROS/install/Arm_Controller/lib/python3.10/site-packages/Arm_Controller-0.0.0-py3.10.egg-info' (and everything under it)
[1.059s] Copying ../../build/Arm_Controller/Arm_Controller.egg-info to /home/wujiashu0421/Roarm_ROS/install/Arm_Controller/lib/python3.10/site-packages/Arm_Controller-0.0.0-py3.10.egg-info
[1.060s] running install_scripts
[1.076s] writing list of installed files to '/home/wujiashu0421/Roarm_ROS/build/Arm_Controller/install.log'
[1.095s] Invoked command in '/home/wujiashu0421/Roarm_ROS/src/Arm_Controller' returned '0': PYTHONPATH=/home/wujiashu0421/Roarm_ROS/build/Arm_Controller/prefix_override:/home/wujiashu0421/Roarm_ROS/install/Arm_Controller/lib/python3.10/site-packages:${PYTHONPATH} /usr/bin/python3 setup.py egg_info --egg-base ../../build/Arm_Controller build --build-base /home/wujiashu0421/Roarm_ROS/build/Arm_Controller/build install --record /home/wujiashu0421/Roarm_ROS/build/Arm_Controller/install.log --single-version-externally-managed
