[0.751s] DEBUG:colcon:Command line arguments: ['/usr/bin/colcon', 'build']
[0.751s] DEBUG:colcon:Parsed command line arguments: Namespace(log_base=None, log_level=None, verb_name='build', build_base='build', install_base='install', merge_install=False, symlink_install=False, test_result_base=None, continue_on_error=False, executor='parallel', parallel_workers=8, event_handlers=None, ignore_user_meta=False, metas=['./colcon.meta'], base_paths=['.'], packages_ignore=None, packages_ignore_regex=None, paths=None, packages_up_to=None, packages_up_to_regex=None, packages_above=None, packages_above_and_dependencies=None, packages_above_depth=None, packages_select_by_dep=None, packages_skip_by_dep=None, packages_skip_up_to=None, packages_select_build_failed=False, packages_skip_build_finished=False, packages_select_test_failures=False, packages_skip_test_passed=False, packages_select=None, packages_skip=None, packages_select_regex=None, packages_skip_regex=None, packages_start=None, packages_end=None, allow_overriding=[], cmake_args=None, cmake_target=None, cmake_target_skip_unavailable=False, cmake_clean_cache=False, cmake_clean_first=False, cmake_force_configure=False, ament_cmake_args=None, catkin_cmake_args=None, catkin_skip_building_tests=False, verb_parser=<colcon_defaults.argument_parser.defaults.DefaultArgumentsDecorator object at 0x7f38e234d330>, verb_extension=<colcon_core.verb.build.BuildVerb object at 0x7f38e25a68f0>, main=<bound method BuildVerb.main of <colcon_core.verb.build.BuildVerb object at 0x7f38e25a68f0>>)
[0.787s] Level 1:colcon.colcon_core.package_discovery:discover_packages(colcon_meta) check parameters
[0.787s] Level 1:colcon.colcon_core.package_discovery:discover_packages(recursive) check parameters
[0.787s] Level 1:colcon.colcon_core.package_discovery:discover_packages(ignore) check parameters
[0.787s] Level 1:colcon.colcon_core.package_discovery:discover_packages(path) check parameters
[0.787s] Level 1:colcon.colcon_core.package_discovery:discover_packages(colcon_meta) discover
[0.787s] Level 1:colcon.colcon_core.package_discovery:discover_packages(recursive) discover
[0.787s] INFO:colcon.colcon_core.package_discovery:Crawling recursively for packages in '/home/wujiashu0421/Roarm_ROS'
[0.787s] Level 1:colcon.colcon_core.package_identification:_identify(.) by extensions ['ignore', 'ignore_ament_install']
[0.787s] Level 1:colcon.colcon_core.package_identification:_identify(.) by extension 'ignore'
[0.788s] Level 1:colcon.colcon_core.package_identification:_identify(.) by extension 'ignore_ament_install'
[0.788s] Level 1:colcon.colcon_core.package_identification:_identify(.) by extensions ['colcon_pkg']
[0.788s] Level 1:colcon.colcon_core.package_identification:_identify(.) by extension 'colcon_pkg'
[0.788s] Level 1:colcon.colcon_core.package_identification:_identify(.) by extensions ['colcon_meta']
[0.788s] Level 1:colcon.colcon_core.package_identification:_identify(.) by extension 'colcon_meta'
[0.788s] Level 1:colcon.colcon_core.package_identification:_identify(.) by extensions ['ros']
[0.788s] Level 1:colcon.colcon_core.package_identification:_identify(.) by extension 'ros'
[0.796s] Level 1:colcon.colcon_core.package_identification:_identify(.) by extensions ['cmake', 'python']
[0.796s] Level 1:colcon.colcon_core.package_identification:_identify(.) by extension 'cmake'
[0.796s] Level 1:colcon.colcon_core.package_identification:_identify(.) by extension 'python'
[0.796s] Level 1:colcon.colcon_core.package_identification:_identify(.) by extensions ['python_setup_py']
[0.796s] Level 1:colcon.colcon_core.package_identification:_identify(.) by extension 'python_setup_py'
[0.796s] Level 1:colcon.colcon_core.package_identification:_identify(build) by extensions ['ignore', 'ignore_ament_install']
[0.796s] Level 1:colcon.colcon_core.package_identification:_identify(build) by extension 'ignore'
[0.797s] Level 1:colcon.colcon_core.package_identification:_identify(build) ignored
[0.797s] Level 1:colcon.colcon_core.package_identification:_identify(install) by extensions ['ignore', 'ignore_ament_install']
[0.797s] Level 1:colcon.colcon_core.package_identification:_identify(install) by extension 'ignore'
[0.797s] Level 1:colcon.colcon_core.package_identification:_identify(install) ignored
[0.797s] Level 1:colcon.colcon_core.package_identification:_identify(log) by extensions ['ignore', 'ignore_ament_install']
[0.797s] Level 1:colcon.colcon_core.package_identification:_identify(log) by extension 'ignore'
[0.797s] Level 1:colcon.colcon_core.package_identification:_identify(log) ignored
[0.797s] Level 1:colcon.colcon_core.package_identification:_identify(src) by extensions ['ignore', 'ignore_ament_install']
[0.797s] Level 1:colcon.colcon_core.package_identification:_identify(src) by extension 'ignore'
[0.797s] Level 1:colcon.colcon_core.package_identification:_identify(src) by extension 'ignore_ament_install'
[0.797s] Level 1:colcon.colcon_core.package_identification:_identify(src) by extensions ['colcon_pkg']
[0.797s] Level 1:colcon.colcon_core.package_identification:_identify(src) by extension 'colcon_pkg'
[0.797s] Level 1:colcon.colcon_core.package_identification:_identify(src) by extensions ['colcon_meta']
[0.797s] Level 1:colcon.colcon_core.package_identification:_identify(src) by extension 'colcon_meta'
[0.797s] Level 1:colcon.colcon_core.package_identification:_identify(src) by extensions ['ros']
[0.797s] Level 1:colcon.colcon_core.package_identification:_identify(src) by extension 'ros'
[0.797s] Level 1:colcon.colcon_core.package_identification:_identify(src) by extensions ['cmake', 'python']
[0.797s] Level 1:colcon.colcon_core.package_identification:_identify(src) by extension 'cmake'
[0.797s] Level 1:colcon.colcon_core.package_identification:_identify(src) by extension 'python'
[0.797s] Level 1:colcon.colcon_core.package_identification:_identify(src) by extensions ['python_setup_py']
[0.797s] Level 1:colcon.colcon_core.package_identification:_identify(src) by extension 'python_setup_py'
[0.797s] Level 1:colcon.colcon_core.package_identification:_identify(src/roarm_ws_em0) by extensions ['ignore', 'ignore_ament_install']
[0.798s] Level 1:colcon.colcon_core.package_identification:_identify(src/roarm_ws_em0) by extension 'ignore'
[0.798s] Level 1:colcon.colcon_core.package_identification:_identify(src/roarm_ws_em0) by extension 'ignore_ament_install'
[0.798s] Level 1:colcon.colcon_core.package_identification:_identify(src/roarm_ws_em0) by extensions ['colcon_pkg']
[0.798s] Level 1:colcon.colcon_core.package_identification:_identify(src/roarm_ws_em0) by extension 'colcon_pkg'
[0.798s] Level 1:colcon.colcon_core.package_identification:_identify(src/roarm_ws_em0) by extensions ['colcon_meta']
[0.798s] Level 1:colcon.colcon_core.package_identification:_identify(src/roarm_ws_em0) by extension 'colcon_meta'
[0.798s] Level 1:colcon.colcon_core.package_identification:_identify(src/roarm_ws_em0) by extensions ['ros']
[0.798s] Level 1:colcon.colcon_core.package_identification:_identify(src/roarm_ws_em0) by extension 'ros'
[0.798s] Level 1:colcon.colcon_core.package_identification:_identify(src/roarm_ws_em0) by extensions ['cmake', 'python']
[0.798s] Level 1:colcon.colcon_core.package_identification:_identify(src/roarm_ws_em0) by extension 'cmake'
[0.798s] Level 1:colcon.colcon_core.package_identification:_identify(src/roarm_ws_em0) by extension 'python'
[0.798s] Level 1:colcon.colcon_core.package_identification:_identify(src/roarm_ws_em0) by extensions ['python_setup_py']
[0.798s] Level 1:colcon.colcon_core.package_identification:_identify(src/roarm_ws_em0) by extension 'python_setup_py'
[0.798s] Level 1:colcon.colcon_core.package_identification:_identify(src/roarm_ws_em0/build) by extensions ['ignore', 'ignore_ament_install']
[0.798s] Level 1:colcon.colcon_core.package_identification:_identify(src/roarm_ws_em0/build) by extension 'ignore'
[0.798s] Level 1:colcon.colcon_core.package_identification:_identify(src/roarm_ws_em0/build) ignored
[0.798s] Level 1:colcon.colcon_core.package_identification:_identify(src/roarm_ws_em0/install) by extensions ['ignore', 'ignore_ament_install']
[0.798s] Level 1:colcon.colcon_core.package_identification:_identify(src/roarm_ws_em0/install) by extension 'ignore'
[0.798s] Level 1:colcon.colcon_core.package_identification:_identify(src/roarm_ws_em0/install) ignored
[0.798s] Level 1:colcon.colcon_core.package_identification:_identify(src/roarm_ws_em0/log) by extensions ['ignore', 'ignore_ament_install']
[0.798s] Level 1:colcon.colcon_core.package_identification:_identify(src/roarm_ws_em0/log) by extension 'ignore'
[0.799s] Level 1:colcon.colcon_core.package_identification:_identify(src/roarm_ws_em0/log) ignored
[0.799s] Level 1:colcon.colcon_core.package_identification:_identify(src/roarm_ws_em0/src) by extensions ['ignore', 'ignore_ament_install']
[0.799s] Level 1:colcon.colcon_core.package_identification:_identify(src/roarm_ws_em0/src) by extension 'ignore'
[0.799s] Level 1:colcon.colcon_core.package_identification:_identify(src/roarm_ws_em0/src) by extension 'ignore_ament_install'
[0.799s] Level 1:colcon.colcon_core.package_identification:_identify(src/roarm_ws_em0/src) by extensions ['colcon_pkg']
[0.799s] Level 1:colcon.colcon_core.package_identification:_identify(src/roarm_ws_em0/src) by extension 'colcon_pkg'
[0.799s] Level 1:colcon.colcon_core.package_identification:_identify(src/roarm_ws_em0/src) by extensions ['colcon_meta']
[0.799s] Level 1:colcon.colcon_core.package_identification:_identify(src/roarm_ws_em0/src) by extension 'colcon_meta'
[0.799s] Level 1:colcon.colcon_core.package_identification:_identify(src/roarm_ws_em0/src) by extensions ['ros']
[0.799s] Level 1:colcon.colcon_core.package_identification:_identify(src/roarm_ws_em0/src) by extension 'ros'
[0.799s] Level 1:colcon.colcon_core.package_identification:_identify(src/roarm_ws_em0/src) by extensions ['cmake', 'python']
[0.799s] Level 1:colcon.colcon_core.package_identification:_identify(src/roarm_ws_em0/src) by extension 'cmake'
[0.799s] Level 1:colcon.colcon_core.package_identification:_identify(src/roarm_ws_em0/src) by extension 'python'
[0.799s] Level 1:colcon.colcon_core.package_identification:_identify(src/roarm_ws_em0/src) by extensions ['python_setup_py']
[0.799s] Level 1:colcon.colcon_core.package_identification:_identify(src/roarm_ws_em0/src) by extension 'python_setup_py'
[0.799s] Level 1:colcon.colcon_core.package_identification:_identify(src/roarm_ws_em0/src/roarm) by extensions ['ignore', 'ignore_ament_install']
[0.799s] Level 1:colcon.colcon_core.package_identification:_identify(src/roarm_ws_em0/src/roarm) by extension 'ignore'
[0.799s] Level 1:colcon.colcon_core.package_identification:_identify(src/roarm_ws_em0/src/roarm) by extension 'ignore_ament_install'
[0.799s] Level 1:colcon.colcon_core.package_identification:_identify(src/roarm_ws_em0/src/roarm) by extensions ['colcon_pkg']
[0.799s] Level 1:colcon.colcon_core.package_identification:_identify(src/roarm_ws_em0/src/roarm) by extension 'colcon_pkg'
[0.799s] Level 1:colcon.colcon_core.package_identification:_identify(src/roarm_ws_em0/src/roarm) by extensions ['colcon_meta']
[0.799s] Level 1:colcon.colcon_core.package_identification:_identify(src/roarm_ws_em0/src/roarm) by extension 'colcon_meta'
[0.799s] Level 1:colcon.colcon_core.package_identification:_identify(src/roarm_ws_em0/src/roarm) by extensions ['ros']
[0.799s] Level 1:colcon.colcon_core.package_identification:_identify(src/roarm_ws_em0/src/roarm) by extension 'ros'
[0.801s] DEBUG:colcon.colcon_core.package_identification:Package 'src/roarm_ws_em0/src/roarm' with type 'ros.ament_cmake' and name 'roarm'
[0.801s] Level 1:colcon.colcon_core.package_identification:_identify(src/roarm_ws_em0/src/serial_ctrl) by extensions ['ignore', 'ignore_ament_install']
[0.801s] Level 1:colcon.colcon_core.package_identification:_identify(src/roarm_ws_em0/src/serial_ctrl) by extension 'ignore'
[0.802s] Level 1:colcon.colcon_core.package_identification:_identify(src/roarm_ws_em0/src/serial_ctrl) by extension 'ignore_ament_install'
[0.802s] Level 1:colcon.colcon_core.package_identification:_identify(src/roarm_ws_em0/src/serial_ctrl) by extensions ['colcon_pkg']
[0.802s] Level 1:colcon.colcon_core.package_identification:_identify(src/roarm_ws_em0/src/serial_ctrl) by extension 'colcon_pkg'
[0.802s] Level 1:colcon.colcon_core.package_identification:_identify(src/roarm_ws_em0/src/serial_ctrl) by extensions ['colcon_meta']
[0.802s] Level 1:colcon.colcon_core.package_identification:_identify(src/roarm_ws_em0/src/serial_ctrl) by extension 'colcon_meta'
[0.802s] Level 1:colcon.colcon_core.package_identification:_identify(src/roarm_ws_em0/src/serial_ctrl) by extensions ['ros']
[0.802s] Level 1:colcon.colcon_core.package_identification:_identify(src/roarm_ws_em0/src/serial_ctrl) by extension 'ros'
[0.802s] DEBUG:colcon.colcon_core.package_identification:Package 'src/roarm_ws_em0/src/serial_ctrl' with type 'ros.ament_python' and name 'serial_ctrl'
[0.802s] Level 1:colcon.colcon_core.package_discovery:discover_packages(recursive) using defaults
[0.802s] Level 1:colcon.colcon_core.package_discovery:discover_packages(ignore) discover
[0.802s] Level 1:colcon.colcon_core.package_discovery:discover_packages(ignore) using defaults
[0.802s] Level 1:colcon.colcon_core.package_discovery:discover_packages(path) discover
[0.802s] Level 1:colcon.colcon_core.package_discovery:discover_packages(path) using defaults
[0.871s] Level 1:colcon.colcon_core.package_discovery:discover_packages(prefix_path) check parameters
[0.871s] Level 1:colcon.colcon_core.package_discovery:discover_packages(prefix_path) discover
[0.894s] DEBUG:colcon.colcon_installed_package_information.package_discovery:Found 270 installed packages in /opt/ros/humble
[0.895s] Level 1:colcon.colcon_core.package_discovery:discover_packages(prefix_path) using defaults
[0.966s] Level 5:colcon.colcon_core.verb:set package 'roarm' build argument 'cmake_args' from command line to 'None'
[0.966s] Level 5:colcon.colcon_core.verb:set package 'roarm' build argument 'cmake_target' from command line to 'None'
[0.966s] Level 5:colcon.colcon_core.verb:set package 'roarm' build argument 'cmake_target_skip_unavailable' from command line to 'False'
[0.966s] Level 5:colcon.colcon_core.verb:set package 'roarm' build argument 'cmake_clean_cache' from command line to 'False'
[0.966s] Level 5:colcon.colcon_core.verb:set package 'roarm' build argument 'cmake_clean_first' from command line to 'False'
[0.966s] Level 5:colcon.colcon_core.verb:set package 'roarm' build argument 'cmake_force_configure' from command line to 'False'
[0.966s] Level 5:colcon.colcon_core.verb:set package 'roarm' build argument 'ament_cmake_args' from command line to 'None'
[0.966s] Level 5:colcon.colcon_core.verb:set package 'roarm' build argument 'catkin_cmake_args' from command line to 'None'
[0.966s] Level 5:colcon.colcon_core.verb:set package 'roarm' build argument 'catkin_skip_building_tests' from command line to 'False'
[0.966s] DEBUG:colcon.colcon_core.verb:Building package 'roarm' with the following arguments: {'ament_cmake_args': None, 'build_base': '/home/wujiashu0421/Roarm_ROS/build/roarm', 'catkin_cmake_args': None, 'catkin_skip_building_tests': False, 'cmake_args': None, 'cmake_clean_cache': False, 'cmake_clean_first': False, 'cmake_force_configure': False, 'cmake_target': None, 'cmake_target_skip_unavailable': False, 'install_base': '/home/wujiashu0421/Roarm_ROS/install/roarm', 'merge_install': False, 'path': '/home/wujiashu0421/Roarm_ROS/src/roarm_ws_em0/src/roarm', 'symlink_install': False, 'test_result_base': None}
[0.977s] Level 5:colcon.colcon_core.verb:set package 'serial_ctrl' build argument 'cmake_args' from command line to 'None'
[0.977s] Level 5:colcon.colcon_core.verb:set package 'serial_ctrl' build argument 'cmake_target' from command line to 'None'
[0.977s] Level 5:colcon.colcon_core.verb:set package 'serial_ctrl' build argument 'cmake_target_skip_unavailable' from command line to 'False'
[0.977s] Level 5:colcon.colcon_core.verb:set package 'serial_ctrl' build argument 'cmake_clean_cache' from command line to 'False'
[0.977s] Level 5:colcon.colcon_core.verb:set package 'serial_ctrl' build argument 'cmake_clean_first' from command line to 'False'
[0.977s] Level 5:colcon.colcon_core.verb:set package 'serial_ctrl' build argument 'cmake_force_configure' from command line to 'False'
[0.977s] Level 5:colcon.colcon_core.verb:set package 'serial_ctrl' build argument 'ament_cmake_args' from command line to 'None'
[0.977s] Level 5:colcon.colcon_core.verb:set package 'serial_ctrl' build argument 'catkin_cmake_args' from command line to 'None'
[0.977s] Level 5:colcon.colcon_core.verb:set package 'serial_ctrl' build argument 'catkin_skip_building_tests' from command line to 'False'
[0.977s] DEBUG:colcon.colcon_core.verb:Building package 'serial_ctrl' with the following arguments: {'ament_cmake_args': None, 'build_base': '/home/wujiashu0421/Roarm_ROS/build/serial_ctrl', 'catkin_cmake_args': None, 'catkin_skip_building_tests': False, 'cmake_args': None, 'cmake_clean_cache': False, 'cmake_clean_first': False, 'cmake_force_configure': False, 'cmake_target': None, 'cmake_target_skip_unavailable': False, 'install_base': '/home/wujiashu0421/Roarm_ROS/install/serial_ctrl', 'merge_install': False, 'path': '/home/wujiashu0421/Roarm_ROS/src/roarm_ws_em0/src/serial_ctrl', 'symlink_install': False, 'test_result_base': None}
[0.988s] INFO:colcon.colcon_core.executor:Executing jobs using 'parallel' executor
[1.000s] DEBUG:colcon.colcon_parallel_executor.executor.parallel:run_until_complete
[1.000s] INFO:colcon.colcon_ros.task.ament_cmake.build:Building ROS package in '/home/wujiashu0421/Roarm_ROS/src/roarm_ws_em0/src/roarm' with build type 'ament_cmake'
[1.001s] INFO:colcon.colcon_cmake.task.cmake.build:Building CMake package in '/home/wujiashu0421/Roarm_ROS/src/roarm_ws_em0/src/roarm'
[1.013s] INFO:colcon.colcon_core.plugin_system:Skipping extension 'colcon_core.shell.bat': Not used on non-Windows systems
[1.013s] INFO:colcon.colcon_core.shell:Skip shell extension 'powershell' for command environment: Not usable outside of PowerShell
[1.013s] DEBUG:colcon.colcon_core.shell:Skip shell extension 'dsv' for command environment
[1.036s] INFO:colcon.colcon_ros.task.ament_python.build:Building ROS package in '/home/wujiashu0421/Roarm_ROS/src/roarm_ws_em0/src/serial_ctrl' with build type 'ament_python'
[1.036s] Level 1:colcon.colcon_core.shell:create_environment_hook('serial_ctrl', 'ament_prefix_path')
[1.048s] INFO:colcon.colcon_core.shell:Creating environment hook '/home/wujiashu0421/Roarm_ROS/install/serial_ctrl/share/serial_ctrl/hook/ament_prefix_path.ps1'
[1.048s] INFO:colcon.colcon_core.shell:Creating environment descriptor '/home/wujiashu0421/Roarm_ROS/install/serial_ctrl/share/serial_ctrl/hook/ament_prefix_path.dsv'
[1.048s] INFO:colcon.colcon_core.shell:Creating environment hook '/home/wujiashu0421/Roarm_ROS/install/serial_ctrl/share/serial_ctrl/hook/ament_prefix_path.sh'
[1.060s] INFO:colcon.colcon_core.shell:Skip shell extension 'powershell' for command environment: Not usable outside of PowerShell
[1.060s] DEBUG:colcon.colcon_core.shell:Skip shell extension 'dsv' for command environment
[1.090s] DEBUG:colcon.colcon_core.event_handler.log_command:Invoking command in '/home/wujiashu0421/Roarm_ROS/build/roarm': CMAKE_PREFIX_PATH=/opt/ros/humble /usr/bin/cmake --build /home/wujiashu0421/Roarm_ROS/build/roarm -- -j8 -l8
[1.275s] INFO:colcon.colcon_core.task.python.build:Building Python package in '/home/wujiashu0421/Roarm_ROS/src/roarm_ws_em0/src/serial_ctrl'
[1.286s] INFO:colcon.colcon_core.shell:Skip shell extension 'powershell' for command environment: Not usable outside of PowerShell
[1.286s] DEBUG:colcon.colcon_core.shell:Skip shell extension 'dsv' for command environment
[1.312s] DEBUG:colcon.colcon_core.event_handler.log_command:Invoked command in '/home/wujiashu0421/Roarm_ROS/build/roarm' returned '0': CMAKE_PREFIX_PATH=/opt/ros/humble /usr/bin/cmake --build /home/wujiashu0421/Roarm_ROS/build/roarm -- -j8 -l8
[1.331s] DEBUG:colcon.colcon_core.event_handler.log_command:Invoking command in '/home/wujiashu0421/Roarm_ROS/build/roarm': CMAKE_PREFIX_PATH=/opt/ros/humble /usr/bin/cmake --install /home/wujiashu0421/Roarm_ROS/build/roarm
[1.340s] Level 1:colcon.colcon_core.environment:create_environment_scripts_only(roarm)
[1.342s] DEBUG:colcon.colcon_core.event_handler.log_command:Invoked command in '/home/wujiashu0421/Roarm_ROS/build/roarm' returned '0': CMAKE_PREFIX_PATH=/opt/ros/humble /usr/bin/cmake --install /home/wujiashu0421/Roarm_ROS/build/roarm
[1.354s] Level 1:colcon.colcon_core.environment:checking '/home/wujiashu0421/Roarm_ROS/install/roarm' for CMake module files
[1.355s] Level 1:colcon.colcon_core.environment:checking '/home/wujiashu0421/Roarm_ROS/install/roarm' for CMake config files
[1.355s] Level 1:colcon.colcon_core.shell:create_environment_hook('roarm', 'cmake_prefix_path')
[1.366s] INFO:colcon.colcon_core.shell:Creating environment hook '/home/wujiashu0421/Roarm_ROS/install/roarm/share/roarm/hook/cmake_prefix_path.ps1'
[1.366s] INFO:colcon.colcon_core.shell:Creating environment descriptor '/home/wujiashu0421/Roarm_ROS/install/roarm/share/roarm/hook/cmake_prefix_path.dsv'
[1.366s] INFO:colcon.colcon_core.shell:Creating environment hook '/home/wujiashu0421/Roarm_ROS/install/roarm/share/roarm/hook/cmake_prefix_path.sh'
[1.367s] Level 1:colcon.colcon_core.environment:checking '/home/wujiashu0421/Roarm_ROS/install/roarm/bin'
[1.367s] Level 1:colcon.colcon_core.environment:checking '/home/wujiashu0421/Roarm_ROS/install/roarm/lib/pkgconfig/roarm.pc'
[1.367s] Level 1:colcon.colcon_core.environment:checking '/home/wujiashu0421/Roarm_ROS/install/roarm/lib/python3.10/site-packages'
[1.367s] Level 1:colcon.colcon_core.environment:checking '/home/wujiashu0421/Roarm_ROS/install/roarm/bin'
[1.378s] INFO:colcon.colcon_core.shell:Creating package script '/home/wujiashu0421/Roarm_ROS/install/roarm/share/roarm/package.ps1'
[1.379s] INFO:colcon.colcon_core.shell:Creating package descriptor '/home/wujiashu0421/Roarm_ROS/install/roarm/share/roarm/package.dsv'
[1.379s] INFO:colcon.colcon_core.shell:Creating package script '/home/wujiashu0421/Roarm_ROS/install/roarm/share/roarm/package.sh'
[1.380s] INFO:colcon.colcon_core.shell:Creating package script '/home/wujiashu0421/Roarm_ROS/install/roarm/share/roarm/package.bash'
[1.380s] INFO:colcon.colcon_core.shell:Creating package script '/home/wujiashu0421/Roarm_ROS/install/roarm/share/roarm/package.zsh'
[1.381s] Level 1:colcon.colcon_core.environment:create_file_with_runtime_dependencies(/home/wujiashu0421/Roarm_ROS/install/roarm/share/colcon-core/packages/roarm)
[1.405s] Level 1:colcon.colcon_core.environment:create_environment_scripts_only(roarm)
[1.416s] Level 1:colcon.colcon_core.environment:checking '/home/wujiashu0421/Roarm_ROS/install/roarm' for CMake module files
[1.417s] Level 1:colcon.colcon_core.environment:checking '/home/wujiashu0421/Roarm_ROS/install/roarm' for CMake config files
[1.417s] Level 1:colcon.colcon_core.shell:create_environment_hook('roarm', 'cmake_prefix_path')
[1.428s] INFO:colcon.colcon_core.shell:Creating environment hook '/home/wujiashu0421/Roarm_ROS/install/roarm/share/roarm/hook/cmake_prefix_path.ps1'
[1.429s] INFO:colcon.colcon_core.shell:Creating environment descriptor '/home/wujiashu0421/Roarm_ROS/install/roarm/share/roarm/hook/cmake_prefix_path.dsv'
[1.429s] INFO:colcon.colcon_core.shell:Creating environment hook '/home/wujiashu0421/Roarm_ROS/install/roarm/share/roarm/hook/cmake_prefix_path.sh'
[1.429s] Level 1:colcon.colcon_core.environment:checking '/home/wujiashu0421/Roarm_ROS/install/roarm/bin'
[1.429s] Level 1:colcon.colcon_core.environment:checking '/home/wujiashu0421/Roarm_ROS/install/roarm/lib/pkgconfig/roarm.pc'
[1.429s] Level 1:colcon.colcon_core.environment:checking '/home/wujiashu0421/Roarm_ROS/install/roarm/lib/python3.10/site-packages'
[1.430s] Level 1:colcon.colcon_core.environment:checking '/home/wujiashu0421/Roarm_ROS/install/roarm/bin'
[1.440s] INFO:colcon.colcon_core.shell:Creating package script '/home/wujiashu0421/Roarm_ROS/install/roarm/share/roarm/package.ps1'
[1.441s] INFO:colcon.colcon_core.shell:Creating package descriptor '/home/wujiashu0421/Roarm_ROS/install/roarm/share/roarm/package.dsv'
[1.441s] INFO:colcon.colcon_core.shell:Creating package script '/home/wujiashu0421/Roarm_ROS/install/roarm/share/roarm/package.sh'
[1.441s] INFO:colcon.colcon_core.shell:Creating package script '/home/wujiashu0421/Roarm_ROS/install/roarm/share/roarm/package.bash'
[1.442s] INFO:colcon.colcon_core.shell:Creating package script '/home/wujiashu0421/Roarm_ROS/install/roarm/share/roarm/package.zsh'
[1.442s] Level 1:colcon.colcon_core.environment:create_file_with_runtime_dependencies(/home/wujiashu0421/Roarm_ROS/install/roarm/share/colcon-core/packages/roarm)
[1.553s] DEBUG:colcon.colcon_core.event_handler.log_command:Invoking command in '/home/wujiashu0421/Roarm_ROS/src/roarm_ws_em0/src/serial_ctrl': PYTHONPATH=/home/wujiashu0421/Roarm_ROS/build/serial_ctrl/prefix_override:/home/wujiashu0421/Roarm_ROS/install/serial_ctrl/lib/python3.10/site-packages:${PYTHONPATH} /usr/bin/python3 setup.py egg_info --egg-base ../../../../build/serial_ctrl build --build-base /home/wujiashu0421/Roarm_ROS/build/serial_ctrl/build install --record /home/wujiashu0421/Roarm_ROS/build/serial_ctrl/install.log --single-version-externally-managed
[1.759s] DEBUG:colcon.colcon_core.event_handler.log_command:Invoked command in '/home/wujiashu0421/Roarm_ROS/src/roarm_ws_em0/src/serial_ctrl' returned '0': PYTHONPATH=/home/wujiashu0421/Roarm_ROS/build/serial_ctrl/prefix_override:/home/wujiashu0421/Roarm_ROS/install/serial_ctrl/lib/python3.10/site-packages:${PYTHONPATH} /usr/bin/python3 setup.py egg_info --egg-base ../../../../build/serial_ctrl build --build-base /home/wujiashu0421/Roarm_ROS/build/serial_ctrl/build install --record /home/wujiashu0421/Roarm_ROS/build/serial_ctrl/install.log --single-version-externally-managed
[1.770s] Level 1:colcon.colcon_core.environment:checking '/home/wujiashu0421/Roarm_ROS/install/serial_ctrl' for CMake module files
[1.770s] Level 1:colcon.colcon_core.environment:checking '/home/wujiashu0421/Roarm_ROS/install/serial_ctrl' for CMake config files
[1.770s] Level 1:colcon.colcon_core.environment:checking '/home/wujiashu0421/Roarm_ROS/install/serial_ctrl/lib'
[1.771s] Level 1:colcon.colcon_core.environment:checking '/home/wujiashu0421/Roarm_ROS/install/serial_ctrl/bin'
[1.771s] Level 1:colcon.colcon_core.environment:checking '/home/wujiashu0421/Roarm_ROS/install/serial_ctrl/lib/pkgconfig/serial_ctrl.pc'
[1.771s] Level 1:colcon.colcon_core.environment:checking '/home/wujiashu0421/Roarm_ROS/install/serial_ctrl/lib/python3.10/site-packages'
[1.771s] Level 1:colcon.colcon_core.shell:create_environment_hook('serial_ctrl', 'pythonpath')
[1.790s] INFO:colcon.colcon_core.shell:Creating environment hook '/home/wujiashu0421/Roarm_ROS/install/serial_ctrl/share/serial_ctrl/hook/pythonpath.ps1'
[1.790s] INFO:colcon.colcon_core.shell:Creating environment descriptor '/home/wujiashu0421/Roarm_ROS/install/serial_ctrl/share/serial_ctrl/hook/pythonpath.dsv'
[1.790s] INFO:colcon.colcon_core.shell:Creating environment hook '/home/wujiashu0421/Roarm_ROS/install/serial_ctrl/share/serial_ctrl/hook/pythonpath.sh'
[1.791s] Level 1:colcon.colcon_core.environment:checking '/home/wujiashu0421/Roarm_ROS/install/serial_ctrl/bin'
[1.791s] Level 1:colcon.colcon_core.environment:create_environment_scripts_only(serial_ctrl)
[1.802s] INFO:colcon.colcon_core.shell:Creating package script '/home/wujiashu0421/Roarm_ROS/install/serial_ctrl/share/serial_ctrl/package.ps1'
[1.803s] INFO:colcon.colcon_core.shell:Creating package descriptor '/home/wujiashu0421/Roarm_ROS/install/serial_ctrl/share/serial_ctrl/package.dsv'
[1.803s] INFO:colcon.colcon_core.shell:Creating package script '/home/wujiashu0421/Roarm_ROS/install/serial_ctrl/share/serial_ctrl/package.sh'
[1.803s] INFO:colcon.colcon_core.shell:Creating package script '/home/wujiashu0421/Roarm_ROS/install/serial_ctrl/share/serial_ctrl/package.bash'
[1.804s] INFO:colcon.colcon_core.shell:Creating package script '/home/wujiashu0421/Roarm_ROS/install/serial_ctrl/share/serial_ctrl/package.zsh'
[1.804s] Level 1:colcon.colcon_core.environment:create_file_with_runtime_dependencies(/home/wujiashu0421/Roarm_ROS/install/serial_ctrl/share/colcon-core/packages/serial_ctrl)
[1.804s] DEBUG:colcon.colcon_parallel_executor.executor.parallel:closing loop
[1.804s] DEBUG:colcon.colcon_parallel_executor.executor.parallel:loop closed
[1.804s] DEBUG:colcon.colcon_parallel_executor.executor.parallel:run_until_complete finished with '0'
[1.805s] DEBUG:colcon.colcon_core.event_reactor:joining thread
[1.820s] INFO:colcon.colcon_core.plugin_system:Skipping extension 'colcon_notification.desktop_notification.terminal_notifier': Not used on non-Darwin systems
[1.820s] INFO:colcon.colcon_core.plugin_system:Skipping extension 'colcon_notification.desktop_notification.win32': Not used on non-Windows systems
[1.820s] INFO:colcon.colcon_notification.desktop_notification:Sending desktop notification using 'notify2'
[1.826s] DEBUG:colcon.colcon_core.event_reactor:joined thread
[1.838s] INFO:colcon.colcon_core.shell:Creating prefix script '/home/wujiashu0421/Roarm_ROS/install/local_setup.ps1'
[1.839s] INFO:colcon.colcon_core.shell:Creating prefix util module '/home/wujiashu0421/Roarm_ROS/install/_local_setup_util_ps1.py'
[1.840s] INFO:colcon.colcon_core.shell:Creating prefix chain script '/home/wujiashu0421/Roarm_ROS/install/setup.ps1'
[1.851s] INFO:colcon.colcon_core.shell:Creating prefix script '/home/wujiashu0421/Roarm_ROS/install/local_setup.sh'
[1.852s] INFO:colcon.colcon_core.shell:Creating prefix util module '/home/wujiashu0421/Roarm_ROS/install/_local_setup_util_sh.py'
[1.852s] INFO:colcon.colcon_core.shell:Creating prefix chain script '/home/wujiashu0421/Roarm_ROS/install/setup.sh'
[1.864s] INFO:colcon.colcon_core.shell:Creating prefix script '/home/wujiashu0421/Roarm_ROS/install/local_setup.bash'
[1.865s] INFO:colcon.colcon_core.shell:Creating prefix chain script '/home/wujiashu0421/Roarm_ROS/install/setup.bash'
[1.876s] INFO:colcon.colcon_core.shell:Creating prefix script '/home/wujiashu0421/Roarm_ROS/install/local_setup.zsh'
[1.877s] INFO:colcon.colcon_core.shell:Creating prefix chain script '/home/wujiashu0421/Roarm_ROS/install/setup.zsh'
