[0.096s] Invoking command in '/home/wujiashu0421/roarm_ws_em0/build/roarm': CMAKE_PREFIX_PATH=/opt/ros/iron /usr/bin/cmake /home/wujiashu0421/roarm_ws_em0/src/roarm -DCMAKE_INSTALL_PREFIX=/home/wujiashu0421/roarm_ws_em0/install/roarm
[0.108s] -- Found ament_cmake: 2.0.3 (/opt/ros/iron/share/ament_cmake/cmake)
[0.239s] -- Found Python3: /usr/bin/python3.10 (found version "3.10.12") found components: Interpreter 
[0.311s] -- Found ament_lint_auto: 0.14.2 (/opt/ros/iron/share/ament_lint_auto/cmake)
[0.369s] -- Added test 'flake8' to check Python code syntax and style conventions
[0.369s] -- Configured 'flake8' exclude dirs and/or files: 
[0.369s] -- Added test 'lint_cmake' to check CMake code style
[0.369s] -- Added test 'pep257' to check Python code against some of the docstring style conventions in PEP 257
[0.370s] -- Added test 'xmllint' to check XML markup files
[0.371s] -- Configuring done
[0.375s] -- Generating done
[0.376s] -- Build files have been written to: /home/wujiashu0421/roarm_ws_em0/build/roarm
[0.378s] Invoked command in '/home/wujiashu0421/roarm_ws_em0/build/roarm' returned '0': CMAKE_PREFIX_PATH=/opt/ros/iron /usr/bin/cmake /home/wujiashu0421/roarm_ws_em0/src/roarm -DCMAKE_INSTALL_PREFIX=/home/wujiashu0421/roarm_ws_em0/install/roarm
[0.380s] Invoking command in '/home/wujiashu0421/roarm_ws_em0/build/roarm': CMAKE_PREFIX_PATH=/opt/ros/iron /usr/bin/cmake --build /home/wujiashu0421/roarm_ws_em0/build/roarm -- -j8 -l8
[0.404s] Invoked command in '/home/wujiashu0421/roarm_ws_em0/build/roarm' returned '0': CMAKE_PREFIX_PATH=/opt/ros/iron /usr/bin/cmake --build /home/wujiashu0421/roarm_ws_em0/build/roarm -- -j8 -l8
[0.422s] Invoking command in '/home/wujiashu0421/roarm_ws_em0/build/roarm': CMAKE_PREFIX_PATH=/opt/ros/iron /usr/bin/cmake --install /home/wujiashu0421/roarm_ws_em0/build/roarm
[0.428s] -- Install configuration: ""
[0.428s] -- Up-to-date: /home/wujiashu0421/roarm_ws_em0/install/roarm/share/roarm/config
[0.428s] -- Up-to-date: /home/wujiashu0421/roarm_ws_em0/install/roarm/share/roarm/launch
[0.428s] -- Installing: /home/wujiashu0421/roarm_ws_em0/install/roarm/share/roarm/launch/roarm.launch.py
[0.428s] -- Up-to-date: /home/wujiashu0421/roarm_ws_em0/install/roarm/share/roarm/maps
[0.428s] -- Up-to-date: /home/wujiashu0421/roarm_ws_em0/install/roarm/share/roarm/meshes
[0.428s] -- Installing: /home/wujiashu0421/roarm_ws_em0/install/roarm/share/roarm/meshes/L3.stl
[0.433s] -- Installing: /home/wujiashu0421/roarm_ws_em0/install/roarm/share/roarm/meshes/L4.stl
[0.434s] -- Installing: /home/wujiashu0421/roarm_ws_em0/install/roarm/share/roarm/meshes/L1.stl
[0.439s] -- Installing: /home/wujiashu0421/roarm_ws_em0/install/roarm/share/roarm/meshes/base.stl
[0.456s] -- Installing: /home/wujiashu0421/roarm_ws_em0/install/roarm/share/roarm/meshes/L2.stl
[0.459s] -- Installing: /home/wujiashu0421/roarm_ws_em0/install/roarm/share/roarm/models
[0.460s] -- Installing: /home/wujiashu0421/roarm_ws_em0/install/roarm/share/roarm/params
[0.460s] -- Installing: /home/wujiashu0421/roarm_ws_em0/install/roarm/share/roarm/rviz
[0.460s] -- Installing: /home/wujiashu0421/roarm_ws_em0/install/roarm/share/roarm/rviz/rviz_basic_settings.rviz
[0.460s] -- Installing: /home/wujiashu0421/roarm_ws_em0/install/roarm/share/roarm/src
[0.460s] -- Installing: /home/wujiashu0421/roarm_ws_em0/install/roarm/share/roarm/urdf
[0.460s] -- Installing: /home/wujiashu0421/roarm_ws_em0/install/roarm/share/roarm/urdf/roarm.urdf
[0.460s] -- Installing: /home/wujiashu0421/roarm_ws_em0/install/roarm/share/roarm/worlds
[0.461s] -- Installing: /home/wujiashu0421/roarm_ws_em0/install/roarm/share/ament_index/resource_index/package_run_dependencies/roarm
[0.461s] -- Installing: /home/wujiashu0421/roarm_ws_em0/install/roarm/share/ament_index/resource_index/parent_prefix_path/roarm
[0.461s] -- Installing: /home/wujiashu0421/roarm_ws_em0/install/roarm/share/roarm/environment/ament_prefix_path.sh
[0.461s] -- Installing: /home/wujiashu0421/roarm_ws_em0/install/roarm/share/roarm/environment/ament_prefix_path.dsv
[0.461s] -- Installing: /home/wujiashu0421/roarm_ws_em0/install/roarm/share/roarm/environment/path.sh
[0.461s] -- Installing: /home/wujiashu0421/roarm_ws_em0/install/roarm/share/roarm/environment/path.dsv
[0.461s] -- Installing: /home/wujiashu0421/roarm_ws_em0/install/roarm/share/roarm/local_setup.bash
[0.462s] -- Installing: /home/wujiashu0421/roarm_ws_em0/install/roarm/share/roarm/local_setup.sh
[0.462s] -- Installing: /home/wujiashu0421/roarm_ws_em0/install/roarm/share/roarm/local_setup.zsh
[0.462s] -- Installing: /home/wujiashu0421/roarm_ws_em0/install/roarm/share/roarm/local_setup.dsv
[0.462s] -- Installing: /home/wujiashu0421/roarm_ws_em0/install/roarm/share/roarm/package.dsv
[0.462s] -- Installing: /home/wujiashu0421/roarm_ws_em0/install/roarm/share/ament_index/resource_index/packages/roarm
[0.462s] -- Installing: /home/wujiashu0421/roarm_ws_em0/install/roarm/share/roarm/cmake/roarmConfig.cmake
[0.462s] -- Installing: /home/wujiashu0421/roarm_ws_em0/install/roarm/share/roarm/cmake/roarmConfig-version.cmake
[0.462s] -- Installing: /home/wujiashu0421/roarm_ws_em0/install/roarm/share/roarm/package.xml
[0.464s] Invoked command in '/home/wujiashu0421/roarm_ws_em0/build/roarm' returned '0': CMAKE_PREFIX_PATH=/opt/ros/iron /usr/bin/cmake --install /home/wujiashu0421/roarm_ws_em0/build/roarm
