[0.836s] DEBUG:colcon:Command line arguments: ['/usr/bin/colcon', 'build', '--symlink-install']
[0.837s] DEBUG:colcon:Parsed command line arguments: Namespace(log_base=None, log_level=None, verb_name='build', build_base='build', install_base='install', merge_install=False, symlink_install=True, test_result_base=None, continue_on_error=False, executor='parallel', parallel_workers=8, event_handlers=None, ignore_user_meta=False, metas=['./colcon.meta'], base_paths=['.'], packages_ignore=None, packages_ignore_regex=None, paths=None, packages_up_to=None, packages_up_to_regex=None, packages_above=None, packages_above_and_dependencies=None, packages_above_depth=None, packages_select_by_dep=None, packages_skip_by_dep=None, packages_skip_up_to=None, packages_select_build_failed=False, packages_skip_build_finished=False, packages_select_test_failures=False, packages_skip_test_passed=False, packages_select=None, packages_skip=None, packages_select_regex=None, packages_skip_regex=None, packages_start=None, packages_end=None, allow_overriding=[], cmake_args=None, cmake_target=None, cmake_target_skip_unavailable=False, cmake_clean_cache=False, cmake_clean_first=False, cmake_force_configure=False, ament_cmake_args=None, catkin_cmake_args=None, catkin_skip_building_tests=False, verb_parser=<colcon_defaults.argument_parser.defaults.DefaultArgumentsDecorator object at 0x7fdfdb659d20>, verb_extension=<colcon_core.verb.build.BuildVerb object at 0x7fdfdb8d1450>, main=<bound method BuildVerb.main of <colcon_core.verb.build.BuildVerb object at 0x7fdfdb8d1450>>)
[0.873s] Level 1:colcon.colcon_core.package_discovery:discover_packages(colcon_meta) check parameters
[0.874s] Level 1:colcon.colcon_core.package_discovery:discover_packages(recursive) check parameters
[0.874s] Level 1:colcon.colcon_core.package_discovery:discover_packages(ignore) check parameters
[0.874s] Level 1:colcon.colcon_core.package_discovery:discover_packages(path) check parameters
[0.874s] Level 1:colcon.colcon_core.package_discovery:discover_packages(colcon_meta) discover
[0.874s] Level 1:colcon.colcon_core.package_discovery:discover_packages(recursive) discover
[0.874s] INFO:colcon.colcon_core.package_discovery:Crawling recursively for packages in '/home/wujiashu0421/Roarm_ROS'
[0.874s] Level 1:colcon.colcon_core.package_identification:_identify(.) by extensions ['ignore', 'ignore_ament_install']
[0.874s] Level 1:colcon.colcon_core.package_identification:_identify(.) by extension 'ignore'
[0.874s] Level 1:colcon.colcon_core.package_identification:_identify(.) by extension 'ignore_ament_install'
[0.874s] Level 1:colcon.colcon_core.package_identification:_identify(.) by extensions ['colcon_pkg']
[0.874s] Level 1:colcon.colcon_core.package_identification:_identify(.) by extension 'colcon_pkg'
[0.874s] Level 1:colcon.colcon_core.package_identification:_identify(.) by extensions ['colcon_meta']
[0.874s] Level 1:colcon.colcon_core.package_identification:_identify(.) by extension 'colcon_meta'
[0.874s] Level 1:colcon.colcon_core.package_identification:_identify(.) by extensions ['ros']
[0.874s] Level 1:colcon.colcon_core.package_identification:_identify(.) by extension 'ros'
[0.884s] Level 1:colcon.colcon_core.package_identification:_identify(.) by extensions ['cmake', 'python']
[0.884s] Level 1:colcon.colcon_core.package_identification:_identify(.) by extension 'cmake'
[0.884s] Level 1:colcon.colcon_core.package_identification:_identify(.) by extension 'python'
[0.884s] Level 1:colcon.colcon_core.package_identification:_identify(.) by extensions ['python_setup_py']
[0.884s] Level 1:colcon.colcon_core.package_identification:_identify(.) by extension 'python_setup_py'
[0.884s] Level 1:colcon.colcon_core.package_identification:_identify(Arm_Controller) by extensions ['ignore', 'ignore_ament_install']
[0.884s] Level 1:colcon.colcon_core.package_identification:_identify(Arm_Controller) by extension 'ignore'
[0.884s] Level 1:colcon.colcon_core.package_identification:_identify(Arm_Controller) by extension 'ignore_ament_install'
[0.884s] Level 1:colcon.colcon_core.package_identification:_identify(Arm_Controller) by extensions ['colcon_pkg']
[0.884s] Level 1:colcon.colcon_core.package_identification:_identify(Arm_Controller) by extension 'colcon_pkg'
[0.884s] Level 1:colcon.colcon_core.package_identification:_identify(Arm_Controller) by extensions ['colcon_meta']
[0.884s] Level 1:colcon.colcon_core.package_identification:_identify(Arm_Controller) by extension 'colcon_meta'
[0.884s] Level 1:colcon.colcon_core.package_identification:_identify(Arm_Controller) by extensions ['ros']
[0.884s] Level 1:colcon.colcon_core.package_identification:_identify(Arm_Controller) by extension 'ros'
[0.886s] DEBUG:colcon.colcon_core.package_identification:Package 'Arm_Controller' with type 'ros.ament_python' and name 'arm_controller'
[0.886s] Level 1:colcon.colcon_core.package_identification:_identify(build) by extensions ['ignore', 'ignore_ament_install']
[0.887s] Level 1:colcon.colcon_core.package_identification:_identify(build) by extension 'ignore'
[0.887s] Level 1:colcon.colcon_core.package_identification:_identify(build) ignored
[0.887s] Level 1:colcon.colcon_core.package_identification:_identify(install) by extensions ['ignore', 'ignore_ament_install']
[0.887s] Level 1:colcon.colcon_core.package_identification:_identify(install) by extension 'ignore'
[0.887s] Level 1:colcon.colcon_core.package_identification:_identify(install) ignored
[0.887s] Level 1:colcon.colcon_core.package_identification:_identify(log) by extensions ['ignore', 'ignore_ament_install']
[0.887s] Level 1:colcon.colcon_core.package_identification:_identify(log) by extension 'ignore'
[0.887s] Level 1:colcon.colcon_core.package_identification:_identify(log) ignored
[0.887s] Level 1:colcon.colcon_core.package_identification:_identify(src) by extensions ['ignore', 'ignore_ament_install']
[0.887s] Level 1:colcon.colcon_core.package_identification:_identify(src) by extension 'ignore'
[0.887s] Level 1:colcon.colcon_core.package_identification:_identify(src) by extension 'ignore_ament_install'
[0.887s] Level 1:colcon.colcon_core.package_identification:_identify(src) by extensions ['colcon_pkg']
[0.887s] Level 1:colcon.colcon_core.package_identification:_identify(src) by extension 'colcon_pkg'
[0.887s] Level 1:colcon.colcon_core.package_identification:_identify(src) by extensions ['colcon_meta']
[0.887s] Level 1:colcon.colcon_core.package_identification:_identify(src) by extension 'colcon_meta'
[0.887s] Level 1:colcon.colcon_core.package_identification:_identify(src) by extensions ['ros']
[0.888s] Level 1:colcon.colcon_core.package_identification:_identify(src) by extension 'ros'
[0.888s] Level 1:colcon.colcon_core.package_identification:_identify(src) by extensions ['cmake', 'python']
[0.888s] Level 1:colcon.colcon_core.package_identification:_identify(src) by extension 'cmake'
[0.888s] Level 1:colcon.colcon_core.package_identification:_identify(src) by extension 'python'
[0.888s] Level 1:colcon.colcon_core.package_identification:_identify(src) by extensions ['python_setup_py']
[0.888s] Level 1:colcon.colcon_core.package_identification:_identify(src) by extension 'python_setup_py'
[0.888s] Level 1:colcon.colcon_core.package_identification:_identify(src/feedback_service) by extensions ['ignore', 'ignore_ament_install']
[0.888s] Level 1:colcon.colcon_core.package_identification:_identify(src/feedback_service) by extension 'ignore'
[0.888s] Level 1:colcon.colcon_core.package_identification:_identify(src/feedback_service) by extension 'ignore_ament_install'
[0.888s] Level 1:colcon.colcon_core.package_identification:_identify(src/feedback_service) by extensions ['colcon_pkg']
[0.888s] Level 1:colcon.colcon_core.package_identification:_identify(src/feedback_service) by extension 'colcon_pkg'
[0.888s] Level 1:colcon.colcon_core.package_identification:_identify(src/feedback_service) by extensions ['colcon_meta']
[0.888s] Level 1:colcon.colcon_core.package_identification:_identify(src/feedback_service) by extension 'colcon_meta'
[0.888s] Level 1:colcon.colcon_core.package_identification:_identify(src/feedback_service) by extensions ['ros']
[0.888s] Level 1:colcon.colcon_core.package_identification:_identify(src/feedback_service) by extension 'ros'
[0.889s] DEBUG:colcon.colcon_core.package_identification:Package 'src/feedback_service' with type 'ros.ament_python' and name 'feedback_service'
[0.889s] Level 1:colcon.colcon_core.package_identification:_identify(src/roarm_ws_em0) by extensions ['ignore', 'ignore_ament_install']
[0.889s] Level 1:colcon.colcon_core.package_identification:_identify(src/roarm_ws_em0) by extension 'ignore'
[0.890s] Level 1:colcon.colcon_core.package_identification:_identify(src/roarm_ws_em0) by extension 'ignore_ament_install'
[0.890s] Level 1:colcon.colcon_core.package_identification:_identify(src/roarm_ws_em0) by extensions ['colcon_pkg']
[0.890s] Level 1:colcon.colcon_core.package_identification:_identify(src/roarm_ws_em0) by extension 'colcon_pkg'
[0.890s] Level 1:colcon.colcon_core.package_identification:_identify(src/roarm_ws_em0) by extensions ['colcon_meta']
[0.890s] Level 1:colcon.colcon_core.package_identification:_identify(src/roarm_ws_em0) by extension 'colcon_meta'
[0.890s] Level 1:colcon.colcon_core.package_identification:_identify(src/roarm_ws_em0) by extensions ['ros']
[0.890s] Level 1:colcon.colcon_core.package_identification:_identify(src/roarm_ws_em0) by extension 'ros'
[0.890s] Level 1:colcon.colcon_core.package_identification:_identify(src/roarm_ws_em0) by extensions ['cmake', 'python']
[0.890s] Level 1:colcon.colcon_core.package_identification:_identify(src/roarm_ws_em0) by extension 'cmake'
[0.890s] Level 1:colcon.colcon_core.package_identification:_identify(src/roarm_ws_em0) by extension 'python'
[0.890s] Level 1:colcon.colcon_core.package_identification:_identify(src/roarm_ws_em0) by extensions ['python_setup_py']
[0.890s] Level 1:colcon.colcon_core.package_identification:_identify(src/roarm_ws_em0) by extension 'python_setup_py'
[0.890s] Level 1:colcon.colcon_core.package_identification:_identify(src/roarm_ws_em0/build) by extensions ['ignore', 'ignore_ament_install']
[0.890s] Level 1:colcon.colcon_core.package_identification:_identify(src/roarm_ws_em0/build) by extension 'ignore'
[0.890s] Level 1:colcon.colcon_core.package_identification:_identify(src/roarm_ws_em0/build) ignored
[0.890s] Level 1:colcon.colcon_core.package_identification:_identify(src/roarm_ws_em0/install) by extensions ['ignore', 'ignore_ament_install']
[0.890s] Level 1:colcon.colcon_core.package_identification:_identify(src/roarm_ws_em0/install) by extension 'ignore'
[0.890s] Level 1:colcon.colcon_core.package_identification:_identify(src/roarm_ws_em0/install) ignored
[0.891s] Level 1:colcon.colcon_core.package_identification:_identify(src/roarm_ws_em0/log) by extensions ['ignore', 'ignore_ament_install']
[0.891s] Level 1:colcon.colcon_core.package_identification:_identify(src/roarm_ws_em0/log) by extension 'ignore'
[0.891s] Level 1:colcon.colcon_core.package_identification:_identify(src/roarm_ws_em0/log) ignored
[0.891s] Level 1:colcon.colcon_core.package_identification:_identify(src/roarm_ws_em0/src) by extensions ['ignore', 'ignore_ament_install']
[0.891s] Level 1:colcon.colcon_core.package_identification:_identify(src/roarm_ws_em0/src) by extension 'ignore'
[0.891s] Level 1:colcon.colcon_core.package_identification:_identify(src/roarm_ws_em0/src) by extension 'ignore_ament_install'
[0.891s] Level 1:colcon.colcon_core.package_identification:_identify(src/roarm_ws_em0/src) by extensions ['colcon_pkg']
[0.891s] Level 1:colcon.colcon_core.package_identification:_identify(src/roarm_ws_em0/src) by extension 'colcon_pkg'
[0.891s] Level 1:colcon.colcon_core.package_identification:_identify(src/roarm_ws_em0/src) by extensions ['colcon_meta']
[0.891s] Level 1:colcon.colcon_core.package_identification:_identify(src/roarm_ws_em0/src) by extension 'colcon_meta'
[0.891s] Level 1:colcon.colcon_core.package_identification:_identify(src/roarm_ws_em0/src) by extensions ['ros']
[0.891s] Level 1:colcon.colcon_core.package_identification:_identify(src/roarm_ws_em0/src) by extension 'ros'
[0.891s] Level 1:colcon.colcon_core.package_identification:_identify(src/roarm_ws_em0/src) by extensions ['cmake', 'python']
[0.891s] Level 1:colcon.colcon_core.package_identification:_identify(src/roarm_ws_em0/src) by extension 'cmake'
[0.891s] Level 1:colcon.colcon_core.package_identification:_identify(src/roarm_ws_em0/src) by extension 'python'
[0.891s] Level 1:colcon.colcon_core.package_identification:_identify(src/roarm_ws_em0/src) by extensions ['python_setup_py']
[0.891s] Level 1:colcon.colcon_core.package_identification:_identify(src/roarm_ws_em0/src) by extension 'python_setup_py'
[0.891s] Level 1:colcon.colcon_core.package_identification:_identify(src/roarm_ws_em0/src/roarm) by extensions ['ignore', 'ignore_ament_install']
[0.891s] Level 1:colcon.colcon_core.package_identification:_identify(src/roarm_ws_em0/src/roarm) by extension 'ignore'
[0.892s] Level 1:colcon.colcon_core.package_identification:_identify(src/roarm_ws_em0/src/roarm) by extension 'ignore_ament_install'
[0.892s] Level 1:colcon.colcon_core.package_identification:_identify(src/roarm_ws_em0/src/roarm) by extensions ['colcon_pkg']
[0.892s] Level 1:colcon.colcon_core.package_identification:_identify(src/roarm_ws_em0/src/roarm) by extension 'colcon_pkg'
[0.892s] Level 1:colcon.colcon_core.package_identification:_identify(src/roarm_ws_em0/src/roarm) by extensions ['colcon_meta']
[0.892s] Level 1:colcon.colcon_core.package_identification:_identify(src/roarm_ws_em0/src/roarm) by extension 'colcon_meta'
[0.892s] Level 1:colcon.colcon_core.package_identification:_identify(src/roarm_ws_em0/src/roarm) by extensions ['ros']
[0.892s] Level 1:colcon.colcon_core.package_identification:_identify(src/roarm_ws_em0/src/roarm) by extension 'ros'
[0.892s] DEBUG:colcon.colcon_core.package_identification:Package 'src/roarm_ws_em0/src/roarm' with type 'ros.ament_cmake' and name 'roarm'
[0.892s] Level 1:colcon.colcon_core.package_identification:_identify(src/roarm_ws_em0/src/serial_ctrl) by extensions ['ignore', 'ignore_ament_install']
[0.892s] Level 1:colcon.colcon_core.package_identification:_identify(src/roarm_ws_em0/src/serial_ctrl) by extension 'ignore'
[0.892s] Level 1:colcon.colcon_core.package_identification:_identify(src/roarm_ws_em0/src/serial_ctrl) by extension 'ignore_ament_install'
[0.892s] Level 1:colcon.colcon_core.package_identification:_identify(src/roarm_ws_em0/src/serial_ctrl) by extensions ['colcon_pkg']
[0.892s] Level 1:colcon.colcon_core.package_identification:_identify(src/roarm_ws_em0/src/serial_ctrl) by extension 'colcon_pkg'
[0.893s] Level 1:colcon.colcon_core.package_identification:_identify(src/roarm_ws_em0/src/serial_ctrl) by extensions ['colcon_meta']
[0.893s] Level 1:colcon.colcon_core.package_identification:_identify(src/roarm_ws_em0/src/serial_ctrl) by extension 'colcon_meta'
[0.893s] Level 1:colcon.colcon_core.package_identification:_identify(src/roarm_ws_em0/src/serial_ctrl) by extensions ['ros']
[0.893s] Level 1:colcon.colcon_core.package_identification:_identify(src/roarm_ws_em0/src/serial_ctrl) by extension 'ros'
[0.893s] DEBUG:colcon.colcon_core.package_identification:Package 'src/roarm_ws_em0/src/serial_ctrl' with type 'ros.ament_python' and name 'serial_ctrl'
[0.893s] Level 1:colcon.colcon_core.package_discovery:discover_packages(recursive) using defaults
[0.893s] Level 1:colcon.colcon_core.package_discovery:discover_packages(ignore) discover
[0.893s] Level 1:colcon.colcon_core.package_discovery:discover_packages(ignore) using defaults
[0.893s] Level 1:colcon.colcon_core.package_discovery:discover_packages(path) discover
[0.893s] Level 1:colcon.colcon_core.package_discovery:discover_packages(path) using defaults
[0.966s] Level 1:colcon.colcon_core.package_discovery:discover_packages(prefix_path) check parameters
[0.966s] Level 1:colcon.colcon_core.package_discovery:discover_packages(prefix_path) discover
[0.991s] DEBUG:colcon.colcon_installed_package_information.package_discovery:Found 4 installed packages in /home/wujiashu0421/Roarm_ROS/install
[1.003s] DEBUG:colcon.colcon_installed_package_information.package_discovery:Found 273 installed packages in /opt/ros/humble
[1.004s] Level 1:colcon.colcon_core.package_discovery:discover_packages(prefix_path) using defaults
[1.080s] Level 5:colcon.colcon_core.verb:set package 'arm_controller' build argument 'cmake_args' from command line to 'None'
[1.080s] Level 5:colcon.colcon_core.verb:set package 'arm_controller' build argument 'cmake_target' from command line to 'None'
[1.080s] Level 5:colcon.colcon_core.verb:set package 'arm_controller' build argument 'cmake_target_skip_unavailable' from command line to 'False'
[1.080s] Level 5:colcon.colcon_core.verb:set package 'arm_controller' build argument 'cmake_clean_cache' from command line to 'False'
[1.080s] Level 5:colcon.colcon_core.verb:set package 'arm_controller' build argument 'cmake_clean_first' from command line to 'False'
[1.080s] Level 5:colcon.colcon_core.verb:set package 'arm_controller' build argument 'cmake_force_configure' from command line to 'False'
[1.080s] Level 5:colcon.colcon_core.verb:set package 'arm_controller' build argument 'ament_cmake_args' from command line to 'None'
[1.080s] Level 5:colcon.colcon_core.verb:set package 'arm_controller' build argument 'catkin_cmake_args' from command line to 'None'
[1.080s] Level 5:colcon.colcon_core.verb:set package 'arm_controller' build argument 'catkin_skip_building_tests' from command line to 'False'
[1.080s] DEBUG:colcon.colcon_core.verb:Building package 'arm_controller' with the following arguments: {'ament_cmake_args': None, 'build_base': '/home/wujiashu0421/Roarm_ROS/build/arm_controller', 'catkin_cmake_args': None, 'catkin_skip_building_tests': False, 'cmake_args': None, 'cmake_clean_cache': False, 'cmake_clean_first': False, 'cmake_force_configure': False, 'cmake_target': None, 'cmake_target_skip_unavailable': False, 'install_base': '/home/wujiashu0421/Roarm_ROS/install/arm_controller', 'merge_install': False, 'path': '/home/wujiashu0421/Roarm_ROS/Arm_Controller', 'symlink_install': True, 'test_result_base': None}
[1.091s] Level 5:colcon.colcon_core.verb:set package 'feedback_service' build argument 'cmake_args' from command line to 'None'
[1.091s] Level 5:colcon.colcon_core.verb:set package 'feedback_service' build argument 'cmake_target' from command line to 'None'
[1.091s] Level 5:colcon.colcon_core.verb:set package 'feedback_service' build argument 'cmake_target_skip_unavailable' from command line to 'False'
[1.091s] Level 5:colcon.colcon_core.verb:set package 'feedback_service' build argument 'cmake_clean_cache' from command line to 'False'
[1.091s] Level 5:colcon.colcon_core.verb:set package 'feedback_service' build argument 'cmake_clean_first' from command line to 'False'
[1.091s] Level 5:colcon.colcon_core.verb:set package 'feedback_service' build argument 'cmake_force_configure' from command line to 'False'
[1.092s] Level 5:colcon.colcon_core.verb:set package 'feedback_service' build argument 'ament_cmake_args' from command line to 'None'
[1.092s] Level 5:colcon.colcon_core.verb:set package 'feedback_service' build argument 'catkin_cmake_args' from command line to 'None'
[1.092s] Level 5:colcon.colcon_core.verb:set package 'feedback_service' build argument 'catkin_skip_building_tests' from command line to 'False'
[1.092s] DEBUG:colcon.colcon_core.verb:Building package 'feedback_service' with the following arguments: {'ament_cmake_args': None, 'build_base': '/home/wujiashu0421/Roarm_ROS/build/feedback_service', 'catkin_cmake_args': None, 'catkin_skip_building_tests': False, 'cmake_args': None, 'cmake_clean_cache': False, 'cmake_clean_first': False, 'cmake_force_configure': False, 'cmake_target': None, 'cmake_target_skip_unavailable': False, 'install_base': '/home/wujiashu0421/Roarm_ROS/install/feedback_service', 'merge_install': False, 'path': '/home/wujiashu0421/Roarm_ROS/src/feedback_service', 'symlink_install': True, 'test_result_base': None}
[1.103s] Level 5:colcon.colcon_core.verb:set package 'roarm' build argument 'cmake_args' from command line to 'None'
[1.103s] Level 5:colcon.colcon_core.verb:set package 'roarm' build argument 'cmake_target' from command line to 'None'
[1.103s] Level 5:colcon.colcon_core.verb:set package 'roarm' build argument 'cmake_target_skip_unavailable' from command line to 'False'
[1.103s] Level 5:colcon.colcon_core.verb:set package 'roarm' build argument 'cmake_clean_cache' from command line to 'False'
[1.103s] Level 5:colcon.colcon_core.verb:set package 'roarm' build argument 'cmake_clean_first' from command line to 'False'
[1.103s] Level 5:colcon.colcon_core.verb:set package 'roarm' build argument 'cmake_force_configure' from command line to 'False'
[1.103s] Level 5:colcon.colcon_core.verb:set package 'roarm' build argument 'ament_cmake_args' from command line to 'None'
[1.103s] Level 5:colcon.colcon_core.verb:set package 'roarm' build argument 'catkin_cmake_args' from command line to 'None'
[1.103s] Level 5:colcon.colcon_core.verb:set package 'roarm' build argument 'catkin_skip_building_tests' from command line to 'False'
[1.103s] DEBUG:colcon.colcon_core.verb:Building package 'roarm' with the following arguments: {'ament_cmake_args': None, 'build_base': '/home/wujiashu0421/Roarm_ROS/build/roarm', 'catkin_cmake_args': None, 'catkin_skip_building_tests': False, 'cmake_args': None, 'cmake_clean_cache': False, 'cmake_clean_first': False, 'cmake_force_configure': False, 'cmake_target': None, 'cmake_target_skip_unavailable': False, 'install_base': '/home/wujiashu0421/Roarm_ROS/install/roarm', 'merge_install': False, 'path': '/home/wujiashu0421/Roarm_ROS/src/roarm_ws_em0/src/roarm', 'symlink_install': True, 'test_result_base': None}
[1.115s] Level 5:colcon.colcon_core.verb:set package 'serial_ctrl' build argument 'cmake_args' from command line to 'None'
[1.115s] Level 5:colcon.colcon_core.verb:set package 'serial_ctrl' build argument 'cmake_target' from command line to 'None'
[1.115s] Level 5:colcon.colcon_core.verb:set package 'serial_ctrl' build argument 'cmake_target_skip_unavailable' from command line to 'False'
[1.115s] Level 5:colcon.colcon_core.verb:set package 'serial_ctrl' build argument 'cmake_clean_cache' from command line to 'False'
[1.115s] Level 5:colcon.colcon_core.verb:set package 'serial_ctrl' build argument 'cmake_clean_first' from command line to 'False'
[1.115s] Level 5:colcon.colcon_core.verb:set package 'serial_ctrl' build argument 'cmake_force_configure' from command line to 'False'
[1.115s] Level 5:colcon.colcon_core.verb:set package 'serial_ctrl' build argument 'ament_cmake_args' from command line to 'None'
[1.115s] Level 5:colcon.colcon_core.verb:set package 'serial_ctrl' build argument 'catkin_cmake_args' from command line to 'None'
[1.115s] Level 5:colcon.colcon_core.verb:set package 'serial_ctrl' build argument 'catkin_skip_building_tests' from command line to 'False'
[1.115s] DEBUG:colcon.colcon_core.verb:Building package 'serial_ctrl' with the following arguments: {'ament_cmake_args': None, 'build_base': '/home/wujiashu0421/Roarm_ROS/build/serial_ctrl', 'catkin_cmake_args': None, 'catkin_skip_building_tests': False, 'cmake_args': None, 'cmake_clean_cache': False, 'cmake_clean_first': False, 'cmake_force_configure': False, 'cmake_target': None, 'cmake_target_skip_unavailable': False, 'install_base': '/home/wujiashu0421/Roarm_ROS/install/serial_ctrl', 'merge_install': False, 'path': '/home/wujiashu0421/Roarm_ROS/src/roarm_ws_em0/src/serial_ctrl', 'symlink_install': True, 'test_result_base': None}
[1.126s] INFO:colcon.colcon_core.executor:Executing jobs using 'parallel' executor
[1.139s] DEBUG:colcon.colcon_parallel_executor.executor.parallel:run_until_complete
[1.140s] INFO:colcon.colcon_ros.task.ament_python.build:Building ROS package in '/home/wujiashu0421/Roarm_ROS/Arm_Controller' with build type 'ament_python'
[1.140s] Level 1:colcon.colcon_core.shell:create_environment_hook('arm_controller', 'ament_prefix_path')
[1.155s] INFO:colcon.colcon_core.plugin_system:Skipping extension 'colcon_core.shell.bat': Not used on non-Windows systems
[1.155s] INFO:colcon.colcon_core.shell:Creating environment hook '/home/wujiashu0421/Roarm_ROS/install/arm_controller/share/arm_controller/hook/ament_prefix_path.ps1'
[1.156s] INFO:colcon.colcon_core.shell:Creating environment descriptor '/home/wujiashu0421/Roarm_ROS/install/arm_controller/share/arm_controller/hook/ament_prefix_path.dsv'
[1.156s] INFO:colcon.colcon_core.shell:Creating environment hook '/home/wujiashu0421/Roarm_ROS/install/arm_controller/share/arm_controller/hook/ament_prefix_path.sh'
[1.169s] INFO:colcon.colcon_core.shell:Skip shell extension 'powershell' for command environment: Not usable outside of PowerShell
[1.169s] DEBUG:colcon.colcon_core.shell:Skip shell extension 'dsv' for command environment
[1.205s] INFO:colcon.colcon_ros.task.ament_python.build:Building ROS package in '/home/wujiashu0421/Roarm_ROS/src/feedback_service' with build type 'ament_python'
[1.205s] Level 1:colcon.colcon_core.shell:create_environment_hook('feedback_service', 'ament_prefix_path')
[1.218s] INFO:colcon.colcon_core.shell:Creating environment hook '/home/wujiashu0421/Roarm_ROS/install/feedback_service/share/feedback_service/hook/ament_prefix_path.ps1'
[1.219s] INFO:colcon.colcon_core.shell:Creating environment descriptor '/home/wujiashu0421/Roarm_ROS/install/feedback_service/share/feedback_service/hook/ament_prefix_path.dsv'
[1.219s] INFO:colcon.colcon_core.shell:Creating environment hook '/home/wujiashu0421/Roarm_ROS/install/feedback_service/share/feedback_service/hook/ament_prefix_path.sh'
[1.231s] INFO:colcon.colcon_core.shell:Skip shell extension 'powershell' for command environment: Not usable outside of PowerShell
[1.231s] DEBUG:colcon.colcon_core.shell:Skip shell extension 'dsv' for command environment
[1.269s] INFO:colcon.colcon_ros.task.ament_cmake.build:Building ROS package in '/home/wujiashu0421/Roarm_ROS/src/roarm_ws_em0/src/roarm' with build type 'ament_cmake'
[1.269s] INFO:colcon.colcon_cmake.task.cmake.build:Building CMake package in '/home/wujiashu0421/Roarm_ROS/src/roarm_ws_em0/src/roarm'
[1.291s] INFO:colcon.colcon_core.shell:Skip shell extension 'powershell' for command environment: Not usable outside of PowerShell
[1.291s] DEBUG:colcon.colcon_core.shell:Skip shell extension 'dsv' for command environment
[1.328s] INFO:colcon.colcon_ros.task.ament_python.build:Building ROS package in '/home/wujiashu0421/Roarm_ROS/src/roarm_ws_em0/src/serial_ctrl' with build type 'ament_python'
[1.328s] Level 1:colcon.colcon_core.shell:create_environment_hook('serial_ctrl', 'ament_prefix_path')
[1.341s] INFO:colcon.colcon_core.shell:Creating environment hook '/home/wujiashu0421/Roarm_ROS/install/serial_ctrl/share/serial_ctrl/hook/ament_prefix_path.ps1'
[1.342s] INFO:colcon.colcon_core.shell:Creating environment descriptor '/home/wujiashu0421/Roarm_ROS/install/serial_ctrl/share/serial_ctrl/hook/ament_prefix_path.dsv'
[1.343s] INFO:colcon.colcon_core.shell:Creating environment hook '/home/wujiashu0421/Roarm_ROS/install/serial_ctrl/share/serial_ctrl/hook/ament_prefix_path.sh'
[1.355s] INFO:colcon.colcon_core.shell:Skip shell extension 'powershell' for command environment: Not usable outside of PowerShell
[1.355s] DEBUG:colcon.colcon_core.shell:Skip shell extension 'dsv' for command environment
[1.618s] WARNING:colcon.colcon_ros.task.ament_python.build:Package 'arm_controller' doesn't explicitly install a marker in the package index (colcon-ros currently does it implicitly but that fallback will be removed in the future)
[1.619s] WARNING:colcon.colcon_ros.task.ament_python.build:Package 'arm_controller' doesn't explicitly install the 'package.xml' file (colcon-ros currently does it implicitly but that fallback will be removed in the future)
[1.619s] INFO:colcon.colcon_core.task.python.build:Building Python package in '/home/wujiashu0421/Roarm_ROS/Arm_Controller'
[1.631s] INFO:colcon.colcon_core.shell:Skip shell extension 'powershell' for command environment: Not usable outside of PowerShell
[1.631s] DEBUG:colcon.colcon_core.shell:Skip shell extension 'dsv' for command environment
[1.873s] INFO:colcon.colcon_core.task.python.build:Building Python package in '/home/wujiashu0421/Roarm_ROS/src/feedback_service'
[1.885s] INFO:colcon.colcon_core.shell:Skip shell extension 'powershell' for command environment: Not usable outside of PowerShell
[1.885s] DEBUG:colcon.colcon_core.shell:Skip shell extension 'dsv' for command environment
[1.924s] DEBUG:colcon.colcon_core.event_handler.log_command:Invoking command in '/home/wujiashu0421/Roarm_ROS/build/roarm': CMAKE_PREFIX_PATH=${CMAKE_PREFIX_PATH}:/home/wujiashu0421/Roarm_ROS/install/serial_ctrl:/home/wujiashu0421/Roarm_ROS/install/arm_controller:/opt/ros/humble /usr/bin/cmake /home/wujiashu0421/Roarm_ROS/src/roarm_ws_em0/src/roarm -DAMENT_CMAKE_SYMLINK_INSTALL=1 -DCMAKE_INSTALL_PREFIX=/home/wujiashu0421/Roarm_ROS/install/roarm
[2.134s] INFO:colcon.colcon_core.task.python.build:Building Python package in '/home/wujiashu0421/Roarm_ROS/src/roarm_ws_em0/src/serial_ctrl'
[2.147s] INFO:colcon.colcon_core.shell:Skip shell extension 'powershell' for command environment: Not usable outside of PowerShell
[2.147s] DEBUG:colcon.colcon_core.shell:Skip shell extension 'dsv' for command environment
[2.192s] DEBUG:colcon.colcon_core.event_handler.log_command:Invoked command in '/home/wujiashu0421/Roarm_ROS/build/roarm' returned '0': CMAKE_PREFIX_PATH=${CMAKE_PREFIX_PATH}:/home/wujiashu0421/Roarm_ROS/install/serial_ctrl:/home/wujiashu0421/Roarm_ROS/install/arm_controller:/opt/ros/humble /usr/bin/cmake /home/wujiashu0421/Roarm_ROS/src/roarm_ws_em0/src/roarm -DAMENT_CMAKE_SYMLINK_INSTALL=1 -DCMAKE_INSTALL_PREFIX=/home/wujiashu0421/Roarm_ROS/install/roarm
[2.192s] DEBUG:colcon.colcon_core.event_handler.log_command:Invoking command in '/home/wujiashu0421/Roarm_ROS/build/roarm': CMAKE_PREFIX_PATH=${CMAKE_PREFIX_PATH}:/home/wujiashu0421/Roarm_ROS/install/serial_ctrl:/home/wujiashu0421/Roarm_ROS/install/arm_controller:/opt/ros/humble /usr/bin/cmake --build /home/wujiashu0421/Roarm_ROS/build/roarm -- -j8 -l8
[2.218s] DEBUG:colcon.colcon_core.event_handler.log_command:Invoked command in '/home/wujiashu0421/Roarm_ROS/build/roarm' returned '0': CMAKE_PREFIX_PATH=${CMAKE_PREFIX_PATH}:/home/wujiashu0421/Roarm_ROS/install/serial_ctrl:/home/wujiashu0421/Roarm_ROS/install/arm_controller:/opt/ros/humble /usr/bin/cmake --build /home/wujiashu0421/Roarm_ROS/build/roarm -- -j8 -l8
[2.239s] DEBUG:colcon.colcon_core.event_handler.log_command:Invoking command in '/home/wujiashu0421/Roarm_ROS/build/roarm': CMAKE_PREFIX_PATH=${CMAKE_PREFIX_PATH}:/home/wujiashu0421/Roarm_ROS/install/serial_ctrl:/home/wujiashu0421/Roarm_ROS/install/arm_controller:/opt/ros/humble /usr/bin/cmake --install /home/wujiashu0421/Roarm_ROS/build/roarm
[2.384s] Level 1:colcon.colcon_core.environment:create_environment_scripts_only(roarm)
[2.385s] DEBUG:colcon.colcon_core.event_handler.log_command:Invoked command in '/home/wujiashu0421/Roarm_ROS/build/roarm' returned '0': CMAKE_PREFIX_PATH=${CMAKE_PREFIX_PATH}:/home/wujiashu0421/Roarm_ROS/install/serial_ctrl:/home/wujiashu0421/Roarm_ROS/install/arm_controller:/opt/ros/humble /usr/bin/cmake --install /home/wujiashu0421/Roarm_ROS/build/roarm
[2.399s] Level 1:colcon.colcon_core.environment:checking '/home/wujiashu0421/Roarm_ROS/install/roarm' for CMake module files
[2.400s] Level 1:colcon.colcon_core.environment:checking '/home/wujiashu0421/Roarm_ROS/install/roarm' for CMake config files
[2.400s] Level 1:colcon.colcon_core.shell:create_environment_hook('roarm', 'cmake_prefix_path')
[2.411s] INFO:colcon.colcon_core.shell:Creating environment hook '/home/wujiashu0421/Roarm_ROS/install/roarm/share/roarm/hook/cmake_prefix_path.ps1'
[2.412s] INFO:colcon.colcon_core.shell:Creating environment descriptor '/home/wujiashu0421/Roarm_ROS/install/roarm/share/roarm/hook/cmake_prefix_path.dsv'
[2.412s] INFO:colcon.colcon_core.shell:Creating environment hook '/home/wujiashu0421/Roarm_ROS/install/roarm/share/roarm/hook/cmake_prefix_path.sh'
[2.413s] Level 1:colcon.colcon_core.environment:checking '/home/wujiashu0421/Roarm_ROS/install/roarm/bin'
[2.413s] Level 1:colcon.colcon_core.environment:checking '/home/wujiashu0421/Roarm_ROS/install/roarm/lib/pkgconfig/roarm.pc'
[2.413s] Level 1:colcon.colcon_core.environment:checking '/home/wujiashu0421/Roarm_ROS/install/roarm/lib/python3.10/site-packages'
[2.413s] Level 1:colcon.colcon_core.environment:checking '/home/wujiashu0421/Roarm_ROS/install/roarm/bin'
[2.425s] INFO:colcon.colcon_core.shell:Creating package script '/home/wujiashu0421/Roarm_ROS/install/roarm/share/roarm/package.ps1'
[2.426s] INFO:colcon.colcon_core.shell:Creating package descriptor '/home/wujiashu0421/Roarm_ROS/install/roarm/share/roarm/package.dsv'
[2.426s] INFO:colcon.colcon_core.shell:Creating package script '/home/wujiashu0421/Roarm_ROS/install/roarm/share/roarm/package.sh'
[2.427s] INFO:colcon.colcon_core.shell:Creating package script '/home/wujiashu0421/Roarm_ROS/install/roarm/share/roarm/package.bash'
[2.427s] INFO:colcon.colcon_core.shell:Creating package script '/home/wujiashu0421/Roarm_ROS/install/roarm/share/roarm/package.zsh'
[2.428s] Level 1:colcon.colcon_core.environment:create_file_with_runtime_dependencies(/home/wujiashu0421/Roarm_ROS/install/roarm/share/colcon-core/packages/roarm)
[2.453s] Level 1:colcon.colcon_core.environment:create_environment_scripts_only(roarm)
[2.466s] Level 1:colcon.colcon_core.environment:checking '/home/wujiashu0421/Roarm_ROS/install/roarm' for CMake module files
[2.466s] Level 1:colcon.colcon_core.environment:checking '/home/wujiashu0421/Roarm_ROS/install/roarm' for CMake config files
[2.466s] Level 1:colcon.colcon_core.shell:create_environment_hook('roarm', 'cmake_prefix_path')
[2.479s] INFO:colcon.colcon_core.shell:Creating environment hook '/home/wujiashu0421/Roarm_ROS/install/roarm/share/roarm/hook/cmake_prefix_path.ps1'
[2.480s] INFO:colcon.colcon_core.shell:Creating environment descriptor '/home/wujiashu0421/Roarm_ROS/install/roarm/share/roarm/hook/cmake_prefix_path.dsv'
[2.480s] INFO:colcon.colcon_core.shell:Creating environment hook '/home/wujiashu0421/Roarm_ROS/install/roarm/share/roarm/hook/cmake_prefix_path.sh'
[2.480s] Level 1:colcon.colcon_core.environment:checking '/home/wujiashu0421/Roarm_ROS/install/roarm/bin'
[2.480s] Level 1:colcon.colcon_core.environment:checking '/home/wujiashu0421/Roarm_ROS/install/roarm/lib/pkgconfig/roarm.pc'
[2.481s] Level 1:colcon.colcon_core.environment:checking '/home/wujiashu0421/Roarm_ROS/install/roarm/lib/python3.10/site-packages'
[2.481s] Level 1:colcon.colcon_core.environment:checking '/home/wujiashu0421/Roarm_ROS/install/roarm/bin'
[2.494s] INFO:colcon.colcon_core.shell:Creating package script '/home/wujiashu0421/Roarm_ROS/install/roarm/share/roarm/package.ps1'
[2.494s] INFO:colcon.colcon_core.shell:Creating package descriptor '/home/wujiashu0421/Roarm_ROS/install/roarm/share/roarm/package.dsv'
[2.495s] INFO:colcon.colcon_core.shell:Creating package script '/home/wujiashu0421/Roarm_ROS/install/roarm/share/roarm/package.sh'
[2.495s] INFO:colcon.colcon_core.shell:Creating package script '/home/wujiashu0421/Roarm_ROS/install/roarm/share/roarm/package.bash'
[2.495s] INFO:colcon.colcon_core.shell:Creating package script '/home/wujiashu0421/Roarm_ROS/install/roarm/share/roarm/package.zsh'
[2.496s] Level 1:colcon.colcon_core.environment:create_file_with_runtime_dependencies(/home/wujiashu0421/Roarm_ROS/install/roarm/share/colcon-core/packages/roarm)
[2.497s] DEBUG:colcon.colcon_core.task.python.build:While undoing a previous installation files outside the Python library path are being ignored: /home/wujiashu0421/Roarm_ROS/install/arm_controller/share/ament_index/resource_index/packages/Arm_Controller
[2.497s] DEBUG:colcon.colcon_core.task.python.build:While undoing a previous installation files outside the Python library path are being ignored: /home/wujiashu0421/Roarm_ROS/install/arm_controller/share/Arm_Controller/package.xml
[2.498s] DEBUG:colcon.colcon_core.task.python.build:While undoing a previous installation files outside the Python library path are being ignored: /home/wujiashu0421/Roarm_ROS/install/arm_controller/lib/Arm_Controller/feedback_service
[2.499s] DEBUG:colcon.colcon_core.task.python.build:While undoing a previous installation files outside the Python library path are being ignored: /home/wujiashu0421/Roarm_ROS/install/feedback_service/share/ament_index/resource_index/packages/feedback_service
[2.499s] DEBUG:colcon.colcon_core.task.python.build:While undoing a previous installation files outside the Python library path are being ignored: /home/wujiashu0421/Roarm_ROS/install/feedback_service/share/feedback_service/package.xml
[2.500s] DEBUG:colcon.colcon_core.event_handler.log_command:Invoking command in '/home/wujiashu0421/Roarm_ROS/build/arm_controller': PYTHONPATH=/home/wujiashu0421/Roarm_ROS/build/arm_controller/prefix_override:/home/wujiashu0421/Roarm_ROS/install/arm_controller/lib/python3.10/site-packages:${PYTHONPATH} /usr/bin/python3 setup.py develop --editable --build-directory /home/wujiashu0421/Roarm_ROS/build/arm_controller/build --no-deps install_data
[2.502s] DEBUG:colcon.colcon_core.task.python.build:While undoing a previous installation files outside the Python library path are being ignored: /home/wujiashu0421/Roarm_ROS/install/serial_ctrl/share/ament_index/resource_index/packages/serial_ctrl
[2.502s] DEBUG:colcon.colcon_core.task.python.build:While undoing a previous installation files outside the Python library path are being ignored: /home/wujiashu0421/Roarm_ROS/install/serial_ctrl/share/serial_ctrl/package.xml
[2.502s] DEBUG:colcon.colcon_core.event_handler.log_command:Invoking command in '/home/wujiashu0421/Roarm_ROS/build/feedback_service': PYTHONPATH=/home/wujiashu0421/Roarm_ROS/build/feedback_service/prefix_override:/home/wujiashu0421/Roarm_ROS/install/feedback_service/lib/python3.10/site-packages:${PYTHONPATH} /usr/bin/python3 setup.py develop --editable --build-directory /home/wujiashu0421/Roarm_ROS/build/feedback_service/build --no-deps install_data
[2.502s] DEBUG:colcon.colcon_core.task.python.build:While undoing a previous installation files outside the Python library path are being ignored: /home/wujiashu0421/Roarm_ROS/install/serial_ctrl/lib/serial_ctrl/serial_ctrl
[2.506s] DEBUG:colcon.colcon_core.event_handler.log_command:Invoking command in '/home/wujiashu0421/Roarm_ROS/build/serial_ctrl': PYTHONPATH=/home/wujiashu0421/Roarm_ROS/build/serial_ctrl/prefix_override:/home/wujiashu0421/Roarm_ROS/install/serial_ctrl/lib/python3.10/site-packages:${PYTHONPATH} /usr/bin/python3 setup.py develop --editable --build-directory /home/wujiashu0421/Roarm_ROS/build/serial_ctrl/build --no-deps install_data
[2.872s] Level 1:colcon.colcon_core.shell:create_environment_hook('arm_controller', 'pythonpath_develop')
[2.873s] DEBUG:colcon.colcon_core.event_handler.log_command:Invoked command in '/home/wujiashu0421/Roarm_ROS/build/arm_controller' returned '0': PYTHONPATH=/home/wujiashu0421/Roarm_ROS/build/arm_controller/prefix_override:/home/wujiashu0421/Roarm_ROS/install/arm_controller/lib/python3.10/site-packages:${PYTHONPATH} /usr/bin/python3 setup.py develop --editable --build-directory /home/wujiashu0421/Roarm_ROS/build/arm_controller/build --no-deps install_data
[2.887s] INFO:colcon.colcon_core.shell:Creating environment hook '/home/wujiashu0421/Roarm_ROS/build/arm_controller/share/arm_controller/hook/pythonpath_develop.ps1'
[2.887s] INFO:colcon.colcon_core.shell:Creating environment descriptor '/home/wujiashu0421/Roarm_ROS/build/arm_controller/share/arm_controller/hook/pythonpath_develop.dsv'
[2.887s] INFO:colcon.colcon_core.shell:Creating environment hook '/home/wujiashu0421/Roarm_ROS/build/arm_controller/share/arm_controller/hook/pythonpath_develop.sh'
[2.899s] Level 1:colcon.colcon_core.environment:checking '/home/wujiashu0421/Roarm_ROS/install/arm_controller' for CMake module files
[2.900s] Level 1:colcon.colcon_core.environment:checking '/home/wujiashu0421/Roarm_ROS/install/arm_controller' for CMake config files
[2.900s] Level 1:colcon.colcon_core.environment:checking '/home/wujiashu0421/Roarm_ROS/install/arm_controller/lib'
[2.900s] Level 1:colcon.colcon_core.environment:checking '/home/wujiashu0421/Roarm_ROS/install/arm_controller/bin'
[2.900s] Level 1:colcon.colcon_core.environment:checking '/home/wujiashu0421/Roarm_ROS/install/arm_controller/lib/pkgconfig/arm_controller.pc'
[2.900s] Level 1:colcon.colcon_core.environment:checking '/home/wujiashu0421/Roarm_ROS/install/arm_controller/lib/python3.10/site-packages'
[2.901s] Level 1:colcon.colcon_core.shell:create_environment_hook('arm_controller', 'pythonpath')
[2.912s] INFO:colcon.colcon_core.shell:Creating environment hook '/home/wujiashu0421/Roarm_ROS/install/arm_controller/share/arm_controller/hook/pythonpath.ps1'
[2.912s] INFO:colcon.colcon_core.shell:Creating environment descriptor '/home/wujiashu0421/Roarm_ROS/install/arm_controller/share/arm_controller/hook/pythonpath.dsv'
[2.913s] INFO:colcon.colcon_core.shell:Creating environment hook '/home/wujiashu0421/Roarm_ROS/install/arm_controller/share/arm_controller/hook/pythonpath.sh'
[2.913s] Level 1:colcon.colcon_core.environment:checking '/home/wujiashu0421/Roarm_ROS/install/arm_controller/bin'
[2.913s] Level 1:colcon.colcon_core.environment:create_environment_scripts_only(arm_controller)
[2.925s] INFO:colcon.colcon_core.shell:Creating package script '/home/wujiashu0421/Roarm_ROS/install/arm_controller/share/arm_controller/package.ps1'
[2.926s] INFO:colcon.colcon_core.shell:Creating package descriptor '/home/wujiashu0421/Roarm_ROS/install/arm_controller/share/arm_controller/package.dsv'
[2.926s] INFO:colcon.colcon_core.shell:Creating package script '/home/wujiashu0421/Roarm_ROS/install/arm_controller/share/arm_controller/package.sh'
[2.926s] INFO:colcon.colcon_core.shell:Creating package script '/home/wujiashu0421/Roarm_ROS/install/arm_controller/share/arm_controller/package.bash'
[2.927s] INFO:colcon.colcon_core.shell:Creating package script '/home/wujiashu0421/Roarm_ROS/install/arm_controller/share/arm_controller/package.zsh'
[2.927s] Level 1:colcon.colcon_core.environment:create_file_with_runtime_dependencies(/home/wujiashu0421/Roarm_ROS/install/arm_controller/share/colcon-core/packages/arm_controller)
[2.930s] Level 1:colcon.colcon_core.shell:create_environment_hook('serial_ctrl', 'pythonpath_develop')
[2.931s] DEBUG:colcon.colcon_core.event_handler.log_command:Invoked command in '/home/wujiashu0421/Roarm_ROS/build/serial_ctrl' returned '0': PYTHONPATH=/home/wujiashu0421/Roarm_ROS/build/serial_ctrl/prefix_override:/home/wujiashu0421/Roarm_ROS/install/serial_ctrl/lib/python3.10/site-packages:${PYTHONPATH} /usr/bin/python3 setup.py develop --editable --build-directory /home/wujiashu0421/Roarm_ROS/build/serial_ctrl/build --no-deps install_data
[2.943s] INFO:colcon.colcon_core.shell:Creating environment hook '/home/wujiashu0421/Roarm_ROS/build/serial_ctrl/share/serial_ctrl/hook/pythonpath_develop.ps1'
[2.944s] INFO:colcon.colcon_core.shell:Creating environment descriptor '/home/wujiashu0421/Roarm_ROS/build/serial_ctrl/share/serial_ctrl/hook/pythonpath_develop.dsv'
[2.944s] INFO:colcon.colcon_core.shell:Creating environment hook '/home/wujiashu0421/Roarm_ROS/build/serial_ctrl/share/serial_ctrl/hook/pythonpath_develop.sh'
[2.956s] Level 1:colcon.colcon_core.environment:checking '/home/wujiashu0421/Roarm_ROS/install/serial_ctrl' for CMake module files
[2.957s] Level 1:colcon.colcon_core.environment:checking '/home/wujiashu0421/Roarm_ROS/install/serial_ctrl' for CMake config files
[2.957s] Level 1:colcon.colcon_core.environment:checking '/home/wujiashu0421/Roarm_ROS/install/serial_ctrl/lib'
[2.957s] Level 1:colcon.colcon_core.environment:checking '/home/wujiashu0421/Roarm_ROS/install/serial_ctrl/bin'
[2.957s] Level 1:colcon.colcon_core.environment:checking '/home/wujiashu0421/Roarm_ROS/install/serial_ctrl/lib/pkgconfig/serial_ctrl.pc'
[2.958s] Level 1:colcon.colcon_core.environment:checking '/home/wujiashu0421/Roarm_ROS/install/serial_ctrl/lib/python3.10/site-packages'
[2.958s] Level 1:colcon.colcon_core.shell:create_environment_hook('serial_ctrl', 'pythonpath')
[2.969s] INFO:colcon.colcon_core.shell:Creating environment hook '/home/wujiashu0421/Roarm_ROS/install/serial_ctrl/share/serial_ctrl/hook/pythonpath.ps1'
[2.969s] INFO:colcon.colcon_core.shell:Creating environment descriptor '/home/wujiashu0421/Roarm_ROS/install/serial_ctrl/share/serial_ctrl/hook/pythonpath.dsv'
[2.969s] INFO:colcon.colcon_core.shell:Creating environment hook '/home/wujiashu0421/Roarm_ROS/install/serial_ctrl/share/serial_ctrl/hook/pythonpath.sh'
[2.970s] Level 1:colcon.colcon_core.environment:checking '/home/wujiashu0421/Roarm_ROS/install/serial_ctrl/bin'
[2.970s] Level 1:colcon.colcon_core.environment:create_environment_scripts_only(serial_ctrl)
[2.982s] INFO:colcon.colcon_core.shell:Creating package script '/home/wujiashu0421/Roarm_ROS/install/serial_ctrl/share/serial_ctrl/package.ps1'
[2.982s] INFO:colcon.colcon_core.shell:Creating package descriptor '/home/wujiashu0421/Roarm_ROS/install/serial_ctrl/share/serial_ctrl/package.dsv'
[2.983s] INFO:colcon.colcon_core.shell:Creating package script '/home/wujiashu0421/Roarm_ROS/install/serial_ctrl/share/serial_ctrl/package.sh'
[2.983s] INFO:colcon.colcon_core.shell:Creating package script '/home/wujiashu0421/Roarm_ROS/install/serial_ctrl/share/serial_ctrl/package.bash'
[2.983s] INFO:colcon.colcon_core.shell:Creating package script '/home/wujiashu0421/Roarm_ROS/install/serial_ctrl/share/serial_ctrl/package.zsh'
[2.984s] Level 1:colcon.colcon_core.environment:create_file_with_runtime_dependencies(/home/wujiashu0421/Roarm_ROS/install/serial_ctrl/share/colcon-core/packages/serial_ctrl)
[2.984s] Level 1:colcon.colcon_core.shell:create_environment_hook('feedback_service', 'pythonpath_develop')
[2.991s] DEBUG:colcon.colcon_core.event_handler.log_command:Invoked command in '/home/wujiashu0421/Roarm_ROS/build/feedback_service' returned '0': PYTHONPATH=/home/wujiashu0421/Roarm_ROS/build/feedback_service/prefix_override:/home/wujiashu0421/Roarm_ROS/install/feedback_service/lib/python3.10/site-packages:${PYTHONPATH} /usr/bin/python3 setup.py develop --editable --build-directory /home/wujiashu0421/Roarm_ROS/build/feedback_service/build --no-deps install_data
[2.999s] INFO:colcon.colcon_core.shell:Creating environment hook '/home/wujiashu0421/Roarm_ROS/build/feedback_service/share/feedback_service/hook/pythonpath_develop.ps1'
[3.000s] INFO:colcon.colcon_core.shell:Creating environment descriptor '/home/wujiashu0421/Roarm_ROS/build/feedback_service/share/feedback_service/hook/pythonpath_develop.dsv'
[3.000s] INFO:colcon.colcon_core.shell:Creating environment hook '/home/wujiashu0421/Roarm_ROS/build/feedback_service/share/feedback_service/hook/pythonpath_develop.sh'
[3.012s] Level 1:colcon.colcon_core.environment:checking '/home/wujiashu0421/Roarm_ROS/install/feedback_service' for CMake module files
[3.012s] Level 1:colcon.colcon_core.environment:checking '/home/wujiashu0421/Roarm_ROS/install/feedback_service' for CMake config files
[3.013s] Level 1:colcon.colcon_core.environment:checking '/home/wujiashu0421/Roarm_ROS/install/feedback_service/lib'
[3.013s] Level 1:colcon.colcon_core.environment:checking '/home/wujiashu0421/Roarm_ROS/install/feedback_service/bin'
[3.013s] Level 1:colcon.colcon_core.environment:checking '/home/wujiashu0421/Roarm_ROS/install/feedback_service/lib/pkgconfig/feedback_service.pc'
[3.013s] Level 1:colcon.colcon_core.environment:checking '/home/wujiashu0421/Roarm_ROS/install/feedback_service/lib/python3.10/site-packages'
[3.013s] Level 1:colcon.colcon_core.shell:create_environment_hook('feedback_service', 'pythonpath')
[3.025s] INFO:colcon.colcon_core.shell:Creating environment hook '/home/wujiashu0421/Roarm_ROS/install/feedback_service/share/feedback_service/hook/pythonpath.ps1'
[3.025s] INFO:colcon.colcon_core.shell:Creating environment descriptor '/home/wujiashu0421/Roarm_ROS/install/feedback_service/share/feedback_service/hook/pythonpath.dsv'
[3.025s] INFO:colcon.colcon_core.shell:Creating environment hook '/home/wujiashu0421/Roarm_ROS/install/feedback_service/share/feedback_service/hook/pythonpath.sh'
[3.026s] Level 1:colcon.colcon_core.environment:checking '/home/wujiashu0421/Roarm_ROS/install/feedback_service/bin'
[3.026s] Level 1:colcon.colcon_core.environment:create_environment_scripts_only(feedback_service)
[3.037s] INFO:colcon.colcon_core.shell:Creating package script '/home/wujiashu0421/Roarm_ROS/install/feedback_service/share/feedback_service/package.ps1'
[3.038s] INFO:colcon.colcon_core.shell:Creating package descriptor '/home/wujiashu0421/Roarm_ROS/install/feedback_service/share/feedback_service/package.dsv'
[3.038s] INFO:colcon.colcon_core.shell:Creating package script '/home/wujiashu0421/Roarm_ROS/install/feedback_service/share/feedback_service/package.sh'
[3.038s] INFO:colcon.colcon_core.shell:Creating package script '/home/wujiashu0421/Roarm_ROS/install/feedback_service/share/feedback_service/package.bash'
[3.039s] INFO:colcon.colcon_core.shell:Creating package script '/home/wujiashu0421/Roarm_ROS/install/feedback_service/share/feedback_service/package.zsh'
[3.039s] Level 1:colcon.colcon_core.environment:create_file_with_runtime_dependencies(/home/wujiashu0421/Roarm_ROS/install/feedback_service/share/colcon-core/packages/feedback_service)
[3.039s] DEBUG:colcon.colcon_parallel_executor.executor.parallel:closing loop
[3.040s] DEBUG:colcon.colcon_parallel_executor.executor.parallel:loop closed
[3.040s] DEBUG:colcon.colcon_parallel_executor.executor.parallel:run_until_complete finished with '0'
[3.040s] DEBUG:colcon.colcon_core.event_reactor:joining thread
[3.057s] INFO:colcon.colcon_core.plugin_system:Skipping extension 'colcon_notification.desktop_notification.terminal_notifier': Not used on non-Darwin systems
[3.057s] INFO:colcon.colcon_core.plugin_system:Skipping extension 'colcon_notification.desktop_notification.win32': Not used on non-Windows systems
[3.057s] INFO:colcon.colcon_notification.desktop_notification:Sending desktop notification using 'notify2'
[3.061s] DEBUG:colcon.colcon_core.event_reactor:joined thread
[3.074s] INFO:colcon.colcon_core.shell:Creating prefix script '/home/wujiashu0421/Roarm_ROS/install/local_setup.ps1'
[3.075s] INFO:colcon.colcon_core.shell:Creating prefix util module '/home/wujiashu0421/Roarm_ROS/install/_local_setup_util_ps1.py'
[3.076s] INFO:colcon.colcon_core.shell:Creating prefix chain script '/home/wujiashu0421/Roarm_ROS/install/setup.ps1'
[3.088s] INFO:colcon.colcon_core.shell:Creating prefix script '/home/wujiashu0421/Roarm_ROS/install/local_setup.sh'
[3.089s] INFO:colcon.colcon_core.shell:Creating prefix util module '/home/wujiashu0421/Roarm_ROS/install/_local_setup_util_sh.py'
[3.090s] INFO:colcon.colcon_core.shell:Creating prefix chain script '/home/wujiashu0421/Roarm_ROS/install/setup.sh'
[3.103s] INFO:colcon.colcon_core.shell:Creating prefix script '/home/wujiashu0421/Roarm_ROS/install/local_setup.bash'
[3.104s] INFO:colcon.colcon_core.shell:Creating prefix chain script '/home/wujiashu0421/Roarm_ROS/install/setup.bash'
[3.120s] INFO:colcon.colcon_core.shell:Creating prefix script '/home/wujiashu0421/Roarm_ROS/install/local_setup.zsh'
[3.121s] INFO:colcon.colcon_core.shell:Creating prefix chain script '/home/wujiashu0421/Roarm_ROS/install/setup.zsh'
