[0.907s] Invoking command in '/home/wujiashu0421/Roarm_ROS/src/arm_Controller': PYTHONPATH=/home/wujiashu0421/Roarm_ROS/build/Arm_Controller/prefix_override:/home/wujiashu0421/Roarm_ROS/install/Arm_Controller/lib/python3.10/site-packages:${PYTHONPATH} /usr/bin/python3 setup.py egg_info --egg-base ../../build/Arm_Controller build --build-base /home/wujiashu0421/Roarm_ROS/build/Arm_Controller/build install --record /home/wujiashu0421/Roarm_ROS/build/Arm_Controller/install.log --single-version-externally-managed
[1.077s] running egg_info
[1.078s] writing ../../build/Arm_Controller/Arm_Controller.egg-info/PKG-INFO
[1.078s] writing dependency_links to ../../build/Arm_Controller/Arm_Controller.egg-info/dependency_links.txt
[1.078s] writing entry points to ../../build/Arm_Controller/Arm_Controller.egg-info/entry_points.txt
[1.078s] writing requirements to ../../build/Arm_Controller/Arm_Controller.egg-info/requires.txt
[1.078s] writing top-level names to ../../build/Arm_Controller/Arm_Controller.egg-info/top_level.txt
[1.080s] reading manifest file '../../build/Arm_Controller/Arm_Controller.egg-info/SOURCES.txt'
[1.081s] writing manifest file '../../build/Arm_Controller/Arm_Controller.egg-info/SOURCES.txt'
[1.081s] running build
[1.081s] running build_py
[1.081s] running install
[1.081s] /usr/lib/python3/dist-packages/setuptools/command/install.py:34: SetuptoolsDeprecationWarning: setup.py install is deprecated. Use build and pip and other standards-based tools.
[1.082s]   warnings.warn(
[1.082s] running install_lib
[1.083s] running install_data
[1.083s] running install_egg_info
[1.084s] removing '/home/wujiashu0421/Roarm_ROS/install/Arm_Controller/lib/python3.10/site-packages/Arm_Controller-0.0.0-py3.10.egg-info' (and everything under it)
[1.084s] Copying ../../build/Arm_Controller/Arm_Controller.egg-info to /home/wujiashu0421/Roarm_ROS/install/Arm_Controller/lib/python3.10/site-packages/Arm_Controller-0.0.0-py3.10.egg-info
[1.085s] running install_scripts
[1.101s] Installing control_node script to /home/wujiashu0421/Roarm_ROS/install/Arm_Controller/lib/Arm_Controller
[1.101s] writing list of installed files to '/home/wujiashu0421/Roarm_ROS/build/Arm_Controller/install.log'
[1.120s] Invoked command in '/home/wujiashu0421/Roarm_ROS/src/arm_Controller' returned '0': PYTHONPATH=/home/wujiashu0421/Roarm_ROS/build/Arm_Controller/prefix_override:/home/wujiashu0421/Roarm_ROS/install/Arm_Controller/lib/python3.10/site-packages:${PYTHONPATH} /usr/bin/python3 setup.py egg_info --egg-base ../../build/Arm_Controller build --build-base /home/wujiashu0421/Roarm_ROS/build/Arm_Controller/build install --record /home/wujiashu0421/Roarm_ROS/build/Arm_Controller/install.log --single-version-externally-managed
