running develop
/usr/lib/python3/dist-packages/setuptools/command/easy_install.py:158: EasyInstallDeprecationWarning: easy_install command is deprecated. Use build and pip and other standards-based tools.
  warnings.warn(
/usr/lib/python3/dist-packages/setuptools/command/install.py:34: SetuptoolsDeprecationWarning: setup.py install is deprecated. Use build and pip and other standards-based tools.
  warnings.warn(
running egg_info
creating Arm_Controller.egg-info
writing Arm_Controller.egg-info/PKG-INFO
writing dependency_links to Arm_Controller.egg-info/dependency_links.txt
writing entry points to Arm_Controller.egg-info/entry_points.txt
writing requirements to Arm_Controller.egg-info/requires.txt
writing top-level names to Arm_Controller.egg-info/top_level.txt
writing manifest file 'Arm_Controller.egg-info/SOURCES.txt'
reading manifest file 'Arm_Controller.egg-info/SOURCES.txt'
writing manifest file 'Arm_Controller.egg-info/SOURCES.txt'
running build_ext
Creating /home/wujiashu0421/Roarm_ROS/install/arm_Controller/lib/python3.10/site-packages/Arm-Controller.egg-link (link to .)
Installing control_node script to /home/wujiashu0421/Roarm_ROS/install/arm_Controller/lib/Arm_Controller

Installed /home/wujiashu0421/Roarm_ROS/build/arm_Controller
running install_data
copying resource/Arm_Controller -> /home/wujiashu0421/Roarm_ROS/install/arm_Controller/share/ament_index/resource_index/packages
creating /home/wujiashu0421/Roarm_ROS/install/arm_Controller/share/Arm_Controller
copying package.xml -> /home/wujiashu0421/Roarm_ROS/install/arm_Controller/share/Arm_Controller
