[0.907s] Invoking command in '/home/wujiashu0421/Roarm_ROS/build/arm_Controller': PYTHONPATH=/home/wujiashu0421/Roarm_ROS/build/arm_Controller/prefix_override:/home/wujiashu0421/Roarm_ROS/install/arm_Controller/lib/python3.10/site-packages:${PYTHONPATH} /usr/bin/python3 setup.py develop --editable --build-directory /home/wujiashu0421/Roarm_ROS/build/arm_Controller/build --no-deps install_data
[1.094s] running develop
[1.095s] /usr/lib/python3/dist-packages/setuptools/command/easy_install.py:158: EasyInstallDeprecationWarning: easy_install command is deprecated. Use build and pip and other standards-based tools.
[1.095s]   warnings.warn(
[1.096s] /usr/lib/python3/dist-packages/setuptools/command/install.py:34: SetuptoolsDeprecationWarning: setup.py install is deprecated. Use build and pip and other standards-based tools.
[1.096s]   warnings.warn(
[1.214s] running egg_info
[1.214s] creating Arm_Controller.egg-info
[1.214s] writing Arm_Controller.egg-info/PKG-INFO
[1.214s] writing dependency_links to Arm_Controller.egg-info/dependency_links.txt
[1.215s] writing entry points to Arm_Controller.egg-info/entry_points.txt
[1.215s] writing requirements to Arm_Controller.egg-info/requires.txt
[1.215s] writing top-level names to Arm_Controller.egg-info/top_level.txt
[1.215s] writing manifest file 'Arm_Controller.egg-info/SOURCES.txt'
[1.216s] reading manifest file 'Arm_Controller.egg-info/SOURCES.txt'
[1.217s] writing manifest file 'Arm_Controller.egg-info/SOURCES.txt'
[1.218s] running build_ext
[1.218s] Creating /home/wujiashu0421/Roarm_ROS/install/arm_Controller/lib/python3.10/site-packages/Arm-Controller.egg-link (link to .)
[1.218s] Installing control_node script to /home/wujiashu0421/Roarm_ROS/install/arm_Controller/lib/Arm_Controller
[1.219s] 
[1.219s] Installed /home/wujiashu0421/Roarm_ROS/build/arm_Controller
[1.219s] running install_data
[1.219s] copying resource/Arm_Controller -> /home/wujiashu0421/Roarm_ROS/install/arm_Controller/share/ament_index/resource_index/packages
[1.219s] creating /home/wujiashu0421/Roarm_ROS/install/arm_Controller/share/Arm_Controller
[1.219s] copying package.xml -> /home/wujiashu0421/Roarm_ROS/install/arm_Controller/share/Arm_Controller
[1.242s] Invoked command in '/home/wujiashu0421/Roarm_ROS/build/arm_Controller' returned '0': PYTHONPATH=/home/wujiashu0421/Roarm_ROS/build/arm_Controller/prefix_override:/home/wujiashu0421/Roarm_ROS/install/arm_Controller/lib/python3.10/site-packages:${PYTHONPATH} /usr/bin/python3 setup.py develop --editable --build-directory /home/wujiashu0421/Roarm_ROS/build/arm_Controller/build --no-deps install_data
