-- Found ament_cmake: 1.3.6 (/opt/ros/humble/share/ament_cmake/cmake)
-- Override CMake install command with custom implementation using symlinks instead of copying resources
-- Found ament_lint_auto: 0.12.9 (/opt/ros/humble/share/ament_lint_auto/cmake)
-- Added test 'flake8' to check Python code syntax and style conventions
-- Added test 'lint_cmake' to check CMake code style
-- Added test 'pep257' to check Python code against some of the docstring style conventions in PEP 257
-- Added test 'xmllint' to check XML markup files
-- Configuring done
-- Generating done
-- Build files have been written to: /home/wujiashu0421/Roarm_ROS/build/roarm
-- Install configuration: ""
-- Execute custom install script
-- Symlinking: /home/wujiashu0421/Roarm_ROS/install/roarm/share/roarm/launch/roarm.launch.py
-- Symlinking: /home/wujiashu0421/Roarm_ROS/install/roarm/share/roarm/meshes/L1.stl
-- Symlinking: /home/wujiashu0421/Roarm_ROS/install/roarm/share/roarm/meshes/L2.stl
-- Symlinking: /home/wujiashu0421/Roarm_ROS/install/roarm/share/roarm/meshes/L3.stl
-- Symlinking: /home/wujiashu0421/Roarm_ROS/install/roarm/share/roarm/meshes/L4.stl
-- Symlinking: /home/wujiashu0421/Roarm_ROS/install/roarm/share/roarm/meshes/base.stl
-- Symlinking: /home/wujiashu0421/Roarm_ROS/install/roarm/share/roarm/rviz/rviz_basic_settings.rviz
-- Symlinking: /home/wujiashu0421/Roarm_ROS/install/roarm/share/roarm/urdf/roarm.urdf
-- Symlinking: /home/wujiashu0421/Roarm_ROS/install/roarm/share/ament_index/resource_index/package_run_dependencies/roarm
-- Symlinking: /home/wujiashu0421/Roarm_ROS/install/roarm/share/ament_index/resource_index/parent_prefix_path/roarm
-- Symlinking: /home/wujiashu0421/Roarm_ROS/install/roarm/share/roarm/environment/ament_prefix_path.sh
-- Symlinking: /home/wujiashu0421/Roarm_ROS/install/roarm/share/roarm/environment/ament_prefix_path.dsv
-- Symlinking: /home/wujiashu0421/Roarm_ROS/install/roarm/share/roarm/environment/path.sh
-- Symlinking: /home/wujiashu0421/Roarm_ROS/install/roarm/share/roarm/environment/path.dsv
-- Symlinking: /home/wujiashu0421/Roarm_ROS/install/roarm/share/roarm/local_setup.bash
-- Symlinking: /home/wujiashu0421/Roarm_ROS/install/roarm/share/roarm/local_setup.sh
-- Symlinking: /home/wujiashu0421/Roarm_ROS/install/roarm/share/roarm/local_setup.zsh
-- Symlinking: /home/wujiashu0421/Roarm_ROS/install/roarm/share/roarm/local_setup.dsv
-- Symlinking: /home/wujiashu0421/Roarm_ROS/install/roarm/share/roarm/package.dsv
-- Symlinking: /home/wujiashu0421/Roarm_ROS/install/roarm/share/ament_index/resource_index/packages/roarm
-- Symlinking: /home/wujiashu0421/Roarm_ROS/install/roarm/share/roarm/cmake/roarmConfig.cmake
-- Symlinking: /home/wujiashu0421/Roarm_ROS/install/roarm/share/roarm/cmake/roarmConfig-version.cmake
-- Symlinking: /home/wujiashu0421/Roarm_ROS/install/roarm/share/roarm/package.xml
