[0.352s] Invoking command in '/home/wujiashu0421/Roarm_ROS/build/roarm': CMAKE_PREFIX_PATH=${CMAKE_PREFIX_PATH}:/home/wujiashu0421/Roarm_ROS/install/serial_ctrl:/home/wujiashu0421/Roarm_ROS/install/Arm_Controller:/opt/ros/humble /usr/bin/cmake /home/wujiashu0421/Roarm_ROS/src/roarm_ws_em0/src/roarm -DAMENT_CMAKE_SYMLINK_INSTALL=1 -DCMAKE_INSTALL_PREFIX=/home/wujiashu0421/Roarm_ROS/install/roarm
[0.366s] -- Found ament_cmake: 1.3.6 (/opt/ros/humble/share/ament_cmake/cmake)
[0.483s] -- Override CMake install command with custom implementation using symlinks instead of copying resources
[0.505s] -- Found ament_lint_auto: 0.12.9 (/opt/ros/humble/share/ament_lint_auto/cmake)
[0.572s] -- Added test 'flake8' to check Python code syntax and style conventions
[0.574s] -- Added test 'lint_cmake' to check CMake code style
[0.575s] -- Added test 'pep257' to check Python code against some of the docstring style conventions in PEP 257
[0.577s] -- Added test 'xmllint' to check XML markup files
[0.578s] -- Configuring done
[0.584s] -- Generating done
[0.584s] -- Build files have been written to: /home/wujiashu0421/Roarm_ROS/build/roarm
[0.616s] Invoked command in '/home/wujiashu0421/Roarm_ROS/build/roarm' returned '0': CMAKE_PREFIX_PATH=${CMAKE_PREFIX_PATH}:/home/wujiashu0421/Roarm_ROS/install/serial_ctrl:/home/wujiashu0421/Roarm_ROS/install/Arm_Controller:/opt/ros/humble /usr/bin/cmake /home/wujiashu0421/Roarm_ROS/src/roarm_ws_em0/src/roarm -DAMENT_CMAKE_SYMLINK_INSTALL=1 -DCMAKE_INSTALL_PREFIX=/home/wujiashu0421/Roarm_ROS/install/roarm
[0.619s] Invoking command in '/home/wujiashu0421/Roarm_ROS/build/roarm': CMAKE_PREFIX_PATH=${CMAKE_PREFIX_PATH}:/home/wujiashu0421/Roarm_ROS/install/serial_ctrl:/home/wujiashu0421/Roarm_ROS/install/Arm_Controller:/opt/ros/humble /usr/bin/cmake --build /home/wujiashu0421/Roarm_ROS/build/roarm -- -j8 -l8
[0.642s] Invoked command in '/home/wujiashu0421/Roarm_ROS/build/roarm' returned '0': CMAKE_PREFIX_PATH=${CMAKE_PREFIX_PATH}:/home/wujiashu0421/Roarm_ROS/install/serial_ctrl:/home/wujiashu0421/Roarm_ROS/install/Arm_Controller:/opt/ros/humble /usr/bin/cmake --build /home/wujiashu0421/Roarm_ROS/build/roarm -- -j8 -l8
[0.662s] Invoking command in '/home/wujiashu0421/Roarm_ROS/build/roarm': CMAKE_PREFIX_PATH=${CMAKE_PREFIX_PATH}:/home/wujiashu0421/Roarm_ROS/install/serial_ctrl:/home/wujiashu0421/Roarm_ROS/install/Arm_Controller:/opt/ros/humble /usr/bin/cmake --install /home/wujiashu0421/Roarm_ROS/build/roarm
[0.666s] -- Install configuration: ""
[0.667s] -- Execute custom install script
[0.667s] -- Symlinking: /home/wujiashu0421/Roarm_ROS/install/roarm/share/roarm/launch/roarm.launch.py
[0.673s] -- Symlinking: /home/wujiashu0421/Roarm_ROS/install/roarm/share/roarm/meshes/L1.stl
[0.678s] -- Symlinking: /home/wujiashu0421/Roarm_ROS/install/roarm/share/roarm/meshes/L2.stl
[0.684s] -- Symlinking: /home/wujiashu0421/Roarm_ROS/install/roarm/share/roarm/meshes/L3.stl
[0.689s] -- Symlinking: /home/wujiashu0421/Roarm_ROS/install/roarm/share/roarm/meshes/L4.stl
[0.695s] -- Symlinking: /home/wujiashu0421/Roarm_ROS/install/roarm/share/roarm/meshes/base.stl
[0.700s] -- Symlinking: /home/wujiashu0421/Roarm_ROS/install/roarm/share/roarm/rviz/rviz_basic_settings.rviz
[0.706s] -- Symlinking: /home/wujiashu0421/Roarm_ROS/install/roarm/share/roarm/urdf/roarm.urdf
[0.711s] -- Symlinking: /home/wujiashu0421/Roarm_ROS/install/roarm/share/ament_index/resource_index/package_run_dependencies/roarm
[0.717s] -- Symlinking: /home/wujiashu0421/Roarm_ROS/install/roarm/share/ament_index/resource_index/parent_prefix_path/roarm
[0.722s] -- Symlinking: /home/wujiashu0421/Roarm_ROS/install/roarm/share/roarm/environment/ament_prefix_path.sh
[0.728s] -- Symlinking: /home/wujiashu0421/Roarm_ROS/install/roarm/share/roarm/environment/ament_prefix_path.dsv
[0.734s] -- Symlinking: /home/wujiashu0421/Roarm_ROS/install/roarm/share/roarm/environment/path.sh
[0.739s] -- Symlinking: /home/wujiashu0421/Roarm_ROS/install/roarm/share/roarm/environment/path.dsv
[0.744s] -- Symlinking: /home/wujiashu0421/Roarm_ROS/install/roarm/share/roarm/local_setup.bash
[0.749s] -- Symlinking: /home/wujiashu0421/Roarm_ROS/install/roarm/share/roarm/local_setup.sh
[0.754s] -- Symlinking: /home/wujiashu0421/Roarm_ROS/install/roarm/share/roarm/local_setup.zsh
[0.760s] -- Symlinking: /home/wujiashu0421/Roarm_ROS/install/roarm/share/roarm/local_setup.dsv
[0.765s] -- Symlinking: /home/wujiashu0421/Roarm_ROS/install/roarm/share/roarm/package.dsv
[0.770s] -- Symlinking: /home/wujiashu0421/Roarm_ROS/install/roarm/share/ament_index/resource_index/packages/roarm
[0.775s] -- Symlinking: /home/wujiashu0421/Roarm_ROS/install/roarm/share/roarm/cmake/roarmConfig.cmake
[0.780s] -- Symlinking: /home/wujiashu0421/Roarm_ROS/install/roarm/share/roarm/cmake/roarmConfig-version.cmake
[0.786s] -- Symlinking: /home/wujiashu0421/Roarm_ROS/install/roarm/share/roarm/package.xml
[0.793s] Invoked command in '/home/wujiashu0421/Roarm_ROS/build/roarm' returned '0': CMAKE_PREFIX_PATH=${CMAKE_PREFIX_PATH}:/home/wujiashu0421/Roarm_ROS/install/serial_ctrl:/home/wujiashu0421/Roarm_ROS/install/Arm_Controller:/opt/ros/humble /usr/bin/cmake --install /home/wujiashu0421/Roarm_ROS/build/roarm
