[0.656s] Invoking command in '/home/wujiashu0421/Roarm_ROS/build/roarm': CMAKE_PREFIX_PATH=${CMAKE_PREFIX_PATH}:/home/wujiashu0421/Roarm_ROS/install/serial_ctrl:/home/wujiashu0421/Roarm_ROS/install/arm_controller:/opt/ros/humble /usr/bin/cmake --build /home/wujiashu0421/Roarm_ROS/build/roarm -- -j8 -l8
[0.916s] Invoked command in '/home/wujiashu0421/Roarm_ROS/build/roarm' returned '0': CMAKE_PREFIX_PATH=${CMAKE_PREFIX_PATH}:/home/wujiashu0421/Roarm_ROS/install/serial_ctrl:/home/wujiashu0421/Roarm_ROS/install/arm_controller:/opt/ros/humble /usr/bin/cmake --build /home/wujiashu0421/Roarm_ROS/build/roarm -- -j8 -l8
[0.937s] Invoking command in '/home/wujiashu0421/Roarm_ROS/build/roarm': CMAKE_PREFIX_PATH=${CMAKE_PREFIX_PATH}:/home/wujiashu0421/Roarm_ROS/install/serial_ctrl:/home/wujiashu0421/Roarm_ROS/install/arm_controller:/opt/ros/humble /usr/bin/cmake --install /home/wujiashu0421/Roarm_ROS/build/roarm
[0.941s] -- Install configuration: ""
[0.942s] -- Execute custom install script
[0.942s] -- Up-to-date symlink: /home/wujiashu0421/Roarm_ROS/install/roarm/share/roarm/launch/roarm.launch.py
[0.942s] -- Up-to-date symlink: /home/wujiashu0421/Roarm_ROS/install/roarm/share/roarm/meshes/L1.stl
[0.943s] -- Up-to-date symlink: /home/wujiashu0421/Roarm_ROS/install/roarm/share/roarm/meshes/L2.stl
[0.943s] -- Up-to-date symlink: /home/wujiashu0421/Roarm_ROS/install/roarm/share/roarm/meshes/L3.stl
[0.943s] -- Up-to-date symlink: /home/wujiashu0421/Roarm_ROS/install/roarm/share/roarm/meshes/L4.stl
[0.943s] -- Up-to-date symlink: /home/wujiashu0421/Roarm_ROS/install/roarm/share/roarm/meshes/base.stl
[0.943s] -- Up-to-date symlink: /home/wujiashu0421/Roarm_ROS/install/roarm/share/roarm/rviz/rviz_basic_settings.rviz
[0.943s] -- Up-to-date symlink: /home/wujiashu0421/Roarm_ROS/install/roarm/share/roarm/urdf/roarm.urdf
[0.943s] -- Up-to-date symlink: /home/wujiashu0421/Roarm_ROS/install/roarm/share/ament_index/resource_index/package_run_dependencies/roarm
[0.944s] -- Up-to-date symlink: /home/wujiashu0421/Roarm_ROS/install/roarm/share/ament_index/resource_index/parent_prefix_path/roarm
[0.944s] -- Up-to-date symlink: /home/wujiashu0421/Roarm_ROS/install/roarm/share/roarm/environment/ament_prefix_path.sh
[0.944s] -- Up-to-date symlink: /home/wujiashu0421/Roarm_ROS/install/roarm/share/roarm/environment/ament_prefix_path.dsv
[0.944s] -- Up-to-date symlink: /home/wujiashu0421/Roarm_ROS/install/roarm/share/roarm/environment/path.sh
[0.944s] -- Up-to-date symlink: /home/wujiashu0421/Roarm_ROS/install/roarm/share/roarm/environment/path.dsv
[0.944s] -- Up-to-date symlink: /home/wujiashu0421/Roarm_ROS/install/roarm/share/roarm/local_setup.bash
[0.945s] -- Up-to-date symlink: /home/wujiashu0421/Roarm_ROS/install/roarm/share/roarm/local_setup.sh
[0.945s] -- Up-to-date symlink: /home/wujiashu0421/Roarm_ROS/install/roarm/share/roarm/local_setup.zsh
[0.945s] -- Up-to-date symlink: /home/wujiashu0421/Roarm_ROS/install/roarm/share/roarm/local_setup.dsv
[0.945s] -- Symlinking: /home/wujiashu0421/Roarm_ROS/install/roarm/share/roarm/package.dsv
[0.951s] -- Up-to-date symlink: /home/wujiashu0421/Roarm_ROS/install/roarm/share/ament_index/resource_index/packages/roarm
[0.952s] -- Up-to-date symlink: /home/wujiashu0421/Roarm_ROS/install/roarm/share/roarm/cmake/roarmConfig.cmake
[0.952s] -- Up-to-date symlink: /home/wujiashu0421/Roarm_ROS/install/roarm/share/roarm/cmake/roarmConfig-version.cmake
[0.952s] -- Up-to-date symlink: /home/wujiashu0421/Roarm_ROS/install/roarm/share/roarm/package.xml
[0.954s] Invoked command in '/home/wujiashu0421/Roarm_ROS/build/roarm' returned '0': CMAKE_PREFIX_PATH=${CMAKE_PREFIX_PATH}:/home/wujiashu0421/Roarm_ROS/install/serial_ctrl:/home/wujiashu0421/Roarm_ROS/install/arm_controller:/opt/ros/humble /usr/bin/cmake --install /home/wujiashu0421/Roarm_ROS/build/roarm
