[0.949s] Invoking command in '/home/wujiashu0421/Roarm_ROS/build/Arm_Controller': PYTHONPATH=/home/wujiashu0421/Roarm_ROS/build/Arm_Controller/prefix_override:/home/wujiashu0421/Roarm_ROS/install/Arm_Controller/lib/python3.10/site-packages:${PYTHONPATH} /usr/bin/python3 setup.py develop --uninstall --editable --build-directory /home/wujiashu0421/Roarm_ROS/build/Arm_Controller/build
[1.138s] running develop
[1.139s] /usr/lib/python3/dist-packages/setuptools/command/easy_install.py:158: EasyInstallDeprecationWarning: easy_install command is deprecated. Use build and pip and other standards-based tools.
[1.139s]   warnings.warn(
[1.140s] /usr/lib/python3/dist-packages/setuptools/command/install.py:34: SetuptoolsDeprecationWarning: setup.py install is deprecated. Use build and pip and other standards-based tools.
[1.140s]   warnings.warn(
[1.262s] Removing /home/wujiashu0421/Roarm_ROS/install/Arm_Controller/lib/python3.10/site-packages/Arm-Controller.egg-link (link to .)
[1.297s] Invoked command in '/home/wujiashu0421/Roarm_ROS/build/Arm_Controller' returned '0': PYTHONPATH=/home/wujiashu0421/Roarm_ROS/build/Arm_Controller/prefix_override:/home/wujiashu0421/Roarm_ROS/install/Arm_Controller/lib/python3.10/site-packages:${PYTHONPATH} /usr/bin/python3 setup.py develop --uninstall --editable --build-directory /home/wujiashu0421/Roarm_ROS/build/Arm_Controller/build
[1.297s] Invoking command in '/home/wujiashu0421/Roarm_ROS/src/Arm_Controller': PYTHONPATH=/home/wujiashu0421/Roarm_ROS/build/Arm_Controller/prefix_override:/home/wujiashu0421/Roarm_ROS/install/Arm_Controller/lib/python3.10/site-packages:${PYTHONPATH} /usr/bin/python3 setup.py egg_info --egg-base ../../build/Arm_Controller build --build-base /home/wujiashu0421/Roarm_ROS/build/Arm_Controller/build install --record /home/wujiashu0421/Roarm_ROS/build/Arm_Controller/install.log --single-version-externally-managed
[1.472s] running egg_info
[1.473s] writing ../../build/Arm_Controller/Arm_Controller.egg-info/PKG-INFO
[1.473s] writing dependency_links to ../../build/Arm_Controller/Arm_Controller.egg-info/dependency_links.txt
[1.473s] writing entry points to ../../build/Arm_Controller/Arm_Controller.egg-info/entry_points.txt
[1.473s] writing requirements to ../../build/Arm_Controller/Arm_Controller.egg-info/requires.txt
[1.473s] writing top-level names to ../../build/Arm_Controller/Arm_Controller.egg-info/top_level.txt
[1.475s] reading manifest file '../../build/Arm_Controller/Arm_Controller.egg-info/SOURCES.txt'
[1.476s] writing manifest file '../../build/Arm_Controller/Arm_Controller.egg-info/SOURCES.txt'
[1.476s] running build
[1.476s] running build_py
[1.476s] running install
[1.476s] /usr/lib/python3/dist-packages/setuptools/command/install.py:34: SetuptoolsDeprecationWarning: setup.py install is deprecated. Use build and pip and other standards-based tools.
[1.476s]   warnings.warn(
[1.476s] running install_lib
[1.477s] creating /home/wujiashu0421/Roarm_ROS/install/Arm_Controller/lib/python3.10/site-packages/Arm_Controller
[1.477s] copying /home/wujiashu0421/Roarm_ROS/build/Arm_Controller/build/lib/Arm_Controller/controller_node.py -> /home/wujiashu0421/Roarm_ROS/install/Arm_Controller/lib/python3.10/site-packages/Arm_Controller
[1.477s] copying /home/wujiashu0421/Roarm_ROS/build/Arm_Controller/build/lib/Arm_Controller/__init__.py -> /home/wujiashu0421/Roarm_ROS/install/Arm_Controller/lib/python3.10/site-packages/Arm_Controller
[1.478s] byte-compiling /home/wujiashu0421/Roarm_ROS/install/Arm_Controller/lib/python3.10/site-packages/Arm_Controller/controller_node.py to controller_node.cpython-310.pyc
[1.478s] byte-compiling /home/wujiashu0421/Roarm_ROS/install/Arm_Controller/lib/python3.10/site-packages/Arm_Controller/__init__.py to __init__.cpython-310.pyc
[1.479s] running install_data
[1.479s] running install_egg_info
[1.480s] Copying ../../build/Arm_Controller/Arm_Controller.egg-info to /home/wujiashu0421/Roarm_ROS/install/Arm_Controller/lib/python3.10/site-packages/Arm_Controller-0.0.0-py3.10.egg-info
[1.481s] running install_scripts
[1.498s] Installing control_node script to /home/wujiashu0421/Roarm_ROS/install/Arm_Controller/lib/Arm_Controller
[1.498s] writing list of installed files to '/home/wujiashu0421/Roarm_ROS/build/Arm_Controller/install.log'
[1.520s] Invoked command in '/home/wujiashu0421/Roarm_ROS/src/Arm_Controller' returned '0': PYTHONPATH=/home/wujiashu0421/Roarm_ROS/build/Arm_Controller/prefix_override:/home/wujiashu0421/Roarm_ROS/install/Arm_Controller/lib/python3.10/site-packages:${PYTHONPATH} /usr/bin/python3 setup.py egg_info --egg-base ../../build/Arm_Controller build --build-base /home/wujiashu0421/Roarm_ROS/build/Arm_Controller/build install --record /home/wujiashu0421/Roarm_ROS/build/Arm_Controller/install.log --single-version-externally-managed
